{"C:\\Users\\2654508\\Documents\\delete\\Constitutional-Archive-Data-Management-and-Search-Interface\\Frontend\\src\\AdminDashboard.js": {"path":"C:\\Users\\2654508\\Documents\\delete\\Constitutional-Archive-Data-Management-and-Search-Interface\\Frontend\\src\\AdminDashboard.js","statementMap":{"0":{"start":{"line":19,"column":23},"end":{"line":25,"column":1}},"1":{"start":{"line":20,"column":2},"end":{"line":20,"column":36}},"2":{"start":{"line":20,"column":19},"end":{"line":20,"column":36}},"3":{"start":{"line":21,"column":12},"end":{"line":21,"column":16}},"4":{"start":{"line":22,"column":16},"end":{"line":22,"column":43}},"5":{"start":{"line":23,"column":12},"end":{"line":23,"column":53}},"6":{"start":{"line":24,"column":2},"end":{"line":24,"column":74}},"7":{"start":{"line":27,"column":23},"end":{"line":316,"column":1}},"8":{"start":{"line":28,"column":19},"end":{"line":28,"column":32}},"9":{"start":{"line":29,"column":48},"end":{"line":29,"column":63}},"10":{"start":{"line":30,"column":40},"end":{"line":30,"column":52}},"11":{"start":{"line":31,"column":44},"end":{"line":31,"column":56}},"12":{"start":{"line":32,"column":50},"end":{"line":32,"column":64}},"13":{"start":{"line":33,"column":38},"end":{"line":33,"column":53}},"14":{"start":{"line":35,"column":23},"end":{"line":38,"column":3}},"15":{"start":{"line":36,"column":4},"end":{"line":36,"column":41}},"16":{"start":{"line":37,"column":4},"end":{"line":37,"column":18}},"17":{"start":{"line":40,"column":16},"end":{"line":44,"column":3}},"18":{"start":{"line":46,"column":23},"end":{"line":72,"column":3}},"19":{"start":{"line":47,"column":4},"end":{"line":71,"column":5}},"20":{"start":{"line":48,"column":23},"end":{"line":54,"column":8}},"21":{"start":{"line":56,"column":21},"end":{"line":56,"column":42}},"22":{"start":{"line":57,"column":6},"end":{"line":57,"column":44}},"23":{"start":{"line":59,"column":6},"end":{"line":61,"column":7}},"24":{"start":{"line":60,"column":8},"end":{"line":60,"column":59}},"25":{"start":{"line":64,"column":6},"end":{"line":64,"column":33}},"26":{"start":{"line":65,"column":6},"end":{"line":65,"column":32}},"27":{"start":{"line":66,"column":6},"end":{"line":66,"column":55}},"28":{"start":{"line":69,"column":6},"end":{"line":69,"column":44}},"29":{"start":{"line":70,"column":6},"end":{"line":70,"column":64}},"30":{"start":{"line":74,"column":27},"end":{"line":78,"column":3}},"31":{"start":{"line":75,"column":21},"end":{"line":75,"column":64}},"32":{"start":{"line":76,"column":17},"end":{"line":76,"column":38}},"33":{"start":{"line":77,"column":4},"end":{"line":77,"column":25}},"34":{"start":{"line":80,"column":29},"end":{"line":101,"column":3}},"35":{"start":{"line":81,"column":4},"end":{"line":100,"column":5}},"36":{"start":{"line":82,"column":23},"end":{"line":89,"column":7}},"37":{"start":{"line":91,"column":19},"end":{"line":91,"column":40}},"38":{"start":{"line":92,"column":6},"end":{"line":92,"column":43}},"39":{"start":{"line":94,"column":6},"end":{"line":94,"column":83}},"40":{"start":{"line":94,"column":24},"end":{"line":94,"column":83}},"41":{"start":{"line":96,"column":6},"end":{"line":96,"column":29}},"42":{"start":{"line":98,"column":6},"end":{"line":98,"column":43}},"43":{"start":{"line":99,"column":6},"end":{"line":99,"column":53}},"44":{"start":{"line":103,"column":31},"end":{"line":136,"column":3}},"45":{"start":{"line":104,"column":4},"end":{"line":104,"column":34}},"46":{"start":{"line":104,"column":27},"end":{"line":104,"column":34}},"47":{"start":{"line":106,"column":4},"end":{"line":106,"column":24}},"48":{"start":{"line":107,"column":4},"end":{"line":135,"column":5}},"49":{"start":{"line":108,"column":23},"end":{"line":117,"column":7}},"50":{"start":{"line":119,"column":21},"end":{"line":119,"column":42}},"51":{"start":{"line":120,"column":6},"end":{"line":120,"column":46}},"52":{"start":{"line":122,"column":6},"end":{"line":122,"column":75}},"53":{"start":{"line":122,"column":24},"end":{"line":122,"column":75}},"54":{"start":{"line":125,"column":6},"end":{"line":125,"column":81}},"55":{"start":{"line":125,"column":31},"end":{"line":125,"column":79}},"56":{"start":{"line":125,"column":50},"end":{"line":125,"column":78}},"57":{"start":{"line":126,"column":6},"end":{"line":126,"column":53}},"58":{"start":{"line":128,"column":6},"end":{"line":128,"column":44}},"59":{"start":{"line":129,"column":6},"end":{"line":129,"column":64}},"60":{"start":{"line":131,"column":6},"end":{"line":131,"column":33}},"61":{"start":{"line":133,"column":6},"end":{"line":133,"column":27}},"62":{"start":{"line":134,"column":6},"end":{"line":134,"column":32}},"63":{"start":{"line":138,"column":2},"end":{"line":141,"column":9}},"64":{"start":{"line":139,"column":4},"end":{"line":139,"column":23}},"65":{"start":{"line":140,"column":4},"end":{"line":140,"column":25}},"66":{"start":{"line":143,"column":2},"end":{"line":315,"column":4}},"67":{"start":{"line":159,"column":29},"end":{"line":159,"column":53}},"68":{"start":{"line":210,"column":12},"end":{"line":214,"column":22}},"69":{"start":{"line":222,"column":29},"end":{"line":222,"column":53}},"70":{"start":{"line":242,"column":16},"end":{"line":256,"column":21}},"71":{"start":{"line":249,"column":37},"end":{"line":249,"column":68}},"72":{"start":{"line":300,"column":19},"end":{"line":300,"column":44}},"73":{"start":{"line":307,"column":23},"end":{"line":307,"column":48}}},"fnMap":{"0":{"name":"(anonymous_0)","decl":{"start":{"line":19,"column":23},"end":{"line":19,"column":24}},"loc":{"start":{"line":19,"column":34},"end":{"line":25,"column":1}},"line":19},"1":{"name":"(anonymous_1)","decl":{"start":{"line":27,"column":23},"end":{"line":27,"column":24}},"loc":{"start":{"line":27,"column":29},"end":{"line":316,"column":1}},"line":27},"2":{"name":"(anonymous_2)","decl":{"start":{"line":35,"column":23},"end":{"line":35,"column":24}},"loc":{"start":{"line":35,"column":29},"end":{"line":38,"column":3}},"line":35},"3":{"name":"(anonymous_3)","decl":{"start":{"line":46,"column":23},"end":{"line":46,"column":24}},"loc":{"start":{"line":46,"column":43},"end":{"line":72,"column":3}},"line":46},"4":{"name":"(anonymous_4)","decl":{"start":{"line":74,"column":27},"end":{"line":74,"column":28}},"loc":{"start":{"line":74,"column":39},"end":{"line":78,"column":3}},"line":74},"5":{"name":"(anonymous_5)","decl":{"start":{"line":80,"column":29},"end":{"line":80,"column":30}},"loc":{"start":{"line":80,"column":41},"end":{"line":101,"column":3}},"line":80},"6":{"name":"(anonymous_6)","decl":{"start":{"line":103,"column":31},"end":{"line":103,"column":32}},"loc":{"start":{"line":103,"column":43},"end":{"line":136,"column":3}},"line":103},"7":{"name":"(anonymous_7)","decl":{"start":{"line":125,"column":23},"end":{"line":125,"column":24}},"loc":{"start":{"line":125,"column":31},"end":{"line":125,"column":79}},"line":125},"8":{"name":"(anonymous_8)","decl":{"start":{"line":125,"column":43},"end":{"line":125,"column":44}},"loc":{"start":{"line":125,"column":50},"end":{"line":125,"column":78}},"line":125},"9":{"name":"(anonymous_9)","decl":{"start":{"line":138,"column":12},"end":{"line":138,"column":13}},"loc":{"start":{"line":138,"column":18},"end":{"line":141,"column":3}},"line":138},"10":{"name":"(anonymous_10)","decl":{"start":{"line":159,"column":23},"end":{"line":159,"column":24}},"loc":{"start":{"line":159,"column":29},"end":{"line":159,"column":53}},"line":159},"11":{"name":"(anonymous_11)","decl":{"start":{"line":209,"column":21},"end":{"line":209,"column":22}},"loc":{"start":{"line":210,"column":12},"end":{"line":214,"column":22}},"line":210},"12":{"name":"(anonymous_12)","decl":{"start":{"line":222,"column":23},"end":{"line":222,"column":24}},"loc":{"start":{"line":222,"column":29},"end":{"line":222,"column":53}},"line":222},"13":{"name":"(anonymous_13)","decl":{"start":{"line":241,"column":33},"end":{"line":241,"column":34}},"loc":{"start":{"line":242,"column":16},"end":{"line":256,"column":21}},"line":242},"14":{"name":"(anonymous_14)","decl":{"start":{"line":249,"column":31},"end":{"line":249,"column":32}},"loc":{"start":{"line":249,"column":37},"end":{"line":249,"column":68}},"line":249},"15":{"name":"(anonymous_15)","decl":{"start":{"line":300,"column":13},"end":{"line":300,"column":14}},"loc":{"start":{"line":300,"column":19},"end":{"line":300,"column":44}},"line":300},"16":{"name":"(anonymous_16)","decl":{"start":{"line":307,"column":17},"end":{"line":307,"column":18}},"loc":{"start":{"line":307,"column":23},"end":{"line":307,"column":48}},"line":307}},"branchMap":{"0":{"loc":{"start":{"line":20,"column":2},"end":{"line":20,"column":36}},"type":"if","locations":[{"start":{"line":20,"column":2},"end":{"line":20,"column":36}},{"start":{},"end":{}}],"line":20},"1":{"loc":{"start":{"line":59,"column":6},"end":{"line":61,"column":7}},"type":"if","locations":[{"start":{"line":59,"column":6},"end":{"line":61,"column":7}},{"start":{},"end":{}}],"line":59},"2":{"loc":{"start":{"line":60,"column":24},"end":{"line":60,"column":57}},"type":"binary-expr","locations":[{"start":{"line":60,"column":24},"end":{"line":60,"column":38}},{"start":{"line":60,"column":42},"end":{"line":60,"column":57}}],"line":60},"3":{"loc":{"start":{"line":70,"column":18},"end":{"line":70,"column":62}},"type":"binary-expr","locations":[{"start":{"line":70,"column":18},"end":{"line":70,"column":31}},{"start":{"line":70,"column":35},"end":{"line":70,"column":62}}],"line":70},"4":{"loc":{"start":{"line":94,"column":6},"end":{"line":94,"column":83}},"type":"if","locations":[{"start":{"line":94,"column":6},"end":{"line":94,"column":83}},{"start":{},"end":{}}],"line":94},"5":{"loc":{"start":{"line":94,"column":40},"end":{"line":94,"column":81}},"type":"binary-expr","locations":[{"start":{"line":94,"column":40},"end":{"line":94,"column":52}},{"start":{"line":94,"column":56},"end":{"line":94,"column":81}}],"line":94},"6":{"loc":{"start":{"line":104,"column":4},"end":{"line":104,"column":34}},"type":"if","locations":[{"start":{"line":104,"column":4},"end":{"line":104,"column":34}},{"start":{},"end":{}}],"line":104},"7":{"loc":{"start":{"line":122,"column":6},"end":{"line":122,"column":75}},"type":"if","locations":[{"start":{"line":122,"column":6},"end":{"line":122,"column":75}},{"start":{},"end":{}}],"line":122},"8":{"loc":{"start":{"line":122,"column":40},"end":{"line":122,"column":73}},"type":"binary-expr","locations":[{"start":{"line":122,"column":40},"end":{"line":122,"column":54}},{"start":{"line":122,"column":58},"end":{"line":122,"column":73}}],"line":122},"9":{"loc":{"start":{"line":129,"column":18},"end":{"line":129,"column":62}},"type":"binary-expr","locations":[{"start":{"line":129,"column":18},"end":{"line":129,"column":31}},{"start":{"line":129,"column":35},"end":{"line":129,"column":62}}],"line":129},"10":{"loc":{"start":{"line":297,"column":7},"end":{"line":303,"column":1}},"type":"binary-expr","locations":[{"start":{"line":297,"column":7},"end":{"line":297,"column":22}},{"start":{"line":298,"column":2},"end":{"line":302,"column":4}}],"line":297}},"s":{"0":1,"1":0,"2":0,"3":0,"4":0,"5":0,"6":0,"7":1,"8":0,"9":0,"10":0,"11":0,"12":0,"13":0,"14":0,"15":0,"16":0,"17":0,"18":0,"19":0,"20":0,"21":0,"22":0,"23":0,"24":0,"25":0,"26":0,"27":0,"28":0,"29":0,"30":0,"31":0,"32":0,"33":0,"34":0,"35":0,"36":0,"37":0,"38":0,"39":0,"40":0,"41":0,"42":0,"43":0,"44":0,"45":0,"46":0,"47":0,"48":0,"49":0,"50":0,"51":0,"52":0,"53":0,"54":0,"55":0,"56":0,"57":0,"58":0,"59":0,"60":0,"61":0,"62":0,"63":0,"64":0,"65":0,"66":0,"67":0,"68":0,"69":0,"70":0,"71":0,"72":0,"73":0},"f":{"0":0,"1":0,"2":0,"3":0,"4":0,"5":0,"6":0,"7":0,"8":0,"9":0,"10":0,"11":0,"12":0,"13":0,"14":0,"15":0,"16":0},"b":{"0":[0,0],"1":[0,0],"2":[0,0],"3":[0,0],"4":[0,0],"5":[0,0],"6":[0,0],"7":[0,0],"8":[0,0],"9":[0,0],"10":[0,0]},"_coverageSchema":"1a1c01bbd47fc00a2c39e90264f33305004495a9","hash":"deac5f790a6d622359a7d463ffeb91f3934e3cde"}
,"C:\\Users\\2654508\\Documents\\delete\\Constitutional-Archive-Data-Management-and-Search-Interface\\Frontend\\src\\AdminLogin.js": {"path":"C:\\Users\\2654508\\Documents\\delete\\Constitutional-Archive-Data-Management-and-Search-Interface\\Frontend\\src\\AdminLogin.js","statementMap":{"0":{"start":{"line":10,"column":28},"end":{"line":10,"column":40}},"1":{"start":{"line":11,"column":34},"end":{"line":11,"column":46}},"2":{"start":{"line":14,"column":42},"end":{"line":14,"column":57}},"3":{"start":{"line":17,"column":38},"end":{"line":17,"column":53}},"4":{"start":{"line":20,"column":36},"end":{"line":20,"column":51}},"5":{"start":{"line":23,"column":28},"end":{"line":23,"column":40}},"6":{"start":{"line":26,"column":19},"end":{"line":26,"column":32}},"7":{"start":{"line":29,"column":23},"end":{"line":85,"column":3}},"8":{"start":{"line":30,"column":4},"end":{"line":30,"column":23}},"9":{"start":{"line":31,"column":4},"end":{"line":31,"column":23}},"10":{"start":{"line":32,"column":4},"end":{"line":32,"column":17}},"11":{"start":{"line":34,"column":4},"end":{"line":84,"column":5}},"12":{"start":{"line":35,"column":23},"end":{"line":39,"column":8}},"13":{"start":{"line":42,"column":6},"end":{"line":64,"column":7}},"14":{"start":{"line":43,"column":27},"end":{"line":43,"column":73}},"15":{"start":{"line":46,"column":29},"end":{"line":46,"column":50}},"16":{"start":{"line":47,"column":8},"end":{"line":47,"column":51}},"17":{"start":{"line":50,"column":8},"end":{"line":61,"column":9}},"18":{"start":{"line":51,"column":10},"end":{"line":57,"column":11}},"19":{"start":{"line":52,"column":30},"end":{"line":52,"column":54}},"20":{"start":{"line":53,"column":12},"end":{"line":53,"column":59}},"21":{"start":{"line":56,"column":12},"end":{"line":56,"column":56}},"22":{"start":{"line":60,"column":10},"end":{"line":60,"column":54}},"23":{"start":{"line":63,"column":8},"end":{"line":63,"column":38}},"24":{"start":{"line":67,"column":27},"end":{"line":67,"column":48}},"25":{"start":{"line":68,"column":19},"end":{"line":68,"column":63}},"26":{"start":{"line":71,"column":6},"end":{"line":71,"column":52}},"27":{"start":{"line":72,"column":6},"end":{"line":72,"column":62}},"28":{"start":{"line":75,"column":6},"end":{"line":79,"column":7}},"29":{"start":{"line":76,"column":8},"end":{"line":76,"column":27}},"30":{"start":{"line":78,"column":8},"end":{"line":78,"column":60}},"31":{"start":{"line":81,"column":6},"end":{"line":81,"column":30}},"32":{"start":{"line":83,"column":6},"end":{"line":83,"column":26}},"33":{"start":{"line":88,"column":35},"end":{"line":90,"column":3}},"34":{"start":{"line":89,"column":4},"end":{"line":89,"column":35}},"35":{"start":{"line":92,"column":2},"end":{"line":261,"column":4}},"36":{"start":{"line":134,"column":37},"end":{"line":134,"column":61}},"37":{"start":{"line":153,"column":37},"end":{"line":153,"column":64}},"38":{"start":{"line":176,"column":37},"end":{"line":176,"column":68}},"39":{"start":{"line":190,"column":6},"end":{"line":208,"column":7}},"40":{"start":{"line":191,"column":25},"end":{"line":197,"column":10}},"41":{"start":{"line":198,"column":21},"end":{"line":198,"column":42}},"42":{"start":{"line":200,"column":8},"end":{"line":205,"column":9}},"43":{"start":{"line":201,"column":10},"end":{"line":201,"column":77}},"44":{"start":{"line":203,"column":10},"end":{"line":203,"column":56}},"45":{"start":{"line":204,"column":10},"end":{"line":204,"column":29}},"46":{"start":{"line":207,"column":8},"end":{"line":207,"column":32}},"47":{"start":{"line":211,"column":6},"end":{"line":211,"column":38}}},"fnMap":{"0":{"name":"AdminLogin","decl":{"start":{"line":8,"column":24},"end":{"line":8,"column":34}},"loc":{"start":{"line":8,"column":37},"end":{"line":262,"column":1}},"line":8},"1":{"name":"(anonymous_1)","decl":{"start":{"line":29,"column":23},"end":{"line":29,"column":24}},"loc":{"start":{"line":29,"column":36},"end":{"line":85,"column":3}},"line":29},"2":{"name":"(anonymous_2)","decl":{"start":{"line":88,"column":35},"end":{"line":88,"column":36}},"loc":{"start":{"line":88,"column":41},"end":{"line":90,"column":3}},"line":88},"3":{"name":"(anonymous_3)","decl":{"start":{"line":134,"column":30},"end":{"line":134,"column":31}},"loc":{"start":{"line":134,"column":37},"end":{"line":134,"column":61}},"line":134},"4":{"name":"(anonymous_4)","decl":{"start":{"line":153,"column":30},"end":{"line":153,"column":31}},"loc":{"start":{"line":153,"column":37},"end":{"line":153,"column":64}},"line":153},"5":{"name":"(anonymous_5)","decl":{"start":{"line":176,"column":30},"end":{"line":176,"column":31}},"loc":{"start":{"line":176,"column":37},"end":{"line":176,"column":68}},"line":176},"6":{"name":"(anonymous_6)","decl":{"start":{"line":189,"column":15},"end":{"line":189,"column":16}},"loc":{"start":{"line":189,"column":45},"end":{"line":209,"column":5}},"line":189},"7":{"name":"(anonymous_7)","decl":{"start":{"line":210,"column":13},"end":{"line":210,"column":14}},"loc":{"start":{"line":210,"column":19},"end":{"line":212,"column":5}},"line":210}},"branchMap":{"0":{"loc":{"start":{"line":42,"column":6},"end":{"line":64,"column":7}},"type":"if","locations":[{"start":{"line":42,"column":6},"end":{"line":64,"column":7}},{"start":{},"end":{}}],"line":42},"1":{"loc":{"start":{"line":50,"column":8},"end":{"line":61,"column":9}},"type":"if","locations":[{"start":{"line":50,"column":8},"end":{"line":61,"column":9}},{"start":{"line":58,"column":15},"end":{"line":61,"column":9}}],"line":50},"2":{"loc":{"start":{"line":50,"column":12},"end":{"line":50,"column":86}},"type":"binary-expr","locations":[{"start":{"line":50,"column":12},"end":{"line":50,"column":47}},{"start":{"line":50,"column":51},"end":{"line":50,"column":86}}],"line":50},"3":{"loc":{"start":{"line":53,"column":27},"end":{"line":53,"column":58}},"type":"binary-expr","locations":[{"start":{"line":53,"column":27},"end":{"line":53,"column":42}},{"start":{"line":53,"column":46},"end":{"line":53,"column":58}}],"line":53},"4":{"loc":{"start":{"line":56,"column":27},"end":{"line":56,"column":55}},"type":"binary-expr","locations":[{"start":{"line":56,"column":27},"end":{"line":56,"column":39}},{"start":{"line":56,"column":43},"end":{"line":56,"column":55}}],"line":56},"5":{"loc":{"start":{"line":60,"column":25},"end":{"line":60,"column":53}},"type":"binary-expr","locations":[{"start":{"line":60,"column":25},"end":{"line":60,"column":37}},{"start":{"line":60,"column":41},"end":{"line":60,"column":53}}],"line":60},"6":{"loc":{"start":{"line":68,"column":19},"end":{"line":68,"column":63}},"type":"cond-expr","locations":[{"start":{"line":68,"column":34},"end":{"line":68,"column":58}},{"start":{"line":68,"column":61},"end":{"line":68,"column":63}}],"line":68},"7":{"loc":{"start":{"line":75,"column":6},"end":{"line":79,"column":7}},"type":"if","locations":[{"start":{"line":75,"column":6},"end":{"line":79,"column":7}},{"start":{"line":77,"column":13},"end":{"line":79,"column":7}}],"line":75},"8":{"loc":{"start":{"line":113,"column":11},"end":{"line":117,"column":11}},"type":"binary-expr","locations":[{"start":{"line":113,"column":11},"end":{"line":113,"column":16}},{"start":{"line":114,"column":12},"end":{"line":116,"column":22}}],"line":113},"9":{"loc":{"start":{"line":151,"column":26},"end":{"line":151,"column":60}},"type":"cond-expr","locations":[{"start":{"line":151,"column":41},"end":{"line":151,"column":47}},{"start":{"line":151,"column":50},"end":{"line":151,"column":60}}],"line":151},"10":{"loc":{"start":{"line":163,"column":32},"end":{"line":163,"column":80}},"type":"cond-expr","locations":[{"start":{"line":163,"column":47},"end":{"line":163,"column":62}},{"start":{"line":163,"column":65},"end":{"line":163,"column":80}}],"line":163},"11":{"loc":{"start":{"line":165,"column":21},"end":{"line":165,"column":96}},"type":"cond-expr","locations":[{"start":{"line":165,"column":36},"end":{"line":165,"column":66}},{"start":{"line":165,"column":69},"end":{"line":165,"column":96}}],"line":165},"12":{"loc":{"start":{"line":200,"column":8},"end":{"line":205,"column":9}},"type":"if","locations":[{"start":{"line":200,"column":8},"end":{"line":205,"column":9}},{"start":{"line":202,"column":15},"end":{"line":205,"column":9}}],"line":200},"13":{"loc":{"start":{"line":222,"column":17},"end":{"line":237,"column":17}},"type":"cond-expr","locations":[{"start":{"line":224,"column":18},"end":{"line":230,"column":25}},{"start":{"line":233,"column":18},"end":{"line":236,"column":25}}],"line":222}},"s":{"0":0,"1":0,"2":0,"3":0,"4":0,"5":0,"6":0,"7":0,"8":0,"9":0,"10":0,"11":0,"12":0,"13":0,"14":0,"15":0,"16":0,"17":0,"18":0,"19":0,"20":0,"21":0,"22":0,"23":0,"24":0,"25":0,"26":0,"27":0,"28":0,"29":0,"30":0,"31":0,"32":0,"33":0,"34":0,"35":0,"36":0,"37":0,"38":0,"39":0,"40":0,"41":0,"42":0,"43":0,"44":0,"45":0,"46":0,"47":0},"f":{"0":0,"1":0,"2":0,"3":0,"4":0,"5":0,"6":0,"7":0},"b":{"0":[0,0],"1":[0,0],"2":[0,0],"3":[0,0],"4":[0,0],"5":[0,0],"6":[0,0],"7":[0,0],"8":[0,0],"9":[0,0],"10":[0,0],"11":[0,0],"12":[0,0],"13":[0,0]},"_coverageSchema":"1a1c01bbd47fc00a2c39e90264f33305004495a9","hash":"c634560014e37c61244d2af70268b3e70ffca05b"}
,"C:\\Users\\2654508\\Documents\\delete\\Constitutional-Archive-Data-Management-and-Search-Interface\\Frontend\\src\\AdminSignup.js": {"path":"C:\\Users\\2654508\\Documents\\delete\\Constitutional-Archive-Data-Management-and-Search-Interface\\Frontend\\src\\AdminSignup.js","statementMap":{"0":{"start":{"line":10,"column":34},"end":{"line":17,"column":4}},"1":{"start":{"line":20,"column":42},"end":{"line":20,"column":57}},"2":{"start":{"line":21,"column":56},"end":{"line":21,"column":71}},"3":{"start":{"line":24,"column":36},"end":{"line":24,"column":51}},"4":{"start":{"line":27,"column":30},"end":{"line":27,"column":42}},"5":{"start":{"line":30,"column":44},"end":{"line":30,"column":59}},"6":{"start":{"line":33,"column":19},"end":{"line":33,"column":32}},"7":{"start":{"line":36,"column":23},"end":{"line":42,"column":3}},"8":{"start":{"line":37,"column":28},"end":{"line":37,"column":36}},"9":{"start":{"line":38,"column":4},"end":{"line":38,"column":54}},"10":{"start":{"line":38,"column":25},"end":{"line":38,"column":51}},"11":{"start":{"line":41,"column":4},"end":{"line":41,"column":67}},"12":{"start":{"line":41,"column":22},"end":{"line":41,"column":67}},"13":{"start":{"line":41,"column":41},"end":{"line":41,"column":64}},"14":{"start":{"line":45,"column":23},"end":{"line":82,"column":3}},"15":{"start":{"line":46,"column":22},"end":{"line":46,"column":24}},"16":{"start":{"line":49,"column":4},"end":{"line":49,"column":83}},"17":{"start":{"line":49,"column":36},"end":{"line":49,"column":83}},"18":{"start":{"line":52,"column":4},"end":{"line":52,"column":80}},"19":{"start":{"line":52,"column":35},"end":{"line":52,"column":80}},"20":{"start":{"line":55,"column":4},"end":{"line":55,"column":89}},"21":{"start":{"line":55,"column":47},"end":{"line":55,"column":89}},"22":{"start":{"line":58,"column":4},"end":{"line":68,"column":5}},"23":{"start":{"line":59,"column":6},"end":{"line":59,"column":68}},"24":{"start":{"line":60,"column":11},"end":{"line":68,"column":5}},"25":{"start":{"line":61,"column":6},"end":{"line":61,"column":81}},"26":{"start":{"line":62,"column":11},"end":{"line":68,"column":5}},"27":{"start":{"line":63,"column":6},"end":{"line":63,"column":81}},"28":{"start":{"line":64,"column":11},"end":{"line":68,"column":5}},"29":{"start":{"line":65,"column":6},"end":{"line":65,"column":71}},"30":{"start":{"line":66,"column":11},"end":{"line":68,"column":5}},"31":{"start":{"line":67,"column":6},"end":{"line":67,"column":82}},"32":{"start":{"line":71,"column":4},"end":{"line":73,"column":5}},"33":{"start":{"line":72,"column":6},"end":{"line":72,"column":59}},"34":{"start":{"line":76,"column":4},"end":{"line":76,"column":86}},"35":{"start":{"line":76,"column":37},"end":{"line":76,"column":86}},"36":{"start":{"line":79,"column":4},"end":{"line":79,"column":70}},"37":{"start":{"line":79,"column":24},"end":{"line":79,"column":70}},"38":{"start":{"line":81,"column":4},"end":{"line":81,"column":21}},"39":{"start":{"line":85,"column":23},"end":{"line":128,"column":3}},"40":{"start":{"line":86,"column":4},"end":{"line":86,"column":23}},"41":{"start":{"line":88,"column":23},"end":{"line":88,"column":37}},"42":{"start":{"line":89,"column":4},"end":{"line":89,"column":73}},"43":{"start":{"line":89,"column":44},"end":{"line":89,"column":73}},"44":{"start":{"line":91,"column":4},"end":{"line":91,"column":23}},"45":{"start":{"line":92,"column":4},"end":{"line":92,"column":18}},"46":{"start":{"line":94,"column":4},"end":{"line":127,"column":5}},"47":{"start":{"line":96,"column":23},"end":{"line":106,"column":8}},"48":{"start":{"line":108,"column":19},"end":{"line":108,"column":40}},"49":{"start":{"line":111,"column":6},"end":{"line":113,"column":7}},"50":{"start":{"line":112,"column":8},"end":{"line":112,"column":80}},"51":{"start":{"line":116,"column":6},"end":{"line":116,"column":52}},"52":{"start":{"line":117,"column":6},"end":{"line":117,"column":62}},"53":{"start":{"line":120,"column":6},"end":{"line":120,"column":25}},"54":{"start":{"line":124,"column":6},"end":{"line":124,"column":44}},"55":{"start":{"line":126,"column":6},"end":{"line":126,"column":26}},"56":{"start":{"line":130,"column":2},"end":{"line":423,"column":4}},"57":{"start":{"line":261,"column":35},"end":{"line":261,"column":65}},"58":{"start":{"line":294,"column":35},"end":{"line":294,"column":79}},"59":{"start":{"line":337,"column":37},"end":{"line":337,"column":71}},"60":{"start":{"line":364,"column":8},"end":{"line":380,"column":9}},"61":{"start":{"line":365,"column":27},"end":{"line":369,"column":12}},"62":{"start":{"line":370,"column":23},"end":{"line":370,"column":44}},"63":{"start":{"line":372,"column":10},"end":{"line":377,"column":11}},"64":{"start":{"line":373,"column":12},"end":{"line":373,"column":79}},"65":{"start":{"line":375,"column":12},"end":{"line":375,"column":58}},"66":{"start":{"line":376,"column":12},"end":{"line":376,"column":31}},"67":{"start":{"line":379,"column":10},"end":{"line":379,"column":48}},"68":{"start":{"line":383,"column":8},"end":{"line":383,"column":63}}},"fnMap":{"0":{"name":"AdminSignup","decl":{"start":{"line":8,"column":24},"end":{"line":8,"column":35}},"loc":{"start":{"line":8,"column":38},"end":{"line":424,"column":1}},"line":8},"1":{"name":"(anonymous_1)","decl":{"start":{"line":36,"column":23},"end":{"line":36,"column":24}},"loc":{"start":{"line":36,"column":30},"end":{"line":42,"column":3}},"line":36},"2":{"name":"(anonymous_2)","decl":{"start":{"line":38,"column":16},"end":{"line":38,"column":17}},"loc":{"start":{"line":38,"column":25},"end":{"line":38,"column":51}},"line":38},"3":{"name":"(anonymous_3)","decl":{"start":{"line":41,"column":32},"end":{"line":41,"column":33}},"loc":{"start":{"line":41,"column":41},"end":{"line":41,"column":64}},"line":41},"4":{"name":"(anonymous_4)","decl":{"start":{"line":45,"column":23},"end":{"line":45,"column":24}},"loc":{"start":{"line":45,"column":29},"end":{"line":82,"column":3}},"line":45},"5":{"name":"(anonymous_5)","decl":{"start":{"line":85,"column":23},"end":{"line":85,"column":24}},"loc":{"start":{"line":85,"column":36},"end":{"line":128,"column":3}},"line":85},"6":{"name":"(anonymous_6)","decl":{"start":{"line":261,"column":29},"end":{"line":261,"column":30}},"loc":{"start":{"line":261,"column":35},"end":{"line":261,"column":65}},"line":261},"7":{"name":"(anonymous_7)","decl":{"start":{"line":294,"column":29},"end":{"line":294,"column":30}},"loc":{"start":{"line":294,"column":35},"end":{"line":294,"column":79}},"line":294},"8":{"name":"(anonymous_8)","decl":{"start":{"line":337,"column":30},"end":{"line":337,"column":31}},"loc":{"start":{"line":337,"column":37},"end":{"line":337,"column":71}},"line":337},"9":{"name":"(anonymous_9)","decl":{"start":{"line":363,"column":17},"end":{"line":363,"column":18}},"loc":{"start":{"line":363,"column":47},"end":{"line":381,"column":7}},"line":363},"10":{"name":"(anonymous_10)","decl":{"start":{"line":382,"column":15},"end":{"line":382,"column":16}},"loc":{"start":{"line":382,"column":21},"end":{"line":384,"column":7}},"line":382}},"branchMap":{"0":{"loc":{"start":{"line":41,"column":4},"end":{"line":41,"column":67}},"type":"if","locations":[{"start":{"line":41,"column":4},"end":{"line":41,"column":67}},{"start":{},"end":{}}],"line":41},"1":{"loc":{"start":{"line":49,"column":4},"end":{"line":49,"column":83}},"type":"if","locations":[{"start":{"line":49,"column":4},"end":{"line":49,"column":83}},{"start":{},"end":{}}],"line":49},"2":{"loc":{"start":{"line":52,"column":4},"end":{"line":52,"column":80}},"type":"if","locations":[{"start":{"line":52,"column":4},"end":{"line":52,"column":80}},{"start":{},"end":{}}],"line":52},"3":{"loc":{"start":{"line":55,"column":4},"end":{"line":55,"column":89}},"type":"if","locations":[{"start":{"line":55,"column":4},"end":{"line":55,"column":89}},{"start":{},"end":{}}],"line":55},"4":{"loc":{"start":{"line":58,"column":4},"end":{"line":68,"column":5}},"type":"if","locations":[{"start":{"line":58,"column":4},"end":{"line":68,"column":5}},{"start":{"line":60,"column":11},"end":{"line":68,"column":5}}],"line":58},"5":{"loc":{"start":{"line":60,"column":11},"end":{"line":68,"column":5}},"type":"if","locations":[{"start":{"line":60,"column":11},"end":{"line":68,"column":5}},{"start":{"line":62,"column":11},"end":{"line":68,"column":5}}],"line":60},"6":{"loc":{"start":{"line":62,"column":11},"end":{"line":68,"column":5}},"type":"if","locations":[{"start":{"line":62,"column":11},"end":{"line":68,"column":5}},{"start":{"line":64,"column":11},"end":{"line":68,"column":5}}],"line":62},"7":{"loc":{"start":{"line":64,"column":11},"end":{"line":68,"column":5}},"type":"if","locations":[{"start":{"line":64,"column":11},"end":{"line":68,"column":5}},{"start":{"line":66,"column":11},"end":{"line":68,"column":5}}],"line":64},"8":{"loc":{"start":{"line":66,"column":11},"end":{"line":68,"column":5}},"type":"if","locations":[{"start":{"line":66,"column":11},"end":{"line":68,"column":5}},{"start":{},"end":{}}],"line":66},"9":{"loc":{"start":{"line":71,"column":4},"end":{"line":73,"column":5}},"type":"if","locations":[{"start":{"line":71,"column":4},"end":{"line":73,"column":5}},{"start":{},"end":{}}],"line":71},"10":{"loc":{"start":{"line":76,"column":4},"end":{"line":76,"column":86}},"type":"if","locations":[{"start":{"line":76,"column":4},"end":{"line":76,"column":86}},{"start":{},"end":{}}],"line":76},"11":{"loc":{"start":{"line":79,"column":4},"end":{"line":79,"column":70}},"type":"if","locations":[{"start":{"line":79,"column":4},"end":{"line":79,"column":70}},{"start":{},"end":{}}],"line":79},"12":{"loc":{"start":{"line":89,"column":4},"end":{"line":89,"column":73}},"type":"if","locations":[{"start":{"line":89,"column":4},"end":{"line":89,"column":73}},{"start":{},"end":{}}],"line":89},"13":{"loc":{"start":{"line":111,"column":6},"end":{"line":113,"column":7}},"type":"if","locations":[{"start":{"line":111,"column":6},"end":{"line":113,"column":7}},{"start":{},"end":{}}],"line":111},"14":{"loc":{"start":{"line":112,"column":24},"end":{"line":112,"column":78}},"type":"binary-expr","locations":[{"start":{"line":112,"column":24},"end":{"line":112,"column":34}},{"start":{"line":112,"column":38},"end":{"line":112,"column":78}}],"line":112},"15":{"loc":{"start":{"line":167,"column":15},"end":{"line":171,"column":15}},"type":"binary-expr","locations":[{"start":{"line":167,"column":15},"end":{"line":167,"column":29}},{"start":{"line":168,"column":16},"end":{"line":170,"column":22}}],"line":167},"16":{"loc":{"start":{"line":192,"column":19},"end":{"line":194,"column":19}},"type":"binary-expr","locations":[{"start":{"line":192,"column":19},"end":{"line":192,"column":35}},{"start":{"line":193,"column":20},"end":{"line":193,"column":83}}],"line":192},"17":{"loc":{"start":{"line":214,"column":19},"end":{"line":216,"column":19}},"type":"binary-expr","locations":[{"start":{"line":214,"column":19},"end":{"line":214,"column":34}},{"start":{"line":215,"column":20},"end":{"line":215,"column":82}}],"line":214},"18":{"loc":{"start":{"line":237,"column":17},"end":{"line":239,"column":17}},"type":"binary-expr","locations":[{"start":{"line":237,"column":17},"end":{"line":237,"column":29}},{"start":{"line":238,"column":18},"end":{"line":238,"column":77}}],"line":237},"19":{"loc":{"start":{"line":252,"column":26},"end":{"line":252,"column":60}},"type":"cond-expr","locations":[{"start":{"line":252,"column":41},"end":{"line":252,"column":47}},{"start":{"line":252,"column":50},"end":{"line":252,"column":60}}],"line":252},"20":{"loc":{"start":{"line":263,"column":32},"end":{"line":263,"column":80}},"type":"cond-expr","locations":[{"start":{"line":263,"column":47},"end":{"line":263,"column":62}},{"start":{"line":263,"column":65},"end":{"line":263,"column":80}}],"line":263},"21":{"loc":{"start":{"line":265,"column":21},"end":{"line":265,"column":96}},"type":"cond-expr","locations":[{"start":{"line":265,"column":36},"end":{"line":265,"column":66}},{"start":{"line":265,"column":69},"end":{"line":265,"column":96}}],"line":265},"22":{"loc":{"start":{"line":268,"column":17},"end":{"line":270,"column":17}},"type":"binary-expr","locations":[{"start":{"line":268,"column":17},"end":{"line":268,"column":32}},{"start":{"line":269,"column":18},"end":{"line":269,"column":80}}],"line":268},"23":{"loc":{"start":{"line":286,"column":26},"end":{"line":286,"column":67}},"type":"cond-expr","locations":[{"start":{"line":286,"column":48},"end":{"line":286,"column":54}},{"start":{"line":286,"column":57},"end":{"line":286,"column":67}}],"line":286},"24":{"loc":{"start":{"line":296,"column":32},"end":{"line":296,"column":87}},"type":"cond-expr","locations":[{"start":{"line":296,"column":54},"end":{"line":296,"column":69}},{"start":{"line":296,"column":72},"end":{"line":296,"column":87}}],"line":296},"25":{"loc":{"start":{"line":298,"column":21},"end":{"line":298,"column":103}},"type":"cond-expr","locations":[{"start":{"line":298,"column":43},"end":{"line":298,"column":73}},{"start":{"line":298,"column":76},"end":{"line":298,"column":103}}],"line":298},"26":{"loc":{"start":{"line":301,"column":17},"end":{"line":303,"column":17}},"type":"binary-expr","locations":[{"start":{"line":301,"column":17},"end":{"line":301,"column":39}},{"start":{"line":302,"column":18},"end":{"line":302,"column":87}}],"line":301},"27":{"loc":{"start":{"line":323,"column":17},"end":{"line":325,"column":17}},"type":"binary-expr","locations":[{"start":{"line":323,"column":17},"end":{"line":323,"column":34}},{"start":{"line":324,"column":18},"end":{"line":324,"column":82}}],"line":323},"28":{"loc":{"start":{"line":345,"column":17},"end":{"line":347,"column":17}},"type":"binary-expr","locations":[{"start":{"line":345,"column":17},"end":{"line":345,"column":29}},{"start":{"line":346,"column":18},"end":{"line":346,"column":77}}],"line":345},"29":{"loc":{"start":{"line":372,"column":10},"end":{"line":377,"column":11}},"type":"if","locations":[{"start":{"line":372,"column":10},"end":{"line":377,"column":11}},{"start":{"line":374,"column":17},"end":{"line":377,"column":11}}],"line":372},"30":{"loc":{"start":{"line":399,"column":17},"end":{"line":409,"column":17}},"type":"cond-expr","locations":[{"start":{"line":400,"column":18},"end":{"line":406,"column":25}},{"start":{"line":408,"column":18},"end":{"line":408,"column":40}}],"line":399}},"s":{"0":0,"1":0,"2":0,"3":0,"4":0,"5":0,"6":0,"7":0,"8":0,"9":0,"10":0,"11":0,"12":0,"13":0,"14":0,"15":0,"16":0,"17":0,"18":0,"19":0,"20":0,"21":0,"22":0,"23":0,"24":0,"25":0,"26":0,"27":0,"28":0,"29":0,"30":0,"31":0,"32":0,"33":0,"34":0,"35":0,"36":0,"37":0,"38":0,"39":0,"40":0,"41":0,"42":0,"43":0,"44":0,"45":0,"46":0,"47":0,"48":0,"49":0,"50":0,"51":0,"52":0,"53":0,"54":0,"55":0,"56":0,"57":0,"58":0,"59":0,"60":0,"61":0,"62":0,"63":0,"64":0,"65":0,"66":0,"67":0,"68":0},"f":{"0":0,"1":0,"2":0,"3":0,"4":0,"5":0,"6":0,"7":0,"8":0,"9":0,"10":0},"b":{"0":[0,0],"1":[0,0],"2":[0,0],"3":[0,0],"4":[0,0],"5":[0,0],"6":[0,0],"7":[0,0],"8":[0,0],"9":[0,0],"10":[0,0],"11":[0,0],"12":[0,0],"13":[0,0],"14":[0,0],"15":[0,0],"16":[0,0],"17":[0,0],"18":[0,0],"19":[0,0],"20":[0,0],"21":[0,0],"22":[0,0],"23":[0,0],"24":[0,0],"25":[0,0],"26":[0,0],"27":[0,0],"28":[0,0],"29":[0,0],"30":[0,0]},"_coverageSchema":"1a1c01bbd47fc00a2c39e90264f33305004495a9","hash":"18c9e28328ed5dbd8e75be0c2e8c71fee44f022a"}
,"C:\\Users\\2654508\\Documents\\delete\\Constitutional-Archive-Data-Management-and-Search-Interface\\Frontend\\src\\App.js": {"path":"C:\\Users\\2654508\\Documents\\delete\\Constitutional-Archive-Data-Management-and-Search-Interface\\Frontend\\src\\App.js","statementMap":{"0":{"start":{"line":12,"column":21},"end":{"line":15,"column":1}},"1":{"start":{"line":13,"column":26},"end":{"line":13,"column":59}},"2":{"start":{"line":14,"column":2},"end":{"line":14,"column":69}},"3":{"start":{"line":18,"column":2},"end":{"line":40,"column":4}}},"fnMap":{"0":{"name":"(anonymous_0)","decl":{"start":{"line":12,"column":21},"end":{"line":12,"column":22}},"loc":{"start":{"line":12,"column":39},"end":{"line":15,"column":1}},"line":12},"1":{"name":"App","decl":{"start":{"line":17,"column":9},"end":{"line":17,"column":12}},"loc":{"start":{"line":17,"column":15},"end":{"line":41,"column":1}},"line":17}},"branchMap":{"0":{"loc":{"start":{"line":14,"column":9},"end":{"line":14,"column":68}},"type":"cond-expr","locations":[{"start":{"line":14,"column":27},"end":{"line":14,"column":35}},{"start":{"line":14,"column":38},"end":{"line":14,"column":68}}],"line":14}},"s":{"0":1,"1":0,"2":0,"3":1},"f":{"0":0,"1":1},"b":{"0":[0,0]},"_coverageSchema":"1a1c01bbd47fc00a2c39e90264f33305004495a9","hash":"b60a57eb8c4496a264640b654483e38607c89a02"}
,"C:\\Users\\2654508\\Documents\\delete\\Constitutional-Archive-Data-Management-and-Search-Interface\\Frontend\\src\\CompleteSignup.js": {"path":"C:\\Users\\2654508\\Documents\\delete\\Constitutional-Archive-Data-Management-and-Search-Interface\\Frontend\\src\\CompleteSignup.js","statementMap":{"0":{"start":{"line":5,"column":34},"end":{"line":9,"column":4}},"1":{"start":{"line":10,"column":30},"end":{"line":10,"column":42}},"2":{"start":{"line":11,"column":19},"end":{"line":11,"column":32}},"3":{"start":{"line":12,"column":19},"end":{"line":12,"column":32}},"4":{"start":{"line":14,"column":23},"end":{"line":33,"column":3}},"5":{"start":{"line":15,"column":4},"end":{"line":15,"column":23}},"6":{"start":{"line":17,"column":4},"end":{"line":32,"column":5}},"7":{"start":{"line":18,"column":23},"end":{"line":25,"column":8}},"8":{"start":{"line":26,"column":19},"end":{"line":26,"column":40}},"9":{"start":{"line":27,"column":6},"end":{"line":27,"column":52}},"10":{"start":{"line":27,"column":24},"end":{"line":27,"column":52}},"11":{"start":{"line":28,"column":6},"end":{"line":28,"column":52}},"12":{"start":{"line":29,"column":6},"end":{"line":29,"column":25}},"13":{"start":{"line":31,"column":6},"end":{"line":31,"column":44}},"14":{"start":{"line":35,"column":2},"end":{"line":91,"column":4}},"15":{"start":{"line":53,"column":29},"end":{"line":53,"column":84}},"16":{"start":{"line":65,"column":29},"end":{"line":65,"column":83}},"17":{"start":{"line":77,"column":29},"end":{"line":77,"column":85}}},"fnMap":{"0":{"name":"CompleteSignup","decl":{"start":{"line":4,"column":24},"end":{"line":4,"column":38}},"loc":{"start":{"line":4,"column":41},"end":{"line":92,"column":1}},"line":4},"1":{"name":"(anonymous_1)","decl":{"start":{"line":14,"column":23},"end":{"line":14,"column":24}},"loc":{"start":{"line":14,"column":36},"end":{"line":33,"column":3}},"line":14},"2":{"name":"(anonymous_2)","decl":{"start":{"line":53,"column":22},"end":{"line":53,"column":23}},"loc":{"start":{"line":53,"column":29},"end":{"line":53,"column":84}},"line":53},"3":{"name":"(anonymous_3)","decl":{"start":{"line":65,"column":22},"end":{"line":65,"column":23}},"loc":{"start":{"line":65,"column":29},"end":{"line":65,"column":83}},"line":65},"4":{"name":"(anonymous_4)","decl":{"start":{"line":77,"column":22},"end":{"line":77,"column":23}},"loc":{"start":{"line":77,"column":29},"end":{"line":77,"column":85}},"line":77}},"branchMap":{"0":{"loc":{"start":{"line":27,"column":6},"end":{"line":27,"column":52}},"type":"if","locations":[{"start":{"line":27,"column":6},"end":{"line":27,"column":52}},{"start":{},"end":{}}],"line":27},"1":{"loc":{"start":{"line":42,"column":7},"end":{"line":42,"column":91}},"type":"binary-expr","locations":[{"start":{"line":42,"column":7},"end":{"line":42,"column":21}},{"start":{"line":42,"column":25},"end":{"line":42,"column":91}}],"line":42}},"s":{"0":0,"1":0,"2":0,"3":0,"4":0,"5":0,"6":0,"7":0,"8":0,"9":0,"10":0,"11":0,"12":0,"13":0,"14":0,"15":0,"16":0,"17":0},"f":{"0":0,"1":0,"2":0,"3":0,"4":0},"b":{"0":[0,0],"1":[0,0]},"_coverageSchema":"1a1c01bbd47fc00a2c39e90264f33305004495a9","hash":"c4dc909fbd3e96ee79955fd6fce7c49d0a226463"}
,"C:\\Users\\2654508\\Documents\\delete\\Constitutional-Archive-Data-Management-and-Search-Interface\\Frontend\\src\\ConstitutionalArchiveHomepage.js": {"path":"C:\\Users\\2654508\\Documents\\delete\\Constitutional-Archive-Data-Management-and-Search-Interface\\Frontend\\src\\ConstitutionalArchiveHomepage.js","statementMap":{"0":{"start":{"line":6,"column":24},"end":{"line":58,"column":1}},"1":{"start":{"line":7,"column":19},"end":{"line":56,"column":3}},"2":{"start":{"line":57,"column":2},"end":{"line":57,"column":42}},"3":{"start":{"line":60,"column":21},"end":{"line":60,"column":78}},"4":{"start":{"line":60,"column":33},"end":{"line":60,"column":78}},"5":{"start":{"line":63,"column":28},"end":{"line":88,"column":1}},"6":{"start":{"line":91,"column":24},"end":{"line":124,"column":1}},"7":{"start":{"line":127,"column":19},"end":{"line":136,"column":1}},"8":{"start":{"line":139,"column":40},"end":{"line":139,"column":52}},"9":{"start":{"line":140,"column":44},"end":{"line":140,"column":58}},"10":{"start":{"line":141,"column":40},"end":{"line":141,"column":55}},"11":{"start":{"line":142,"column":28},"end":{"line":142,"column":42}},"12":{"start":{"line":144,"column":29},"end":{"line":146,"column":3}},"13":{"start":{"line":145,"column":4},"end":{"line":145,"column":35}},"14":{"start":{"line":148,"column":30},"end":{"line":162,"column":3}},"15":{"start":{"line":149,"column":4},"end":{"line":149,"column":33}},"16":{"start":{"line":149,"column":22},"end":{"line":149,"column":33}},"17":{"start":{"line":151,"column":4},"end":{"line":161,"column":5}},"18":{"start":{"line":153,"column":21},"end":{"line":153,"column":70}},"19":{"start":{"line":155,"column":21},"end":{"line":155,"column":84}},"20":{"start":{"line":156,"column":22},"end":{"line":156,"column":34}},"21":{"start":{"line":157,"column":6},"end":{"line":157,"column":41}},"22":{"start":{"line":159,"column":6},"end":{"line":159,"column":58}},"23":{"start":{"line":160,"column":6},"end":{"line":160,"column":17}},"24":{"start":{"line":164,"column":29},"end":{"line":241,"column":3}},"25":{"start":{"line":165,"column":4},"end":{"line":165,"column":23}},"26":{"start":{"line":166,"column":18},"end":{"line":166,"column":36}},"27":{"start":{"line":167,"column":4},"end":{"line":167,"column":23}},"28":{"start":{"line":167,"column":16},"end":{"line":167,"column":23}},"29":{"start":{"line":169,"column":4},"end":{"line":169,"column":25}},"30":{"start":{"line":170,"column":4},"end":{"line":170,"column":19}},"31":{"start":{"line":172,"column":4},"end":{"line":240,"column":5}},"32":{"start":{"line":173,"column":23},"end":{"line":173,"column":112}},"33":{"start":{"line":174,"column":6},"end":{"line":174,"column":76}},"34":{"start":{"line":174,"column":24},"end":{"line":174,"column":76}},"35":{"start":{"line":176,"column":19},"end":{"line":176,"column":40}},"36":{"start":{"line":177,"column":19},"end":{"line":227,"column":8}},"37":{"start":{"line":178,"column":24},"end":{"line":178,"column":41}},"38":{"start":{"line":179,"column":27},"end":{"line":179,"column":46}},"39":{"start":{"line":180,"column":29},"end":{"line":180,"column":50}},"40":{"start":{"line":181,"column":27},"end":{"line":181,"column":59}},"41":{"start":{"line":183,"column":22},"end":{"line":183,"column":24}},"42":{"start":{"line":184,"column":8},"end":{"line":216,"column":9}},"43":{"start":{"line":186,"column":24},"end":{"line":186,"column":53}},"44":{"start":{"line":187,"column":22},"end":{"line":187,"column":79}},"45":{"start":{"line":190,"column":26},"end":{"line":190,"column":55}},"46":{"start":{"line":191,"column":24},"end":{"line":191,"column":43}},"47":{"start":{"line":194,"column":30},"end":{"line":194,"column":31}},"48":{"start":{"line":195,"column":27},"end":{"line":195,"column":28}},"49":{"start":{"line":196,"column":10},"end":{"line":202,"column":11}},"50":{"start":{"line":197,"column":12},"end":{"line":197,"column":42}},"51":{"start":{"line":198,"column":12},"end":{"line":201,"column":13}},"52":{"start":{"line":199,"column":14},"end":{"line":199,"column":34}},"53":{"start":{"line":200,"column":14},"end":{"line":200,"column":20}},"54":{"start":{"line":205,"column":28},"end":{"line":205,"column":58}},"55":{"start":{"line":206,"column":26},"end":{"line":206,"column":67}},"56":{"start":{"line":207,"column":10},"end":{"line":207,"column":63}},"57":{"start":{"line":210,"column":10},"end":{"line":210,"column":49}},"58":{"start":{"line":210,"column":25},"end":{"line":210,"column":49}},"59":{"start":{"line":211,"column":10},"end":{"line":211,"column":51}},"60":{"start":{"line":211,"column":36},"end":{"line":211,"column":51}},"61":{"start":{"line":214,"column":10},"end":{"line":214,"column":63}},"62":{"start":{"line":215,"column":10},"end":{"line":215,"column":62}},"63":{"start":{"line":215,"column":47},"end":{"line":215,"column":62}},"64":{"start":{"line":218,"column":27},"end":{"line":218,"column":73}},"65":{"start":{"line":219,"column":8},"end":{"line":226,"column":10}},"66":{"start":{"line":229,"column":6},"end":{"line":233,"column":9}},"67":{"start":{"line":235,"column":6},"end":{"line":235,"column":43}},"68":{"start":{"line":236,"column":6},"end":{"line":236,"column":68}},"69":{"start":{"line":237,"column":6},"end":{"line":237,"column":29}},"70":{"start":{"line":239,"column":6},"end":{"line":239,"column":28}},"71":{"start":{"line":243,"column":22},"end":{"line":247,"column":3}},"72":{"start":{"line":244,"column":4},"end":{"line":244,"column":23}},"73":{"start":{"line":245,"column":4},"end":{"line":245,"column":27}},"74":{"start":{"line":246,"column":4},"end":{"line":246,"column":19}},"75":{"start":{"line":249,"column":2},"end":{"line":668,"column":4}},"76":{"start":{"line":345,"column":33},"end":{"line":345,"column":84}},"77":{"start":{"line":346,"column":37},"end":{"line":346,"column":58}},"78":{"start":{"line":347,"column":32},"end":{"line":347,"column":50}},"79":{"start":{"line":348,"column":39},"end":{"line":348,"column":61}},"80":{"start":{"line":351,"column":40},"end":{"line":351,"column":101}},"81":{"start":{"line":354,"column":38},"end":{"line":359,"column":19}},"82":{"start":{"line":355,"column":20},"end":{"line":355,"column":66}},"83":{"start":{"line":355,"column":54},"end":{"line":355,"column":66}},"84":{"start":{"line":356,"column":20},"end":{"line":356,"column":67}},"85":{"start":{"line":356,"column":55},"end":{"line":356,"column":67}},"86":{"start":{"line":357,"column":20},"end":{"line":357,"column":67}},"87":{"start":{"line":357,"column":55},"end":{"line":357,"column":67}},"88":{"start":{"line":358,"column":20},"end":{"line":358,"column":32}},"89":{"start":{"line":362,"column":42},"end":{"line":374,"column":19}},"90":{"start":{"line":363,"column":20},"end":{"line":363,"column":76}},"91":{"start":{"line":363,"column":54},"end":{"line":363,"column":76}},"92":{"start":{"line":364,"column":20},"end":{"line":364,"column":77}},"93":{"start":{"line":364,"column":55},"end":{"line":364,"column":77}},"94":{"start":{"line":365,"column":20},"end":{"line":365,"column":78}},"95":{"start":{"line":365,"column":55},"end":{"line":365,"column":78}},"96":{"start":{"line":368,"column":20},"end":{"line":368,"column":85}},"97":{"start":{"line":368,"column":66},"end":{"line":368,"column":85}},"98":{"start":{"line":369,"column":20},"end":{"line":369,"column":81}},"99":{"start":{"line":369,"column":64},"end":{"line":369,"column":81}},"100":{"start":{"line":370,"column":20},"end":{"line":370,"column":83}},"101":{"start":{"line":370,"column":65},"end":{"line":370,"column":83}},"102":{"start":{"line":371,"column":20},"end":{"line":371,"column":91}},"103":{"start":{"line":371,"column":69},"end":{"line":371,"column":91}},"104":{"start":{"line":373,"column":20},"end":{"line":373,"column":38}},"105":{"start":{"line":376,"column":35},"end":{"line":376,"column":76}},"106":{"start":{"line":378,"column":18},"end":{"line":434,"column":20}},"107":{"start":{"line":403,"column":28},"end":{"line":409,"column":29}},"108":{"start":{"line":463,"column":39},"end":{"line":463,"column":72}},"109":{"start":{"line":464,"column":18},"end":{"line":491,"column":20}},"110":{"start":{"line":510,"column":39},"end":{"line":510,"column":65}},"111":{"start":{"line":511,"column":18},"end":{"line":551,"column":20}},"112":{"start":{"line":564,"column":33},"end":{"line":564,"column":84}},"113":{"start":{"line":565,"column":37},"end":{"line":565,"column":58}},"114":{"start":{"line":566,"column":32},"end":{"line":566,"column":50}},"115":{"start":{"line":567,"column":39},"end":{"line":567,"column":61}},"116":{"start":{"line":569,"column":18},"end":{"line":581,"column":20}}},"fnMap":{"0":{"name":"(anonymous_0)","decl":{"start":{"line":6,"column":24},"end":{"line":6,"column":25}},"loc":{"start":{"line":6,"column":35},"end":{"line":58,"column":1}},"line":6},"1":{"name":"(anonymous_1)","decl":{"start":{"line":60,"column":21},"end":{"line":60,"column":22}},"loc":{"start":{"line":60,"column":33},"end":{"line":60,"column":78}},"line":60},"2":{"name":"ConstitutionalArchiveHomepage","decl":{"start":{"line":138,"column":24},"end":{"line":138,"column":53}},"loc":{"start":{"line":138,"column":56},"end":{"line":669,"column":1}},"line":138},"3":{"name":"(anonymous_3)","decl":{"start":{"line":144,"column":29},"end":{"line":144,"column":30}},"loc":{"start":{"line":144,"column":36},"end":{"line":146,"column":3}},"line":144},"4":{"name":"(anonymous_4)","decl":{"start":{"line":148,"column":30},"end":{"line":148,"column":31}},"loc":{"start":{"line":148,"column":47},"end":{"line":162,"column":3}},"line":148},"5":{"name":"(anonymous_5)","decl":{"start":{"line":164,"column":29},"end":{"line":164,"column":30}},"loc":{"start":{"line":164,"column":42},"end":{"line":241,"column":3}},"line":164},"6":{"name":"(anonymous_6)","decl":{"start":{"line":177,"column":42},"end":{"line":177,"column":43}},"loc":{"start":{"line":177,"column":56},"end":{"line":227,"column":7}},"line":177},"7":{"name":"(anonymous_7)","decl":{"start":{"line":243,"column":22},"end":{"line":243,"column":23}},"loc":{"start":{"line":243,"column":28},"end":{"line":247,"column":3}},"line":243},"8":{"name":"(anonymous_8)","decl":{"start":{"line":343,"column":43},"end":{"line":343,"column":44}},"loc":{"start":{"line":343,"column":62},"end":{"line":435,"column":17}},"line":343},"9":{"name":"(anonymous_9)","decl":{"start":{"line":354,"column":38},"end":{"line":354,"column":39}},"loc":{"start":{"line":354,"column":48},"end":{"line":359,"column":19}},"line":354},"10":{"name":"(anonymous_10)","decl":{"start":{"line":362,"column":42},"end":{"line":362,"column":43}},"loc":{"start":{"line":362,"column":58},"end":{"line":374,"column":19}},"line":362},"11":{"name":"(anonymous_11)","decl":{"start":{"line":402,"column":112},"end":{"line":402,"column":113}},"loc":{"start":{"line":403,"column":28},"end":{"line":409,"column":29}},"line":403},"12":{"name":"(anonymous_12)","decl":{"start":{"line":462,"column":41},"end":{"line":462,"column":42}},"loc":{"start":{"line":462,"column":57},"end":{"line":492,"column":17}},"line":462},"13":{"name":"(anonymous_13)","decl":{"start":{"line":509,"column":37},"end":{"line":509,"column":38}},"loc":{"start":{"line":509,"column":46},"end":{"line":552,"column":17}},"line":509},"14":{"name":"(anonymous_14)","decl":{"start":{"line":563,"column":32},"end":{"line":563,"column":33}},"loc":{"start":{"line":563,"column":53},"end":{"line":582,"column":17}},"line":563}},"branchMap":{"0":{"loc":{"start":{"line":57,"column":9},"end":{"line":57,"column":41}},"type":"binary-expr","locations":[{"start":{"line":57,"column":9},"end":{"line":57,"column":24}},{"start":{"line":57,"column":28},"end":{"line":57,"column":41}}],"line":57},"1":{"loc":{"start":{"line":149,"column":4},"end":{"line":149,"column":33}},"type":"if","locations":[{"start":{"line":149,"column":4},"end":{"line":149,"column":33}},{"start":{},"end":{}}],"line":149},"2":{"loc":{"start":{"line":167,"column":4},"end":{"line":167,"column":23}},"type":"if","locations":[{"start":{"line":167,"column":4},"end":{"line":167,"column":23}},{"start":{},"end":{}}],"line":167},"3":{"loc":{"start":{"line":174,"column":6},"end":{"line":174,"column":76}},"type":"if","locations":[{"start":{"line":174,"column":6},"end":{"line":174,"column":76}},{"start":{},"end":{}}],"line":174},"4":{"loc":{"start":{"line":177,"column":20},"end":{"line":177,"column":36}},"type":"binary-expr","locations":[{"start":{"line":177,"column":20},"end":{"line":177,"column":30}},{"start":{"line":177,"column":34},"end":{"line":177,"column":36}}],"line":177},"5":{"loc":{"start":{"line":178,"column":24},"end":{"line":178,"column":41}},"type":"binary-expr","locations":[{"start":{"line":178,"column":24},"end":{"line":178,"column":35}},{"start":{"line":178,"column":39},"end":{"line":178,"column":41}}],"line":178},"6":{"loc":{"start":{"line":184,"column":8},"end":{"line":216,"column":9}},"type":"if","locations":[{"start":{"line":184,"column":8},"end":{"line":216,"column":9}},{"start":{"line":212,"column":15},"end":{"line":216,"column":9}}],"line":184},"7":{"loc":{"start":{"line":198,"column":12},"end":{"line":201,"column":13}},"type":"if","locations":[{"start":{"line":198,"column":12},"end":{"line":201,"column":13}},{"start":{},"end":{}}],"line":198},"8":{"loc":{"start":{"line":210,"column":10},"end":{"line":210,"column":49}},"type":"if","locations":[{"start":{"line":210,"column":10},"end":{"line":210,"column":49}},{"start":{},"end":{}}],"line":210},"9":{"loc":{"start":{"line":211,"column":10},"end":{"line":211,"column":51}},"type":"if","locations":[{"start":{"line":211,"column":10},"end":{"line":211,"column":51}},{"start":{},"end":{}}],"line":211},"10":{"loc":{"start":{"line":215,"column":10},"end":{"line":215,"column":62}},"type":"if","locations":[{"start":{"line":215,"column":10},"end":{"line":215,"column":62}},{"start":{},"end":{}}],"line":215},"11":{"loc":{"start":{"line":220,"column":14},"end":{"line":220,"column":75}},"type":"binary-expr","locations":[{"start":{"line":220,"column":14},"end":{"line":220,"column":39}},{"start":{"line":220,"column":43},"end":{"line":220,"column":68}},{"start":{"line":220,"column":72},"end":{"line":220,"column":75}}],"line":220},"12":{"loc":{"start":{"line":221,"column":16},"end":{"line":221,"column":78}},"type":"binary-expr","locations":[{"start":{"line":221,"column":16},"end":{"line":221,"column":41}},{"start":{"line":221,"column":45},"end":{"line":221,"column":53}},{"start":{"line":221,"column":57},"end":{"line":221,"column":78}}],"line":221},"13":{"loc":{"start":{"line":231,"column":15},"end":{"line":231,"column":50}},"type":"binary-expr","locations":[{"start":{"line":231,"column":15},"end":{"line":231,"column":35}},{"start":{"line":231,"column":39},"end":{"line":231,"column":50}}],"line":231},"14":{"loc":{"start":{"line":273,"column":70},"end":{"line":273,"column":97}},"type":"cond-expr","locations":[{"start":{"line":273,"column":86},"end":{"line":273,"column":92}},{"start":{"line":273,"column":95},"end":{"line":273,"column":97}}],"line":273},"15":{"loc":{"start":{"line":291,"column":11},"end":{"line":299,"column":11}},"type":"binary-expr","locations":[{"start":{"line":291,"column":11},"end":{"line":291,"column":22}},{"start":{"line":292,"column":12},"end":{"line":298,"column":21}}],"line":291},"16":{"loc":{"start":{"line":305,"column":13},"end":{"line":312,"column":13}},"type":"cond-expr","locations":[{"start":{"line":306,"column":14},"end":{"line":309,"column":17}},{"start":{"line":311,"column":14},"end":{"line":311,"column":33}}],"line":305},"17":{"loc":{"start":{"line":316,"column":9},"end":{"line":321,"column":9}},"type":"binary-expr","locations":[{"start":{"line":316,"column":9},"end":{"line":316,"column":14}},{"start":{"line":317,"column":10},"end":{"line":320,"column":16}}],"line":316},"18":{"loc":{"start":{"line":325,"column":7},"end":{"line":450,"column":7}},"type":"binary-expr","locations":[{"start":{"line":325,"column":7},"end":{"line":325,"column":20}},{"start":{"line":326,"column":8},"end":{"line":449,"column":18}}],"line":325},"19":{"loc":{"start":{"line":336,"column":47},"end":{"line":336,"column":83}},"type":"cond-expr","locations":[{"start":{"line":336,"column":75},"end":{"line":336,"column":78}},{"start":{"line":336,"column":81},"end":{"line":336,"column":83}}],"line":336},"20":{"loc":{"start":{"line":351,"column":40},"end":{"line":351,"column":101}},"type":"cond-expr","locations":[{"start":{"line":351,"column":54},"end":{"line":351,"column":96}},{"start":{"line":351,"column":99},"end":{"line":351,"column":101}}],"line":351},"21":{"loc":{"start":{"line":355,"column":20},"end":{"line":355,"column":66}},"type":"if","locations":[{"start":{"line":355,"column":20},"end":{"line":355,"column":66}},{"start":{},"end":{}}],"line":355},"22":{"loc":{"start":{"line":355,"column":24},"end":{"line":355,"column":52}},"type":"binary-expr","locations":[{"start":{"line":355,"column":24},"end":{"line":355,"column":28}},{"start":{"line":355,"column":32},"end":{"line":355,"column":52}}],"line":355},"23":{"loc":{"start":{"line":356,"column":20},"end":{"line":356,"column":67}},"type":"if","locations":[{"start":{"line":356,"column":20},"end":{"line":356,"column":67}},{"start":{},"end":{}}],"line":356},"24":{"loc":{"start":{"line":356,"column":24},"end":{"line":356,"column":53}},"type":"binary-expr","locations":[{"start":{"line":356,"column":24},"end":{"line":356,"column":28}},{"start":{"line":356,"column":32},"end":{"line":356,"column":53}}],"line":356},"25":{"loc":{"start":{"line":357,"column":20},"end":{"line":357,"column":67}},"type":"if","locations":[{"start":{"line":357,"column":20},"end":{"line":357,"column":67}},{"start":{},"end":{}}],"line":357},"26":{"loc":{"start":{"line":357,"column":24},"end":{"line":357,"column":53}},"type":"binary-expr","locations":[{"start":{"line":357,"column":24},"end":{"line":357,"column":28}},{"start":{"line":357,"column":32},"end":{"line":357,"column":53}}],"line":357},"27":{"loc":{"start":{"line":363,"column":20},"end":{"line":363,"column":76}},"type":"if","locations":[{"start":{"line":363,"column":20},"end":{"line":363,"column":76}},{"start":{},"end":{}}],"line":363},"28":{"loc":{"start":{"line":363,"column":24},"end":{"line":363,"column":52}},"type":"binary-expr","locations":[{"start":{"line":363,"column":24},"end":{"line":363,"column":28}},{"start":{"line":363,"column":32},"end":{"line":363,"column":52}}],"line":363},"29":{"loc":{"start":{"line":364,"column":20},"end":{"line":364,"column":77}},"type":"if","locations":[{"start":{"line":364,"column":20},"end":{"line":364,"column":77}},{"start":{},"end":{}}],"line":364},"30":{"loc":{"start":{"line":364,"column":24},"end":{"line":364,"column":53}},"type":"binary-expr","locations":[{"start":{"line":364,"column":24},"end":{"line":364,"column":28}},{"start":{"line":364,"column":32},"end":{"line":364,"column":53}}],"line":364},"31":{"loc":{"start":{"line":365,"column":20},"end":{"line":365,"column":78}},"type":"if","locations":[{"start":{"line":365,"column":20},"end":{"line":365,"column":78}},{"start":{},"end":{}}],"line":365},"32":{"loc":{"start":{"line":365,"column":24},"end":{"line":365,"column":53}},"type":"binary-expr","locations":[{"start":{"line":365,"column":24},"end":{"line":365,"column":28}},{"start":{"line":365,"column":32},"end":{"line":365,"column":53}}],"line":365},"33":{"loc":{"start":{"line":368,"column":20},"end":{"line":368,"column":85}},"type":"if","locations":[{"start":{"line":368,"column":20},"end":{"line":368,"column":85}},{"start":{},"end":{}}],"line":368},"34":{"loc":{"start":{"line":369,"column":20},"end":{"line":369,"column":81}},"type":"if","locations":[{"start":{"line":369,"column":20},"end":{"line":369,"column":81}},{"start":{},"end":{}}],"line":369},"35":{"loc":{"start":{"line":370,"column":20},"end":{"line":370,"column":83}},"type":"if","locations":[{"start":{"line":370,"column":20},"end":{"line":370,"column":83}},{"start":{},"end":{}}],"line":370},"36":{"loc":{"start":{"line":371,"column":20},"end":{"line":371,"column":91}},"type":"if","locations":[{"start":{"line":371,"column":20},"end":{"line":371,"column":91}},{"start":{},"end":{}}],"line":371},"37":{"loc":{"start":{"line":403,"column":28},"end":{"line":409,"column":29}},"type":"cond-expr","locations":[{"start":{"line":404,"column":30},"end":{"line":406,"column":37}},{"start":{"line":408,"column":30},"end":{"line":408,"column":34}}],"line":403},"38":{"loc":{"start":{"line":419,"column":29},"end":{"line":421,"column":29}},"type":"binary-expr","locations":[{"start":{"line":419,"column":29},"end":{"line":419,"column":42}},{"start":{"line":420,"column":30},"end":{"line":420,"column":73}}],"line":419},"39":{"loc":{"start":{"line":452,"column":7},"end":{"line":587,"column":7}},"type":"binary-expr","locations":[{"start":{"line":452,"column":7},"end":{"line":452,"column":21}},{"start":{"line":453,"column":8},"end":{"line":586,"column":11}}],"line":452}},"s":{"0":1,"1":15,"2":15,"3":1,"4":0,"5":1,"6":1,"7":1,"8":1,"9":1,"10":1,"11":1,"12":1,"13":0,"14":1,"15":0,"16":0,"17":0,"18":0,"19":0,"20":0,"21":0,"22":0,"23":0,"24":1,"25":0,"26":0,"27":0,"28":0,"29":0,"30":0,"31":0,"32":0,"33":0,"34":0,"35":0,"36":0,"37":0,"38":0,"39":0,"40":0,"41":0,"42":0,"43":0,"44":0,"45":0,"46":0,"47":0,"48":0,"49":0,"50":0,"51":0,"52":0,"53":0,"54":0,"55":0,"56":0,"57":0,"58":0,"59":0,"60":0,"61":0,"62":0,"63":0,"64":0,"65":0,"66":0,"67":0,"68":0,"69":0,"70":0,"71":1,"72":0,"73":0,"74":0,"75":1,"76":0,"77":0,"78":0,"79":0,"80":0,"81":0,"82":0,"83":0,"84":0,"85":0,"86":0,"87":0,"88":0,"89":0,"90":0,"91":0,"92":0,"93":0,"94":0,"95":0,"96":0,"97":0,"98":0,"99":0,"100":0,"101":0,"102":0,"103":0,"104":0,"105":0,"106":0,"107":0,"108":3,"109":3,"110":4,"111":4,"112":8,"113":8,"114":8,"115":8,"116":8},"f":{"0":15,"1":0,"2":1,"3":0,"4":0,"5":0,"6":0,"7":0,"8":0,"9":0,"10":0,"11":0,"12":3,"13":4,"14":8},"b":{"0":[15,0],"1":[0,0],"2":[0,0],"3":[0,0],"4":[0,0],"5":[0,0],"6":[0,0],"7":[0,0],"8":[0,0],"9":[0,0],"10":[0,0],"11":[0,0,0],"12":[0,0,0],"13":[0,0],"14":[0,1],"15":[1,0],"16":[0,1],"17":[1,0],"18":[1,0],"19":[0,0],"20":[0,0],"21":[0,0],"22":[0,0],"23":[0,0],"24":[0,0],"25":[0,0],"26":[0,0],"27":[0,0],"28":[0,0],"29":[0,0],"30":[0,0],"31":[0,0],"32":[0,0],"33":[0,0],"34":[0,0],"35":[0,0],"36":[0,0],"37":[0,0],"38":[0,0],"39":[1,1]},"_coverageSchema":"1a1c01bbd47fc00a2c39e90264f33305004495a9","hash":"8446d2913fff6b5d7e3ca91e0c322a2ad8d25c8f"}
,"C:\\Users\\2654508\\Documents\\delete\\Constitutional-Archive-Data-Management-and-Search-Interface\\Frontend\\src\\components\\ConfirmDialog.js": {"path":"C:\\Users\\2654508\\Documents\\delete\\Constitutional-Archive-Data-Management-and-Search-Interface\\Frontend\\src\\components\\ConfirmDialog.js","statementMap":{"0":{"start":{"line":3,"column":22},"end":{"line":49,"column":1}},"1":{"start":{"line":13,"column":2},"end":{"line":13,"column":27}},"2":{"start":{"line":13,"column":15},"end":{"line":13,"column":27}},"3":{"start":{"line":15,"column":2},"end":{"line":48,"column":4}}},"fnMap":{"0":{"name":"(anonymous_0)","decl":{"start":{"line":3,"column":22},"end":{"line":3,"column":23}},"loc":{"start":{"line":12,"column":6},"end":{"line":49,"column":1}},"line":12}},"branchMap":{"0":{"loc":{"start":{"line":7,"column":2},"end":{"line":7,"column":26}},"type":"default-arg","locations":[{"start":{"line":7,"column":10},"end":{"line":7,"column":26}}],"line":7},"1":{"loc":{"start":{"line":8,"column":2},"end":{"line":8,"column":59}},"type":"default-arg","locations":[{"start":{"line":8,"column":12},"end":{"line":8,"column":59}}],"line":8},"2":{"loc":{"start":{"line":9,"column":2},"end":{"line":9,"column":25}},"type":"default-arg","locations":[{"start":{"line":9,"column":16},"end":{"line":9,"column":25}}],"line":9},"3":{"loc":{"start":{"line":10,"column":2},"end":{"line":10,"column":23}},"type":"default-arg","locations":[{"start":{"line":10,"column":15},"end":{"line":10,"column":23}}],"line":10},"4":{"loc":{"start":{"line":11,"column":2},"end":{"line":11,"column":22}},"type":"default-arg","locations":[{"start":{"line":11,"column":17},"end":{"line":11,"column":22}}],"line":11},"5":{"loc":{"start":{"line":13,"column":2},"end":{"line":13,"column":27}},"type":"if","locations":[{"start":{"line":13,"column":2},"end":{"line":13,"column":27}},{"start":{},"end":{}}],"line":13},"6":{"loc":{"start":{"line":33,"column":13},"end":{"line":43,"column":13}},"type":"cond-expr","locations":[{"start":{"line":34,"column":14},"end":{"line":40,"column":17}},{"start":{"line":42,"column":14},"end":{"line":42,"column":25}}],"line":33}},"s":{"0":1,"1":0,"2":0,"3":0},"f":{"0":0},"b":{"0":[0],"1":[0],"2":[0],"3":[0],"4":[0],"5":[0,0],"6":[0,0]},"_coverageSchema":"1a1c01bbd47fc00a2c39e90264f33305004495a9","hash":"e7f50d1aabf93b0669bef180d3e6a26fdfb0bac0"}
,"C:\\Users\\2654508\\Documents\\delete\\Constitutional-Archive-Data-Management-and-Search-Interface\\Frontend\\src\\components\\DocumentPreview.js": {"path":"C:\\Users\\2654508\\Documents\\delete\\Constitutional-Archive-Data-Management-and-Search-Interface\\Frontend\\src\\components\\DocumentPreview.js","statementMap":{"0":{"start":{"line":5,"column":26},"end":{"line":72,"column":1}},"1":{"start":{"line":75,"column":24},"end":{"line":127,"column":1}},"2":{"start":{"line":76,"column":19},"end":{"line":125,"column":3}},"3":{"start":{"line":126,"column":2},"end":{"line":126,"column":42}},"4":{"start":{"line":130,"column":40},"end":{"line":130,"column":51}},"5":{"start":{"line":131,"column":40},"end":{"line":131,"column":55}},"6":{"start":{"line":132,"column":44},"end":{"line":132,"column":58}},"7":{"start":{"line":133,"column":50},"end":{"line":133,"column":65}},"8":{"start":{"line":134,"column":40},"end":{"line":134,"column":52}},"9":{"start":{"line":136,"column":25},"end":{"line":136,"column":55}},"10":{"start":{"line":137,"column":23},"end":{"line":137,"column":60}},"11":{"start":{"line":139,"column":23},"end":{"line":141,"column":3}},"12":{"start":{"line":140,"column":4},"end":{"line":140,"column":68}},"13":{"start":{"line":140,"column":29},"end":{"line":140,"column":66}},"14":{"start":{"line":143,"column":23},"end":{"line":145,"column":3}},"15":{"start":{"line":144,"column":4},"end":{"line":144,"column":95}},"16":{"start":{"line":144,"column":29},"end":{"line":144,"column":93}},"17":{"start":{"line":147,"column":20},"end":{"line":150,"column":3}},"18":{"start":{"line":148,"column":4},"end":{"line":148,"column":26}},"19":{"start":{"line":149,"column":4},"end":{"line":149,"column":25}},"20":{"start":{"line":152,"column":21},"end":{"line":154,"column":3}},"21":{"start":{"line":153,"column":4},"end":{"line":153,"column":26}},"22":{"start":{"line":156,"column":33},"end":{"line":158,"column":3}},"23":{"start":{"line":157,"column":4},"end":{"line":157,"column":43}},"24":{"start":{"line":160,"column":28},"end":{"line":168,"column":8}},"25":{"start":{"line":162,"column":8},"end":{"line":166,"column":14}},"26":{"start":{"line":170,"column":2},"end":{"line":423,"column":4}},"27":{"start":{"line":222,"column":22},"end":{"line":229,"column":24}},"28":{"start":{"line":224,"column":39},"end":{"line":224,"column":58}},"29":{"start":{"line":275,"column":37},"end":{"line":275,"column":62}},"30":{"start":{"line":297,"column":33},"end":{"line":297,"column":63}},"31":{"start":{"line":306,"column":14},"end":{"line":336,"column":20}},"32":{"start":{"line":329,"column":37},"end":{"line":329,"column":51}},"33":{"start":{"line":367,"column":28},"end":{"line":367,"column":47}}},"fnMap":{"0":{"name":"(anonymous_0)","decl":{"start":{"line":75,"column":24},"end":{"line":75,"column":25}},"loc":{"start":{"line":75,"column":35},"end":{"line":127,"column":1}},"line":75},"1":{"name":"DocumentPreviewShowcase","decl":{"start":{"line":129,"column":24},"end":{"line":129,"column":47}},"loc":{"start":{"line":129,"column":50},"end":{"line":424,"column":1}},"line":129},"2":{"name":"(anonymous_2)","decl":{"start":{"line":139,"column":23},"end":{"line":139,"column":24}},"loc":{"start":{"line":139,"column":29},"end":{"line":141,"column":3}},"line":139},"3":{"name":"(anonymous_3)","decl":{"start":{"line":140,"column":19},"end":{"line":140,"column":20}},"loc":{"start":{"line":140,"column":29},"end":{"line":140,"column":66}},"line":140},"4":{"name":"(anonymous_4)","decl":{"start":{"line":143,"column":23},"end":{"line":143,"column":24}},"loc":{"start":{"line":143,"column":29},"end":{"line":145,"column":3}},"line":143},"5":{"name":"(anonymous_5)","decl":{"start":{"line":144,"column":19},"end":{"line":144,"column":20}},"loc":{"start":{"line":144,"column":29},"end":{"line":144,"column":93}},"line":144},"6":{"name":"(anonymous_6)","decl":{"start":{"line":147,"column":20},"end":{"line":147,"column":21}},"loc":{"start":{"line":147,"column":29},"end":{"line":150,"column":3}},"line":147},"7":{"name":"(anonymous_7)","decl":{"start":{"line":152,"column":21},"end":{"line":152,"column":22}},"loc":{"start":{"line":152,"column":27},"end":{"line":154,"column":3}},"line":152},"8":{"name":"(anonymous_8)","decl":{"start":{"line":156,"column":33},"end":{"line":156,"column":34}},"loc":{"start":{"line":156,"column":39},"end":{"line":158,"column":3}},"line":156},"9":{"name":"(anonymous_9)","decl":{"start":{"line":161,"column":31},"end":{"line":161,"column":32}},"loc":{"start":{"line":162,"column":8},"end":{"line":166,"column":14}},"line":162},"10":{"name":"(anonymous_10)","decl":{"start":{"line":221,"column":43},"end":{"line":221,"column":44}},"loc":{"start":{"line":222,"column":22},"end":{"line":229,"column":24}},"line":222},"11":{"name":"(anonymous_11)","decl":{"start":{"line":224,"column":33},"end":{"line":224,"column":34}},"loc":{"start":{"line":224,"column":39},"end":{"line":224,"column":58}},"line":224},"12":{"name":"(anonymous_12)","decl":{"start":{"line":275,"column":31},"end":{"line":275,"column":32}},"loc":{"start":{"line":275,"column":37},"end":{"line":275,"column":62}},"line":275},"13":{"name":"(anonymous_13)","decl":{"start":{"line":297,"column":26},"end":{"line":297,"column":27}},"loc":{"start":{"line":297,"column":33},"end":{"line":297,"column":63}},"line":297},"14":{"name":"(anonymous_14)","decl":{"start":{"line":305,"column":35},"end":{"line":305,"column":36}},"loc":{"start":{"line":306,"column":14},"end":{"line":336,"column":20}},"line":306},"15":{"name":"(anonymous_15)","decl":{"start":{"line":329,"column":31},"end":{"line":329,"column":32}},"loc":{"start":{"line":329,"column":37},"end":{"line":329,"column":51}},"line":329},"16":{"name":"(anonymous_16)","decl":{"start":{"line":367,"column":21},"end":{"line":367,"column":22}},"loc":{"start":{"line":367,"column":28},"end":{"line":367,"column":47}},"line":367}},"branchMap":{"0":{"loc":{"start":{"line":126,"column":9},"end":{"line":126,"column":41}},"type":"binary-expr","locations":[{"start":{"line":126,"column":9},"end":{"line":126,"column":24}},{"start":{"line":126,"column":28},"end":{"line":126,"column":41}}],"line":126},"1":{"loc":{"start":{"line":160,"column":28},"end":{"line":168,"column":8}},"type":"cond-expr","locations":[{"start":{"line":161,"column":6},"end":{"line":167,"column":7}},{"start":{"line":168,"column":6},"end":{"line":168,"column":8}}],"line":160},"2":{"loc":{"start":{"line":162,"column":8},"end":{"line":166,"column":14}},"type":"cond-expr","locations":[{"start":{"line":163,"column":10},"end":{"line":165,"column":72}},{"start":{"line":166,"column":10},"end":{"line":166,"column":14}}],"line":162},"3":{"loc":{"start":{"line":163,"column":10},"end":{"line":165,"column":72}},"type":"binary-expr","locations":[{"start":{"line":163,"column":10},"end":{"line":163,"column":69}},{"start":{"line":164,"column":10},"end":{"line":164,"column":75}},{"start":{"line":165,"column":10},"end":{"line":165,"column":72}}],"line":163},"4":{"loc":{"start":{"line":175,"column":7},"end":{"line":340,"column":7}},"type":"cond-expr","locations":[{"start":{"line":176,"column":8},"end":{"line":286,"column":14}},{"start":{"line":289,"column":8},"end":{"line":339,"column":14}}],"line":175},"5":{"loc":{"start":{"line":226,"column":26},"end":{"line":226,"column":92}},"type":"cond-expr","locations":[{"start":{"line":226,"column":48},"end":{"line":226,"column":76}},{"start":{"line":226,"column":79},"end":{"line":226,"column":92}}],"line":226},"6":{"loc":{"start":{"line":348,"column":11},"end":{"line":358,"column":11}},"type":"cond-expr","locations":[{"start":{"line":349,"column":12},"end":{"line":352,"column":15}},{"start":{"line":354,"column":12},"end":{"line":357,"column":15}}],"line":348},"7":{"loc":{"start":{"line":363,"column":7},"end":{"line":421,"column":7}},"type":"binary-expr","locations":[{"start":{"line":363,"column":7},"end":{"line":363,"column":18}},{"start":{"line":363,"column":22},"end":{"line":363,"column":35}},{"start":{"line":364,"column":8},"end":{"line":420,"column":14}}],"line":363}},"s":{"0":1,"1":1,"2":1,"3":1,"4":1,"5":1,"6":1,"7":1,"8":1,"9":1,"10":1,"11":1,"12":0,"13":0,"14":1,"15":0,"16":0,"17":1,"18":0,"19":0,"20":1,"21":0,"22":1,"23":0,"24":1,"25":0,"26":1,"27":6,"28":0,"29":0,"30":0,"31":0,"32":0,"33":0},"f":{"0":1,"1":1,"2":0,"3":0,"4":0,"5":0,"6":0,"7":0,"8":0,"9":0,"10":6,"11":0,"12":0,"13":0,"14":0,"15":0,"16":0},"b":{"0":[1,0],"1":[0,1],"2":[0,0],"3":[0,0,0],"4":[1,0],"5":[1,5],"6":[0,1],"7":[1,0,0]},"_coverageSchema":"1a1c01bbd47fc00a2c39e90264f33305004495a9","hash":"3a00fd4197a6fb5cc9b21985ca19dfff18c470e3"}
,"C:\\Users\\2654508\\Documents\\delete\\Constitutional-Archive-Data-Management-and-Search-Interface\\Frontend\\src\\components\\UploadModal.js": {"path":"C:\\Users\\2654508\\Documents\\delete\\Constitutional-Archive-Data-Management-and-Search-Interface\\Frontend\\src\\components\\UploadModal.js","statementMap":{"0":{"start":{"line":7,"column":20},"end":{"line":354,"column":1}},"1":{"start":{"line":8,"column":26},"end":{"line":8,"column":40}},"2":{"start":{"line":9,"column":40},"end":{"line":9,"column":52}},"3":{"start":{"line":10,"column":36},"end":{"line":10,"column":51}},"4":{"start":{"line":11,"column":28},"end":{"line":11,"column":40}},"5":{"start":{"line":12,"column":34},"end":{"line":21,"column":4}},"6":{"start":{"line":22,"column":34},"end":{"line":22,"column":48}},"7":{"start":{"line":23,"column":40},"end":{"line":23,"column":58}},"8":{"start":{"line":24,"column":38},"end":{"line":24,"column":50}},"9":{"start":{"line":27,"column":2},"end":{"line":42,"column":9}},"10":{"start":{"line":28,"column":28},"end":{"line":39,"column":5}},"11":{"start":{"line":29,"column":6},"end":{"line":38,"column":7}},"12":{"start":{"line":30,"column":8},"end":{"line":30,"column":27}},"13":{"start":{"line":31,"column":24},"end":{"line":31,"column":48}},"14":{"start":{"line":32,"column":8},"end":{"line":32,"column":32}},"15":{"start":{"line":34,"column":8},"end":{"line":34,"column":47}},"16":{"start":{"line":35,"column":8},"end":{"line":35,"column":27}},"17":{"start":{"line":37,"column":8},"end":{"line":37,"column":28}},"18":{"start":{"line":41,"column":4},"end":{"line":41,"column":22}},"19":{"start":{"line":44,"column":56},"end":{"line":61,"column":4}},"20":{"start":{"line":60,"column":29},"end":{"line":60,"column":54}},"21":{"start":{"line":63,"column":22},"end":{"line":69,"column":3}},"22":{"start":{"line":64,"column":4},"end":{"line":64,"column":41}},"23":{"start":{"line":64,"column":15},"end":{"line":64,"column":41}},"24":{"start":{"line":65,"column":4},"end":{"line":65,"column":67}},"25":{"start":{"line":65,"column":40},"end":{"line":65,"column":67}},"26":{"start":{"line":66,"column":4},"end":{"line":66,"column":67}},"27":{"start":{"line":66,"column":40},"end":{"line":66,"column":67}},"28":{"start":{"line":67,"column":4},"end":{"line":67,"column":67}},"29":{"start":{"line":67,"column":40},"end":{"line":67,"column":67}},"30":{"start":{"line":68,"column":4},"end":{"line":68,"column":30}},"31":{"start":{"line":71,"column":22},"end":{"line":77,"column":3}},"32":{"start":{"line":72,"column":4},"end":{"line":72,"column":29}},"33":{"start":{"line":72,"column":15},"end":{"line":72,"column":29}},"34":{"start":{"line":73,"column":4},"end":{"line":73,"column":55}},"35":{"start":{"line":73,"column":40},"end":{"line":73,"column":55}},"36":{"start":{"line":74,"column":4},"end":{"line":74,"column":55}},"37":{"start":{"line":74,"column":40},"end":{"line":74,"column":55}},"38":{"start":{"line":75,"column":4},"end":{"line":75,"column":55}},"39":{"start":{"line":75,"column":40},"end":{"line":75,"column":55}},"40":{"start":{"line":76,"column":4},"end":{"line":76,"column":18}},"41":{"start":{"line":79,"column":27},"end":{"line":87,"column":3}},"42":{"start":{"line":80,"column":4},"end":{"line":86,"column":5}},"43":{"start":{"line":81,"column":6},"end":{"line":84,"column":10}},"44":{"start":{"line":81,"column":27},"end":{"line":84,"column":7}},"45":{"start":{"line":85,"column":6},"end":{"line":85,"column":24}},"46":{"start":{"line":89,"column":23},"end":{"line":126,"column":3}},"47":{"start":{"line":90,"column":4},"end":{"line":90,"column":23}},"48":{"start":{"line":92,"column":4},"end":{"line":95,"column":5}},"49":{"start":{"line":93,"column":6},"end":{"line":93,"column":49}},"50":{"start":{"line":94,"column":6},"end":{"line":94,"column":13}},"51":{"start":{"line":97,"column":4},"end":{"line":125,"column":5}},"52":{"start":{"line":98,"column":6},"end":{"line":98,"column":25}},"53":{"start":{"line":99,"column":6},"end":{"line":99,"column":19}},"54":{"start":{"line":101,"column":23},"end":{"line":101,"column":37}},"55":{"start":{"line":102,"column":6},"end":{"line":102,"column":36}},"56":{"start":{"line":103,"column":6},"end":{"line":103,"column":41}},"57":{"start":{"line":104,"column":6},"end":{"line":104,"column":45}},"58":{"start":{"line":106,"column":6},"end":{"line":108,"column":7}},"59":{"start":{"line":107,"column":8},"end":{"line":107,"column":46}},"60":{"start":{"line":110,"column":6},"end":{"line":110,"column":50}},"61":{"start":{"line":111,"column":6},"end":{"line":111,"column":60}},"62":{"start":{"line":113,"column":21},"end":{"line":113,"column":51}},"63":{"start":{"line":115,"column":6},"end":{"line":117,"column":7}},"64":{"start":{"line":116,"column":8},"end":{"line":116,"column":32}},"65":{"start":{"line":118,"column":6},"end":{"line":118,"column":54}},"66":{"start":{"line":119,"column":6},"end":{"line":119,"column":39}},"67":{"start":{"line":119,"column":23},"end":{"line":119,"column":32}},"68":{"start":{"line":121,"column":6},"end":{"line":121,"column":47}},"69":{"start":{"line":122,"column":6},"end":{"line":122,"column":42}},"70":{"start":{"line":124,"column":6},"end":{"line":124,"column":26}},"71":{"start":{"line":128,"column":33},"end":{"line":138,"column":3}},"72":{"start":{"line":129,"column":4},"end":{"line":137,"column":7}},"73":{"start":{"line":130,"column":6},"end":{"line":136,"column":23}},"74":{"start":{"line":135,"column":62},"end":{"line":135,"column":88}},"75":{"start":{"line":140,"column":2},"end":{"line":353,"column":4}},"76":{"start":{"line":189,"column":31},"end":{"line":189,"column":44}},"77":{"start":{"line":204,"column":31},"end":{"line":204,"column":66}},"78":{"start":{"line":220,"column":31},"end":{"line":220,"column":61}},"79":{"start":{"line":237,"column":33},"end":{"line":237,"column":90}},"80":{"start":{"line":237,"column":5
[...]
":18},"end":{"line":42,"column":3}},"line":27},"2":{"name":"(anonymous_2)","decl":{"start":{"line":28,"column":28},"end":{"line":28,"column":29}},"loc":{"start":{"line":28,"column":40},"end":{"line":39,"column":5}},"line":28},"3":{"name":"(anonymous_3)","decl":{"start":{"line":60,"column":12},"end":{"line":60,"column":13}},"loc":{"start":{"line":60,"column":29},"end":{"line":60,"column":54}},"line":60},"4":{"name":"(anonymous_4)","decl":{"start":{"line":63,"column":22},"end":{"line":63,"column":23}},"loc":{"start":{"line":63,"column":28},"end":{"line":69,"column":3}},"line":63},"5":{"name":"(anonymous_5)","decl":{"start":{"line":71,"column":22},"end":{"line":71,"column":23}},"loc":{"start":{"line":71,"column":28},"end":{"line":77,"column":3}},"line":71},"6":{"name":"(anonymous_6)","decl":{"start":{"line":79,"column":27},"end":{"line":79,"column":28}},"loc":{"start":{"line":79,"column":33},"end":{"line":87,"column":3}},"line":79},"7":{"name":"(anonymous_7)","decl":{"start":{"line":81,"column":18},"end":{"line":81,"column":19}},"loc":{"start":{"line":81,"column":27},"end":{"line":84,"column":7}},"line":81},"8":{"name":"(anonymous_8)","decl":{"start":{"line":89,"column":23},"end":{"line":89,"column":24}},"loc":{"start":{"line":89,"column":36},"end":{"line":126,"column":3}},"line":89},"9":{"name":"(anonymous_9)","decl":{"start":{"line":119,"column":17},"end":{"line":119,"column":18}},"loc":{"start":{"line":119,"column":23},"end":{"line":119,"column":32}},"line":119},"10":{"name":"(anonymous_10)","decl":{"start":{"line":128,"column":33},"end":{"line":128,"column":34}},"loc":{"start":{"line":128,"column":54},"end":{"line":138,"column":3}},"line":128},"11":{"name":"(anonymous_11)","decl":{"start":{"line":129,"column":20},"end":{"line":129,"column":21}},"loc":{"start":{"line":130,"column":6},"end":{"line":136,"column":23}},"line":130},"12":{"name":"(anonymous_12)","decl":{"start":{"line":135,"column":53},"end":{"line":135,"column":54}},"loc":{"start":{"line":135,"column":62},"end":{"line":135,"column":88}},"line":135},"13":{"name":"(anonymous_13)","decl":{"start":{"line":189,"column":25},"end":{"line":189,"column":26}},"loc":{"start":{"line":189,"column":31},"end":{"line":189,"column":44}},"line":189},"14":{"name":"(anonymous_14)","decl":{"start":{"line":204,"column":24},"end":{"line":204,"column":25}},"loc":{"start":{"line":204,"column":31},"end":{"line":204,"column":66}},"line":204},"15":{"name":"(anonymous_15)","decl":{"start":{"line":220,"column":24},"end":{"line":220,"column":25}},"loc":{"start":{"line":220,"column":31},"end":{"line":220,"column":61}},"line":220},"16":{"name":"(anonymous_16)","decl":{"start":{"line":237,"column":26},"end":{"line":237,"column":27}},"loc":{"start":{"line":237,"column":33},"end":{"line":237,"column":90}},"line":237},"17":{"name":"(anonymous_17)","decl":{"start":{"line":237,"column":45},"end":{"line":237,"column":46}},"loc":{"start":{"line":237,"column":54},"end":{"line":237,"column":88}},"line":237},"18":{"name":"(anonymous_18)","decl":{"start":{"line":250,"column":26},"end":{"line":250,"column":27}},"loc":{"start":{"line":250,"column":33},"end":{"line":250,"column":97}},"line":250},"19":{"name":"(anonymous_19)","decl":{"start":{"line":250,"column":45},"end":{"line":250,"column":46}},"loc":{"start":{"line":250,"column":54},"end":{"line":250,"column":95}},"line":250},"20":{"name":"(anonymous_20)","decl":{"start":{"line":272,"column":26},"end":{"line":272,"column":27}},"loc":{"start":{"line":272,"column":33},"end":{"line":272,"column":100}},"line":272},"21":{"name":"(anonymous_21)","decl":{"start":{"line":272,"column":45},"end":{"line":272,"column":46}},"loc":{"start":{"line":272,"column":54},"end":{"line":272,"column":98}},"line":272},"22":{"name":"(anonymous_22)","decl":{"start":{"line":287,"column":28},"end":{"line":287,"column":29}},"loc":{"start":{"line":287,"column":35},"end":{"line":287,"column":64}},"line":287},"23":{"name":"(anonymous_23)","decl":{"start":{"line":288,"column":30},"end":{"line":288,"column":31}},"loc":{"start":{"line":288,"column":37},"end":{"line":288,"column":98}},"line":288},"24":{"name":"(anonymous_24)","decl":{"start":{"line":302,"column":39},"end":{"line":302,"column":40}},"loc":{"start":{"line":303,"column":18},"end":{"line":319,"column":23}},"line":303},"25":{"name":"(anonymous_25)","decl":{"start":{"line":310,"column":31},"end":{"line":310,"column":32}},"loc":{"start":{"line":310,"column":37},"end":{"line":313,"column":25}},"line":310},"26":{"name":"(anonymous_26)","decl":{"start":{"line":310,"column":49},"end":{"line":310,"column":50}},"loc":{"start":{"line":310,"column":58},"end":{"line":313,"column":23}},"line":310},"27":{"name":"(anonymous_27)","decl":{"start":{"line":312,"column":55},"end":{"line":312,"column":56}},"loc":{"start":{"line":312,"column":65},"end":{"line":312,"column":76}},"line":312}},"branchMap":{"0":{"loc":{"start":{"line":64,"column":4},"end":{"line":64,"column":41}},"type":"if","locations":[{"start":{"line":64,"column":4},"end":{"line":64,"column":41}},{"start":{},"end":{}}],"line":64},"1":{"loc":{"start":{"line":65,"column":4},"end":{"line":65,"column":67}},"type":"if","locations":[{"start":{"line":65,"column":4},"end":{"line":65,"column":67}},{"start":{},"end":{}}],"line":65},"2":{"loc":{"start":{"line":66,"column":4},"end":{"line":66,"column":67}},"type":"if","locations":[{"start":{"line":66,"column":4},"end":{"line":66,"column":67}},{"start":{},"end":{}}],"line":66},"3":{"loc":{"start":{"line":67,"column":4},"end":{"line":67,"column":67}},"type":"if","locations":[{"start":{"line":67,"column":4},"end":{"line":67,"column":67}},{"start":{},"end":{}}],"line":67},"4":{"loc":{"start":{"line":72,"column":4},"end":{"line":72,"column":29}},"type":"if","locations":[{"start":{"line":72,"column":4},"end":{"line":72,"column":29}},{"start":{},"end":{}}],"line":72},"5":{"loc":{"start":{"line":73,"column":4},"end":{"line":73,"column":55}},"type":"if","locations":[{"start":{"line":73,"column":4},"end":{"line":73,"column":55}},{"start":{},"end":{}}],"line":73},"6":{"loc":{"start":{"line":74,"column":4},"end":{"line":74,"column":55}},"type":"if","locations":[{"start":{"line":74,"column":4},"end":{"line":74,"column":55}},{"start":{},"end":{}}],"line":74},"7":{"loc":{"start":{"line":75,"column":4},"end":{"line":75,"column":55}},"type":"if","locations":[{"start":{"line":75,"column":4},"end":{"line":75,"column":55}},{"start":{},"end":{}}],"line":75},"8":{"loc":{"start":{"line":80,"column":4},"end":{"line":86,"column":5}},"type":"if","locations":[{"start":{"line":80,"column":4},"end":{"line":86,"column":5}},{"start":{},"end":{}}],"line":80},"9":{"loc":{"start":{"line":80,"column":8},"end":{"line":80,"column":75}},"type":"binary-expr","locations":[{"start":{"line":80,"column":8},"end":{"line":80,"column":25}},{"start":{"line":80,"column":29},"end":{"line":80,"column":75}}],"line":80},"10":{"loc":{"start":{"line":92,"column":4},"end":{"line":95,"column":5}},"type":"if","locations":[{"start":{"line":92,"column":4},"end":{"line":95,"column":5}},{"start":{},"end":{}}],"line":92},"11":{"loc":{"start":{"line":106,"column":6},"end":{"line":108,"column":7}},"type":"if","locations":[{"start":{"line":106,"column":6},"end":{"line":108,"column":7}},{"start":{},"end":{}}],"line":106},"12":{"loc":{"start":{"line":115,"column":6},"end":{"line":117,"column":7}},"type":"if","locations":[{"start":{"line":115,"column":6},"end":{"line":117,"column":7}},{"start":{},"end":{}}],"line":115},"13":{"loc":{"start":{"line":121,"column":15},"end":{"line":121,"column":45}},"type":"binary-expr","locations":[{"start":{"line":121,"column":15},"end":{"line":121,"column":26}},{"start":{"line":121,"column":30},"end":{"line":121,"column":45}}],"line":121},"14":{"loc":{"start":{"line":128,"column":40},"end":{"line":128,"column":49}},"type":"default-arg","locations":[{"start":{"line":128,"column":48},"end":{"line":128,"column":49}}],"line":128},"15":{"loc":{"start":{"line":132,"column":39},"end":{"line":132,"column":61}},"type":"cond-expr","locations":[{"start":{"line":132,"column":51},"end":{"line":132,"column":56}},{"start":{"line":132,"column":59},"end":{"line":132,"column":61}}],"line":132},"16":{"loc":{"start":{"line":134,"column":9},"end":{"line":135,"column":101}},"type":"binary-expr","locations":[{"start":{"line":134,"column":9},"end":{"line":134,"column":21}},{"start":{"line":134,"column":25},"end":{"line":134,"column":48}},{"start":{"line":135,"column":10},"end":{"line":135,"column":101}}],"line":134},"17":{"loc":{"start":{"line":150,"column":9},"end":{"line":154,"column":9}},"type":"binary-expr","locations":[{"start":{"line":150,"column":9},"end":{"line":150,"column":14}},{"start":{"line":151,"column":10},"end":{"line":153,"column":16}}],"line":150},"18":{"loc":{"start":{"line":160,"column":16},"end":{"line":160,"column":79}},"type":"cond-expr","locations":[{"start":{"line":160,"column":31},"end":{"line":160,"column":59}},{"start":{"line":160,"column":62},"end":{"line":160,"column":79}}],"line":160},"19":{"loc":{"start":{"line":168,"column":17},"end":{"line":177,"column":17}},"type":"cond-expr","locations":[{"start":{"line":169,"column":18},"end":{"line":174,"column":24}},{"start":{"line":176,"column":18},"end":{"line":176,"column":61}}],"line":168},"20":{"loc":{"start":{"line":185,"column":11},"end":{"line":195,"column":11}},"type":"binary-expr","locations":[{"start":{"line":185,"column":11},"end":{"line":185,"column":15}},{"start":{"line":186,"column":12},"end":{"line":194,"column":18}}],"line":185},"21":{"loc":{"start":{"line":203,"column":21},"end":{"line":203,"column":35}},"type":"binary-expr","locations":[{"start":{"line":203,"column":21},"end":{"line":203,"column":29}},{"start":{"line":203,"column":33},"end":{"line":203,"column":35}}],"line":203},"22":{"loc":{"start":{"line":204,"column":43},"end":{"line":204,"column":65}},"type":"binary-expr","locations":[{"start":{"line":204,"column":43},"end":{"line":204,"column":57}},{"start":{"line":204,"column":61},"end":{"line":204,"column":65}}],"line":204},"23":{"loc":{"start":{"line":214,"column":15},"end":{"line":214,"column":82}},"type":"cond-expr","locations":[{"start":{"line":214,"column":42},"end":{"line":214,"column":61}},{"start":{"line":214,"column":64},"end":{"line":214,"column":82}}],"line":214},"24":{"loc":{"start":{"line":288,"column":37},"end":{"line":288,"column":98}},"type":"binary-expr","locations":[{"start":{"line":288,"column":37},"end":{"line":288,"column":54}},{"start":{"line":288,"column":58},"end":{"line":288,"column":76}},{"start":{"line":288,"column":80},"end":{"line":288,"column":98}}],"line":288},"25":{"loc":{"start":{"line":337,"column":24},"end":{"line":337,"column":42}},"type":"binary-expr","locations":[{"start":{"line":337,"column":24},"end":{"line":337,"column":29}},{"start":{"line":337,"column":33},"end":{"line":337,"column":42}}],"line":337},"26":{"loc":{"start":{"line":339,"column":15},"end":{"line":347,"column":15}},"type":"cond-expr","locations":[{"start":{"line":340,"column":16},"end":{"line":342,"column":19}},{"start":{"line":344,"column":16},"end":{"line":346,"column":17}}],"line":339}},"s":{"0":1,"1":0,"2":0,"3":0,"4":0,"5":0,"6":0,"7":0,"8":0,"9":0,"10":0,"11":0,"12":0,"13":0,"14":0,"15":0,"16":0,"17":0,"18":0,"19":0,"20":0,"21":0,"22":0,"23":0,"24":0,"25":0,"26":0,"27":0,"28":0,"29":0,"30":0,"31":0,"32":0,"33":0,"34":0,"35":0,"36":0,"37":0,"38":0,"39":0,"40":0,"41":0,"42":0,"43":0,"44":0,"45":0,"46":0,"47":0,"48":0,"49":0,"50":0,"51":0,"52":0,"53":0,"54":0,"55":0,"56":0,"57":0,"58":0,"59":0,"60":0,"61":0,"62":0,"63":0,"64":0,"65":0,"66":0,"67":0,"68":0,"69":0,"70":0,"71":0,"72":0,"73":0,"74":0,"75":0,"76":0,"77":0,"78":0,"79":0,"80":0,"81":0,"82":0,"83":0,"84":0,"85":0,"86":0,"87":0,"88":0,"89":0,"90":0},"f":{"0":0,"1":0,"2":0,"3":0,"4":0,"5":0,"6":0,"7":0,"8":0,"9":0,"10":0,"11":0,"12":0,"13":0,"14":0,"15":0,"16":0,"17":0,"18":0,"19":0,"20":0,"21":0,"22":0,"23":0,"24":0,"25":0,"26":0,"27":0},"b":{"0":[0,0],"1":[0,0],"2":[0,0],"3":[0,0],"4":[0,0],"5":[0,0],"6":[0,0],"7":[0,0],"8":[0,0],"9":[0,0],"10":[0,0],"11":[0,0],"12":[0,0],"13":[0,0],"14":[0],"15":[0,0],"16":[0,0,0],"17":[0,0],"18":[0,0],"19":[0,0],"20":[0,0],"21":[0,0],"22":[0,0],"23":[0,0],"24":[0,0,0],"25":[0,0],"26":[0,0]},"_coverageSchema":"1a1c01bbd47fc00a2c39e90264f33305004495a9","hash":"c3d3be8b961546dd292987984d5c14e0605b116d"}
,"C:\\Users\\2654508\\Documents\\delete\\Constitutional-Archive-Data-Management-and-Search-Interface\\Frontend\\src\\components\\Uploader.js": {"path":"C:\\Users\\2654508\\Documents\\delete\\Constitutional-Archive-Data-Management-and-Search-Interface\\Frontend\\src\\components\\Uploader.js","statementMap":{"0":{"start":{"line":5,"column":17},"end":{"line":33,"column":1}},"1":{"start":{"line":6,"column":36},"end":{"line":6,"column":51}},"2":{"start":{"line":8,"column":30},"end":{"line":13,"column":3}},"3":{"start":{"line":9,"column":4},"end":{"line":11,"column":5}},"4":{"start":{"line":10,"column":6},"end":{"line":10,"column":30}},"5":{"start":{"line":12,"column":4},"end":{"line":12,"column":24}},"6":{"start":{"line":15,"column":2},"end":{"line":32,"column":4}},"7":{"start":{"line":18,"column":23},"end":{"line":18,"column":41}},"8":{"start":{"line":27,"column":25},"end":{"line":27,"column":44}}},"fnMap":{"0":{"name":"(anonymous_0)","decl":{"start":{"line":5,"column":17},"end":{"line":5,"column":18}},"loc":{"start":{"line":5,"column":42},"end":{"line":33,"column":1}},"line":5},"1":{"name":"(anonymous_1)","decl":{"start":{"line":8,"column":30},"end":{"line":8,"column":31}},"loc":{"start":{"line":8,"column":42},"end":{"line":13,"column":3}},"line":8},"2":{"name":"(anonymous_2)","decl":{"start":{"line":18,"column":17},"end":{"line":18,"column":18}},"loc":{"start":{"line":18,"column":23},"end":{"line":18,"column":41}},"line":18},"3":{"name":"(anonymous_3)","decl":{"start":{"line":27,"column":19},"end":{"line":27,"column":20}},"loc":{"start":{"line":27,"column":25},"end":{"line":27,"column":44}},"line":27}},"branchMap":{"0":{"loc":{"start":{"line":9,"column":4},"end":{"line":11,"column":5}},"type":"if","locations":[{"start":{"line":9,"column":4},"end":{"line":11,"column":5}},{"start":{},"end":{}}],"line":9},"1":{"loc":{"start":{"line":25,"column":7},"end":{"line":30,"column":7}},"type":"binary-expr","locations":[{"start":{"line":25,"column":7},"end":{"line":25,"column":16}},{"start":{"line":26,"column":8},"end":{"line":29,"column":10}}],"line":25}},"s":{"0":0,"1":0,"2":0,"3":0,"4":0,"5":0,"6":0,"7":0,"8":0},"f":{"0":0,"1":0,"2":0,"3":0},"b":{"0":[0,0],"1":[0,0]}}
,"C:\\Users\\2654508\\Documents\\delete\\Constitutional-Archive-Data-Management-and-Search-Interface\\Frontend\\src\\context\\AuthContext.js": {"path":"C:\\Users\\2654508\\Documents\\delete\\Constitutional-Archive-Data-Management-and-Search-Interface\\Frontend\\src\\context\\AuthContext.js","statementMap":{"0":{"start":{"line":4,"column":20},"end":{"line":4,"column":35}},"1":{"start":{"line":7,"column":26},"end":{"line":7,"column":40}},"2":{"start":{"line":8,"column":19},"end":{"line":8,"column":32}},"3":{"start":{"line":10,"column":2},"end":{"line":13,"column":9}},"4":{"start":{"line":11,"column":23},"end":{"line":11,"column":51}},"5":{"start":{"line":12,"column":4},"end":{"line":12,"column":52}},"6":{"start":{"line":12,"column":20},"end":{"line":12,"column":52}},"7":{"start":{"line":15,"column":16},"end":{"line":17,"column":3}},"8":{"start":{"line":19,"column":17},"end":{"line":24,"column":3}},"9":{"start":{"line":20,"column":4},"end":{"line":20,"column":37}},"10":{"start":{"line":21,"column":4},"end":{"line":21,"column":36}},"11":{"start":{"line":22,"column":4},"end":{"line":22,"column":18}},"12":{"start":{"line":23,"column":4},"end":{"line":23,"column":23}},"13":{"start":{"line":26,"column":2},"end":{"line":30,"column":4}},"14":{"start":{"line":33,"column":23},"end":{"line":33,"column":52}},"15":{"start":{"line":33,"column":29},"end":{"line":33,"column":52}}},"fnMap":{"0":{"name":"AuthProvider","decl":{"start":{"line":6,"column":16},"end":{"line":6,"column":28}},"loc":{"start":{"line":6,"column":43},"end":{"line":31,"column":1}},"line":6},"1":{"name":"(anonymous_1)","decl":{"start":{"line":10,"column":12},"end":{"line":10,"column":13}},"loc":{"start":{"line":10,"column":18},"end":{"line":13,"column":3}},"line":10},"2":{"name":"(anonymous_2)","decl":{"start":{"line":15,"column":16},"end":{"line":15,"column":17}},"loc":{"start":{"line":15,"column":43},"end":{"line":17,"column":3}},"line":15},"3":{"name":"(anonymous_3)","decl":{"start":{"line":19,"column":17},"end":{"line":19,"column":18}},"loc":{"start":{"line":19,"column":23},"end":{"line":24,"column":3}},"line":19},"4":{"name":"(anonymous_4)","decl":{"start":{"line":33,"column":23},"end":{"line":33,"column":24}},"loc":{"start":{"line":33,"column":29},"end":{"line":33,"column":52}},"line":33}},"branchMap":{"0":{"loc":{"start":{"line":12,"column":4},"end":{"line":12,"column":52}},"type":"if","locations":[{"start":{"line":12,"column":4},"end":{"line":12,"column":52}},{"start":{},"end":{}}],"line":12}},"s":{"0":0,"1":0,"2":0,"3":0,"4":0,"5":0,"6":0,"7":0,"8":0,"9":0,"10":0,"11":0,"12":0,"13":0,"14":0,"15":0},"f":{"0":0,"1":0,"2":0,"3":0,"4":0},"b":{"0":[0,0]}}
,"C:\\Users\\2654508\\Documents\\delete\\Constitutional-Archive-Data-Management-and-Search-Interface\\Frontend\\src\\services\\uploadService.js": {"path":"C:\\Users\\2654508\\Documents\\delete\\Constitutional-Archive-Data-Management-and-Search-Interface\\Frontend\\src\\services\\uploadService.js","statementMap":{"0":{"start":{"line":6,"column":30},"end":{"line":28,"column":1}},"1":{"start":{"line":7,"column":2},"end":{"line":27,"column":3}},"2":{"start":{"line":8,"column":18},"end":{"line":8,"column":51}},"3":{"start":{"line":10,"column":21},"end":{"line":20,"column":6}},"4":{"start":{"line":17,"column":33},"end":{"line":17,"column":95}},"5":{"start":{"line":18,"column":8},"end":{"line":18,"column":61}},"6":{"start":{"line":21,"column":4},"end":{"line":21,"column":54}},"7":{"start":{"line":22,"column":4},"end":{"line":22,"column":25}},"8":{"start":{"line":24,"column":4},"end":{"line":24,"column":82}},"9":{"start":{"line":25,"column":25},"end":{"line":25,"column":71}},"10":{"start":{"line":26,"column":4},"end":{"line":26,"column":34}},"11":{"start":{"line":30,"column":32},"end":{"line":44,"column":1}},"12":{"start":{"line":31,"column":2},"end":{"line":43,"column":3}},"13":{"start":{"line":32,"column":18},"end":{"line":32,"column":51}},"14":{"start":{"line":34,"column":21},"end":{"line":38,"column":6}},"15":{"start":{"line":40,"column":4},"end":{"line":40,"column":25}},"16":{"start":{"line":42,"column":4},"end":{"line":42,"column":51}}},"fnMap":{"0":{"name":"(anonymous_0)","decl":{"start":{"line":6,"column":30},"end":{"line":6,"column":31}},"loc":{"start":{"line":6,"column":50},"end":{"line":28,"column":1}},"line":6},"1":{"name":"(anonymous_1)","decl":{"start":{"line":15,"column":24},"end":{"line":15,"column":25}},"loc":{"start":{"line":15,"column":43},"end":{"line":19,"column":7}},"line":15},"2":{"name":"(anonymous_2)","decl":{"start":{"line":30,"column":32},"end":{"line":30,"column":33}},"loc":{"start":{"line":30,"column":44},"end":{"line":44,"column":1}},"line":30}},"branchMap":{"0":{"loc":{"start":{"line":24,"column":43},"end":{"line":24,"column":80}},"type":"binary-expr","locations":[{"start":{"line":24,"column":43},"end":{"line":24,"column":63}},{"start":{"line":24,"column":67},"end":{"line":24,"column":80}}],"line":24},"1":{"loc":{"start":{"line":25,"column":25},"end":{"line":25,"column":71}},"type":"binary-expr","locations":[{"start":{"line":25,"column":25},"end":{"line":25,"column":52}},{"start":{"line":25,"column":56},"end":{"line":25,"column":71}}],"line":25}},"s":{"0":1,"1":0,"2":0,"3":0,"4":0,"5":0,"6":0,"7":0,"8":0,"9":0,"10":0,"11":1,"12":0,"13":0,"14":0,"15":0,"16":0},"f":{"0":0,"1":0,"2":0},"b":{"0":[0,0],"1":[0,0]},"_coverageSchema":"1a1c01bbd47fc00a2c39e90264f33305004495a9","hash":"fb027000bd3d964baf46a0204e936762d0a53434"}
}
