{"C:\\Users\\2603646\\Constitutional-Archive-Data-Management-and-Search-Interface\\Frontend\\src\\ConstitutionalArchiveHomepage.js": {"path":"C:\\Users\\2603646\\Constitutional-Archive-Data-Management-and-Search-Interface\\Frontend\\src\\ConstitutionalArchiveHomepage.js","statementMap":{"0":{"start":{"line":6,"column":24},"end":{"line":58,"column":1}},"1":{"start":{"line":7,"column":19},"end":{"line":56,"column":3}},"2":{"start":{"line":57,"column":2},"end":{"line":57,"column":42}},"3":{"start":{"line":60,"column":21},"end":{"line":60,"column":78}},"4":{"start":{"line":60,"column":33},"end":{"line":60,"column":78}},"5":{"start":{"line":63,"column":28},"end":{"line":88,"column":1}},"6":{"start":{"line":91,"column":24},"end":{"line":124,"column":1}},"7":{"start":{"line":127,"column":19},"end":{"line":136,"column":1}},"8":{"start":{"line":139,"column":40},"end":{"line":139,"column":52}},"9":{"start":{"line":140,"column":44},"end":{"line":140,"column":58}},"10":{"start":{"line":141,"column":40},"end":{"line":141,"column":55}},"11":{"start":{"line":142,"column":28},"end":{"line":142,"column":42}},"12":{"start":{"line":144,"column":29},"end":{"line":146,"column":3}},"13":{"start":{"line":145,"column":4},"end":{"line":145,"column":35}},"14":{"start":{"line":148,"column":30},"end":{"line":162,"column":3}},"15":{"start":{"line":149,"column":4},"end":{"line":149,"column":33}},"16":{"start":{"line":149,"column":22},"end":{"line":149,"column":33}},"17":{"start":{"line":151,"column":4},"end":{"line":161,"column":5}},"18":{"start":{"line":153,"column":21},"end":{"line":153,"column":70}},"19":{"start":{"line":155,"column":21},"end":{"line":155,"column":84}},"20":{"start":{"line":156,"column":22},"end":{"line":156,"column":34}},"21":{"start":{"line":157,"column":6},"end":{"line":157,"column":41}},"22":{"start":{"line":159,"column":6},"end":{"line":159,"column":58}},"23":{"start":{"line":160,"column":6},"end":{"line":160,"column":17}},"24":{"start":{"line":164,"column":29},"end":{"line":241,"column":3}},"25":{"start":{"line":165,"column":4},"end":{"line":165,"column":23}},"26":{"start":{"line":166,"column":18},"end":{"line":166,"column":36}},"27":{"start":{"line":167,"column":4},"end":{"line":167,"column":23}},"28":{"start":{"line":167,"column":16},"end":{"line":167,"column":23}},"29":{"start":{"line":169,"column":4},"end":{"line":169,"column":25}},"30":{"start":{"line":170,"column":4},"end":{"line":170,"column":19}},"31":{"start":{"line":172,"column":4},"end":{"line":240,"column":5}},"32":{"start":{"line":173,"column":23},"end":{"line":173,"column":112}},"33":{"start":{"line":174,"column":6},"end":{"line":174,"column":76}},"34":{"start":{"line":174,"column":24},"end":{"line":174,"column":76}},"35":{"start":{"line":176,"column":19},"end":{"line":176,"column":40}},"36":{"start":{"line":177,"column":19},"end":{"line":227,"column":8}},"37":{"start":{"line":178,"column":24},"end":{"line":178,"column":41}},"38":{"start":{"line":179,"column":27},"end":{"line":179,"column":46}},"39":{"start":{"line":180,"column":29},"end":{"line":180,"column":50}},"40":{"start":{"line":181,"column":27},"end":{"line":181,"column":59}},"41":{"start":{"line":183,"column":22},"end":{"line":183,"column":24}},"42":{"start":{"line":184,"column":8},"end":{"line":216,"column":9}},"43":{"start":{"line":186,"column":24},"end":{"line":186,"column":53}},"44":{"start":{"line":187,"column":22},"end":{"line":187,"column":79}},"45":{"start":{"line":190,"column":26},"end":{"line":190,"column":55}},"46":{"start":{"line":191,"column":24},"end":{"line":191,"column":43}},"47":{"start":{"line":194,"column":30},"end":{"line":194,"column":31}},"48":{"start":{"line":195,"column":27},"end":{"line":195,"column":28}},"49":{"start":{"line":196,"column":10},"end":{"line":202,"column":11}},"50":{"start":{"line":197,"column":12},"end":{"line":197,"column":42}},"51":{"start":{"line":198,"column":12},"end":{"line":201,"column":13}},"52":{"start":{"line":199,"column":14},"end":{"line":199,"column":34}},"53":{"start":{"line":200,"column":14},"end":{"line":200,"column":20}},"54":{"start":{"line":205,"column":28},"end":{"line":205,"column":58}},"55":{"start":{"line":206,"column":26},"end":{"line":206,"column":67}},"56":{"start":{"line":207,"column":10},"end":{"line":207,"column":63}},"57":{"start":{"line":210,"column":10},"end":{"line":210,"column":49}},"58":{"start":{"line":210,"column":25},"end":{"line":210,"column":49}},"59":{"start":{"line":211,"column":10},"end":{"line":211,"column":51}},"60":{"start":{"line":211,"column":36},"end":{"line":211,"column":51}},"61":{"start":{"line":214,"column":10},"end":{"line":214,"column":63}},"62":{"start":{"line":215,"column":10},"end":{"line":215,"column":62}},"63":{"start":{"line":215,"column":47},"end":{"line":215,"column":62}},"64":{"start":{"line":218,"column":27},"end":{"line":218,"column":73}},"65":{"start":{"line":219,"column":8},"end":{"line":226,"column":10}},"66":{"start":{"line":229,"column":6},"end":{"line":233,"column":9}},"67":{"start":{"line":235,"column":6},"end":{"line":235,"column":43}},"68":{"start":{"line":236,"column":6},"end":{"line":236,"column":68}},"69":{"start":{"line":237,"column":6},"end":{"line":237,"column":29}},"70":{"start":{"line":239,"column":6},"end":{"line":239,"column":28}},"71":{"start":{"line":243,"column":22},"end":{"line":247,"column":3}},"72":{"start":{"line":244,"column":4},"end":{"line":244,"column":23}},"73":{"start":{"line":245,"column":4},"end":{"line":245,"column":27}},"74":{"start":{"line":246,"column":4},"end":{"line":246,"column":19}},"75":{"start":{"line":249,"column":2},"end":{"line":668,"column":4}},"76":{"start":{"line":345,"column":33},"end":{"line":345,"column":84}},"77":{"start":{"line":346,"column":37},"end":{"line":346,"column":58}},"78":{"start":{"line":347,"column":32},"end":{"line":347,"column":50}},"79":{"start":{"line":348,"column":39},"end":{"line":348,"column":61}},"80":{"start":{"line":351,"column":40},"end":{"line":351,"column":101}},"81":{"start":{"line":354,"column":38},"end":{"line":359,"column":19}},"82":{"start":{"line":355,"column":20},"end":{"line":355,"column":66}},"83":{"start":{"line":355,"column":54},"end":{"line":355,"column":66}},"84":{"start":{"line":356,"column":20},"end":{"line":356,"column":67}},"85":{"start":{"line":356,"column":55},"end":{"line":356,"column":67}},"86":{"start":{"line":357,"column":20},"end":{"line":357,"column":67}},"87":{"start":{"line":357,"column":55},"end":{"line":357,"column":67}},"88":{"start":{"line":358,"column":20},"end":{"line":358,"column":32}},"89":{"start":{"line":362,"column":42},"end":{"line":374,"column":19}},"90":{"start":{"line":363,"column":20},"end":{"line":363,"column":76}},"91":{"start":{"line":363,"column":54},"end":{"line":363,"column":76}},"92":{"start":{"line":364,"column":20},"end":{"line":364,"column":77}},"93":{"start":{"line":364,"column":55},"end":{"line":364,"column":77}},"94":{"start":{"line":365,"column":20},"end":{"line":365,"column":78}},"95":{"start":{"line":365,"column":55},"end":{"line":365,"column":78}},"96":{"start":{"line":368,"column":20},"end":{"line":368,"column":85}},"97":{"start":{"line":368,"column":66},"end":{"line":368,"column":85}},"98":{"start":{"line":369,"column":20},"end":{"line":369,"column":81}},"99":{"start":{"line":369,"column":64},"end":{"line":369,"column":81}},"100":{"start":{"line":370,"column":20},"end":{"line":370,"column":83}},"101":{"start":{"line":370,"column":65},"end":{"line":370,"column":83}},"102":{"start":{"line":371,"column":20},"end":{"line":371,"column":91}},"103":{"start":{"line":371,"column":69},"end":{"line":371,"column":91}},"104":{"start":{"line":373,"column":20},"end":{"line":373,"column":38}},"105":{"start":{"line":376,"column":35},"end":{"line":376,"column":76}},"106":{"start":{"line":378,"column":18},"end":{"line":434,"column":20}},"107":{"start":{"line":403,"column":28},"end":{"line":409,"column":29}},"108":{"start":{"line":463,"column":39},"end":{"line":463,"column":72}},"109":{"start":{"line":464,"column":18},"end":{"line":491,"column":20}},"110":{"start":{"line":510,"column":39},"end":{"line":510,"column":65}},"111":{"start":{"line":511,"column":18},"end":{"line":551,"column":20}},"112":{"start":{"line":564,"column":33},"end":{"line":564,"column":84}},"113":{"start":{"line":565,"column":37},"end":{"line":565,"column":58}},"114":{"start":{"line":566,"column":32},"end":{"line":566,"column":50}},"115":{"start":{"line":567,"column":39},"end":{"line":567,"column":61}},"116":{"start":{"line":569,"column":18},"end":{"line":581,"column":20}}},"fnMap":{"0":{"name":"(anonymous_0)","decl":{"start":{"line":6,"column":24},"end":{"line":6,"column":25}},"loc":{"start":{"line":6,"column":35},"end":{"line":58,"column":1}},"line":6},"1":{"name":"(anonymous_1)","decl":{"start":{"line":60,"column":21},"end":{"line":60,"column":22}},"loc":{"start":{"line":60,"column":33},"end":{"line":60,"column":78}},"line":60},"2":{"name":"ConstitutionalArchiveHomepage","decl":{"start":{"line":138,"column":24},"end":{"line":138,"column":53}},"loc":{"start":{"line":138,"column":56},"end":{"line":669,"column":1}},"line":138},"3":{"name":"(anonymous_3)","decl":{"start":{"line":144,"column":29},"end":{"line":144,"column":30}},"loc":{"start":{"line":144,"column":36},"end":{"line":146,"column":3}},"line":144},"4":{"name":"(anonymous_4)","decl":{"start":{"line":148,"column":30},"end":{"line":148,"column":31}},"loc":{"start":{"line":148,"column":47},"end":{"line":162,"column":3}},"line":148},"5":{"name":"(anonymous_5)","decl":{"start":{"line":164,"column":29},"end":{"line":164,"column":30}},"loc":{"start":{"line":164,"column":42},"end":{"line":241,"column":3}},"line":164},"6":{"name":"(anonymous_6)","decl":{"start":{"line":177,"column":42},"end":{"line":177,"column":43}},"loc":{"start":{"line":177,"column":56},"end":{"line":227,"column":7}},"line":177},"7":{"name":"(anonymous_7)","decl":{"start":{"line":243,"column":22},"end":{"line":243,"column":23}},"loc":{"start":{"line":243,"column":28},"end":{"line":247,"column":3}},"line":243},"8":{"name":"(anonymous_8)","decl":{"start":{"line":343,"column":43},"end":{"line":343,"column":44}},"loc":{"start":{"line":343,"column":62},"end":{"line":435,"column":17}},"line":343},"9":{"name":"(anonymous_9)","decl":{"start":{"line":354,"column":38},"end":{"line":354,"column":39}},"loc":{"start":{"line":354,"column":48},"end":{"line":359,"column":19}},"line":354},"10":{"name":"(anonymous_10)","decl":{"start":{"line":362,"column":42},"end":{"line":362,"column":43}},"loc":{"start":{"line":362,"column":58},"end":{"line":374,"column":19}},"line":362},"11":{"name":"(anonymous_11)","decl":{"start":{"line":402,"column":112},"end":{"line":402,"column":113}},"loc":{"start":{"line":403,"column":28},"end":{"line":409,"column":29}},"line":403},"12":{"name":"(anonymous_12)","decl":{"start":{"line":462,"column":41},"end":{"line":462,"column":42}},"loc":{"start":{"line":462,"column":57},"end":{"line":492,"column":17}},"line":462},"13":{"name":"(anonymous_13)","decl":{"start":{"line":509,"column":37},"end":{"line":509,"column":38}},"loc":{"start":{"line":509,"column":46},"end":{"line":552,"column":17}},"line":509},"14":{"name":"(anonymous_14)","decl":{"start":{"line":563,"column":32},"end":{"line":563,"column":33}},"loc":{"start":{"line":563,"column":53},"end":{"line":582,"column":17}},"line":563}},"branchMap":{"0":{"loc":{"start":{"line":57,"column":9},"end":{"line":57,"column":41}},"type":"binary-expr","locations":[{"start":{"line":57,"column":9},"end":{"line":57,"column":24}},{"start":{"line":57,"column":28},"end":{"line":57,"column":41}}],"line":57},"1":{"loc":{"start":{"line":149,"column":4},"end":{"line":149,"column":33}},"type":"if","locations":[{"start":{"line":149,"column":4},"end":{"line":149,"column":33}},{"start":{},"end":{}}],"line":149},"2":{"loc":{"start":{"line":167,"column":4},"end":{"line":167,"column":23}},"type":"if","locations":[{"start":{"line":167,"column":4},"end":{"line":167,"column":23}},{"start":{},"end":{}}],"line":167},"3":{"loc":{"start":{"line":174,"column":6},"end":{"line":174,"column":76}},"type":"if","locations":[{"start":{"line":174,"column":6},"end":{"line":174,"column":76}},{"start":{},"end":{}}],"line":174},"4":{"loc":{"start":{"line":177,"column":20},"end":{"line":177,"column":36}},"type":"binary-expr","locations":[{"start":{"line":177,"column":20},"end":{"line":177,"column":30}},{"start":{"line":177,"column":34},"end":{"line":177,"column":36}}],"line":177},"5":{"loc":{"start":{"line":178,"column":24},"end":{"line":178,"column":41}},"type":"binary-expr","locations":[{"start":{"line":178,"column":24},"end":{"line":178,"column":35}},{"start":{"line":178,"column":39},"end":{"line":178,"column":41}}],"line":178},"6":{"loc":{"start":{"line":184,"column":8},"end":{"line":216,"column":9}},"type":"if","locations":[{"start":{"line":184,"column":8},"end":{"line":216,"column":9}},{"start":{"line":212,"column":15},"end":{"line":216,"column":9}}],"line":184},"7":{"loc":{"start":{"line":198,"column":12},"end":{"line":201,"column":13}},"type":"if","locations":[{"start":{"line":198,"column":12},"end":{"line":201,"column":13}},{"start":{},"end":{}}],"line":198},"8":{"loc":{"start":{"line":210,"column":10},"end":{"line":210,"column":49}},"type":"if","locations":[{"start":{"line":210,"column":10},"end":{"line":210,"column":49}},{"start":{},"end":{}}],"line":210},"9":{"loc":{"start":{"line":211,"column":10},"end":{"line":211,"column":51}},"type":"if","locations":[{"start":{"line":211,"column":10},"end":{"line":211,"column":51}},{"start":{},"end":{}}],"line":211},"10":{"loc":{"start":{"line":215,"column":10},"end":{"line":215,"column":62}},"type":"if","locations":[{"start":{"line":215,"column":10},"end":{"line":215,"column":62}},{"start":{},"end":{}}],"line":215},"11":{"loc":{"start":{"line":220,"column":14},"end":{"line":220,"column":75}},"type":"binary-expr","locations":[{"start":{"line":220,"column":14},"end":{"line":220,"column":39}},{"start":{"line":220,"column":43},"end":{"line":220,"column":68}},{"start":{"line":220,"column":72},"end":{"line":220,"column":75}}],"line":220},"12":{"loc":{"start":{"line":221,"column":16},"end":{"line":221,"column":78}},"type":"binary-expr","locations":[{"start":{"line":221,"column":16},"end":{"line":221,"column":41}},{"start":{"line":221,"column":45},"end":{"line":221,"column":53}},{"start":{"line":221,"column":57},"end":{"line":221,"column":78}}],"line":221},"13":{"loc":{"start":{"line":231,"column":15},"end":{"line":231,"column":50}},"type":"binary-expr","locations":[{"start":{"line":231,"column":15},"end":{"line":231,"column":35}},{"start":{"line":231,"column":39},"end":{"line":231,"column":50}}],"line":231},"14":{"loc":{"start":{"line":273,"column":70},"end":{"line":273,"column":97}},"type":"cond-expr","locations":[{"start":{"line":273,"column":86},"end":{"line":273,"column":92}},{"start":{"line":273,"column":95},"end":{"line":273,"column":97}}],"line":273},"15":{"loc":{"start":{"line":291,"column":11},"end":{"line":299,"column":11}},"type":"binary-expr","locations":[{"start":{"line":291,"column":11},"end":{"line":291,"column":22}},{"start":{"line":292,"column":12},"end":{"line":298,"column":21}}],"line":291},"16":{"loc":{"start":{"line":305,"column":13},"end":{"line":312,"column":13}},"type":"cond-expr","locations":[{"start":{"line":306,"column":14},"end":{"line":309,"column":17}},{"start":{"line":311,"column":14},"end":{"line":311,"column":33}}],"line":305},"17":{"loc":{"start":{"line":316,"column":9},"end":{"line":321,"column":9}},"type":"binary-expr","locations":[{"start":{"line":316,"column":9},"end":{"line":316,"column":14}},{"start":{"line":317,"column":10},"end":{"line":320,"column":16}}],"line":316},"18":{"loc":{"start":{"line":325,"column":7},"end":{"line":450,"column":7}},"type":"binary-expr","locations":[{"start":{"line":325,"column":7},"end":{"line":325,"column":20}},{"start":{"line":326,"column":8},"end":{"line":449,"column":18}}],"line":325},"19":{"loc":{"start":{"line":336,"column":47},"end":{"line":336,"column":83}},"type":"cond-expr","locations":[{"start":{"line":336,"column":75},"end":{"line":336,"column":78}},{"start":{"line":336,"column":81},"end":{"line":336,"column":83}}],"line":336},"20":{"loc":{"start":{"line":351,"column":40},"end":{"line":351,"column":101}},"type":"cond-expr","locations":[{"start":{"line":351,"column":54},"end":{"line":351,"column":96}},{"start":{"line":351,"column":99},"end":{"line":351,"column":101}}],"line":351},"21":{"loc":{"start":{"line":355,"column":20},"end":{"line":355,"column":66}},"type":"if","locations":[{"start":{"line":355,"column":20},"end":{"line":355,"column":66}},{"start":{},"end":{}}],"line":355},"22":{"loc":{"start":{"line":355,"column":24},"end":{"line":355,"column":52}},"type":"binary-expr","locations":[{"start":{"line":355,"column":24},"end":{"line":355,"column":28}},{"start":{"line":355,"column":32},"end":{"line":355,"column":52}}],"line":355},"23":{"loc":{"start":{"line":356,"column":20},"end":{"line":356,"column":67}},"type":"if","locations":[{"start":{"line":356,"column":20},"end":{"line":356,"column":67}},{"start":{},"end":{}}],"line":356},"24":{"loc":{"start":{"line":356,"column":24},"end":{"line":356,"column":53}},"type":"binary-expr","locations":[{"start":{"line":356,"column":24},"end":{"line":356,"column":28}},{"start":{"line":356,"column":32},"end":{"line":356,"column":53}}],"line":356},"25":{"loc":{"start":{"line":357,"column":20},"end":{"line":357,"column":67}},"type":"if","locations":[{"start":{"line":357,"column":20},"end":{"line":357,"column":67}},{"start":{},"end":{}}],"line":357},"26":{"loc":{"start":{"line":357,"column":24},"end":{"line":357,"column":53}},"type":"binary-expr","locations":[{"start":{"line":357,"column":24},"end":{"line":357,"column":28}},{"start":{"line":357,"column":32},"end":{"line":357,"column":53}}],"line":357},"27":{"loc":{"start":{"line":363,"column":20},"end":{"line":363,"column":76}},"type":"if","locations":[{"start":{"line":363,"column":20},"end":{"line":363,"column":76}},{"start":{},"end":{}}],"line":363},"28":{"loc":{"start":{"line":363,"column":24},"end":{"line":363,"column":52}},"type":"binary-expr","locations":[{"start":{"line":363,"column":24},"end":{"line":363,"column":28}},{"start":{"line":363,"column":32},"end":{"line":363,"column":52}}],"line":363},"29":{"loc":{"start":{"line":364,"column":20},"end":{"line":364,"column":77}},"type":"if","locations":[{"start":{"line":364,"column":20},"end":{"line":364,"column":77}},{"start":{},"end":{}}],"line":364},"30":{"loc":{"start":{"line":364,"column":24},"end":{"line":364,"column":53}},"type":"binary-expr","locations":[{"start":{"line":364,"column":24},"end":{"line":364,"column":28}},{"start":{"line":364,"column":32},"end":{"line":364,"column":53}}],"line":364},"31":{"loc":{"start":{"line":365,"column":20},"end":{"line":365,"column":78}},"type":"if","locations":[{"start":{"line":365,"column":20},"end":{"line":365,"column":78}},{"start":{},"end":{}}],"line":365},"32":{"loc":{"start":{"line":365,"column":24},"end":{"line":365,"column":53}},"type":"binary-expr","locations":[{"start":{"line":365,"column":24},"end":{"line":365,"column":28}},{"start":{"line":365,"column":32},"end":{"line":365,"column":53}}],"line":365},"33":{"loc":{"start":{"line":368,"column":20},"end":{"line":368,"column":85}},"type":"if","locations":[{"start":{"line":368,"column":20},"end":{"line":368,"column":85}},{"start":{},"end":{}}],"line":368},"34":{"loc":{"start":{"line":369,"column":20},"end":{"line":369,"column":81}},"type":"if","locations":[{"start":{"line":369,"column":20},"end":{"line":369,"column":81}},{"start":{},"end":{}}],"line":369},"35":{"loc":{"start":{"line":370,"column":20},"end":{"line":370,"column":83}},"type":"if","locations":[{"start":{"line":370,"column":20},"end":{"line":370,"column":83}},{"start":{},"end":{}}],"line":370},"36":{"loc":{"start":{"line":371,"column":20},"end":{"line":371,"column":91}},"type":"if","locations":[{"start":{"line":371,"column":20},"end":{"line":371,"column":91}},{"start":{},"end":{}}],"line":371},"37":{"loc":{"start":{"line":403,"column":28},"end":{"line":409,"column":29}},"type":"cond-expr","locations":[{"start":{"line":404,"column":30},"end":{"line":406,"column":37}},{"start":{"line":408,"column":30},"end":{"line":408,"column":34}}],"line":403},"38":{"loc":{"start":{"line":419,"column":29},"end":{"line":421,"column":29}},"type":"binary-expr","locations":[{"start":{"line":419,"column":29},"end":{"line":419,"column":42}},{"start":{"line":420,"column":30},"end":{"line":420,"column":73}}],"line":419},"39":{"loc":{"start":{"line":452,"column":7},"end":{"line":587,"column":7}},"type":"binary-expr","locations":[{"start":{"line":452,"column":7},"end":{"line":452,"column":21}},{"start":{"line":453,"column":8},"end":{"line":586,"column":11}}],"line":452}},"s":{"0":1,"1":2160,"2":2160,"3":1,"4":0,"5":1,"6":1,"7":1,"8":145,"9":144,"10":144,"11":144,"12":144,"13":120,"14":144,"15":0,"16":0,"17":0,"18":0,"19":0,"20":0,"21":0,"22":0,"23":0,"24":144,"25":7,"26":7,"27":7,"28":1,"29":6,"30":6,"31":6,"32":6,"33":5,"34":1,"35":0,"36":0,"37":0,"38":0,"39":0,"40":0,"41":0,"42":0,"43":0,"44":0,"45":0,"46":0,"47":0,"48":0,"49":0,"50":0,"51":0,"52":0,"53":0,"54":0,"55":0,"56":0,"57":0,"58":0,"59":0,"60":0,"61":0,"62":0,"63":0,"64":0,"65":0,"66":0,"67":6,"68":6,"69":6,"70":6,"71":144,"72":1,"73":1,"74":1,"75":144,"76":0,"77":0,"78":0,"79":0,"80":0,"81":0,"82":0,"83":0,"84":0,"85":0,"86":0,"87":0,"88":0,"89":0,"90":0,"91":0,"92":0,"93":0,"94":0,"95":0,"96":0,"97":0,"98":0,"99":0,"100":0,"101":0,"102":0,"103":0,"104":0,"105":0,"106":0,"107":0,"108":432,"109":432,"110":576,"111":576,"112":1152,"113":1152,"114":1152,"115":1152,"116":1152},"f":{"0":2160,"1":0,"2":145,"3":120,"4":0,"5":7,"6":0,"7":1,"8":0,"9":0,"10":0,"11":0,"12":432,"13":576,"14":1152},"b":{"0":[2160,0],"1":[0,0],"2":[1,6],"3":[1,0],"4":[0,0],"5":[0,0],"6":[0,0],"7":[0,0],"8":[0,0],"9":[0,0],"10":[0,0],"11":[0,0,0],"12":[0,0,0],"13":[0,0],"14":[0,144],"15":[144,132],"16":[6,138],"17":[144,6],"18":[144,0],"19":[0,0],"20":[0,0],"21":[0,0],"22":[0,0],"23":[0,0],"24":[0,0],"25":[0,0],"26":[0,0],"27":[0,0],"28":[0,0],"29":[0,0],"30":[0,0],"31":[0,0],"32":[0,0],"33":[0,0],"34":[0,0],"35":[0,0],"36":[0,0],"37":[0,0],"38":[0,0],"39":[144,144]},"_coverageSchema":"1a1c01bbd47fc00a2c39e90264f33305004495a9","hash":"ce609b3110ed67cd2f4ce34166fccb067f246715"}
,"C:\\Users\\2603646\\Constitutional-Archive-Data-Management-and-Search-Interface\\Frontend\\src\\services\\uploadService.js": {"path":"C:\\Users\\2603646\\Constitutional-Archive-Data-Management-and-Search-Interface\\Frontend\\src\\services\\uploadService.js","statementMap":{"0":{"start":{"line":4,"column":16},"end":{"line":4,"column":55}},"1":{"start":{"line":6,"column":30},"end":{"line":28,"column":1}},"2":{"start":{"line":7,"column":2},"end":{"line":27,"column":3}},"3":{"start":{"line":8,"column":18},"end":{"line":8,"column":51}},"4":{"start":{"line":10,"column":21},"end":{"line":20,"column":6}},"5":{"start":{"line":17,"column":33},"end":{"line":17,"column":95}},"6":{"start":{"line":18,"column":8},"end":{"line":18,"column":61}},"7":{"start":{"line":21,"column":4},"end":{"line":21,"column":54}},"8":{"start":{"line":22,"column":4},"end":{"line":22,"column":25}},"9":{"start":{"line":24,"column":4},"end":{"line":24,"column":82}},"10":{"start":{"line":25,"column":25},"end":{"line":25,"column":71}},"11":{"start":{"line":26,"column":4},"end":{"line":26,"column":34}},"12":{"start":{"line":30,"column":32},"end":{"line":44,"column":1}},"13":{"start":{"line":31,"column":2},"end":{"line":43,"column":3}},"14":{"start":{"line":32,"column":18},"end":{"line":32,"column":51}},"15":{"start":{"line":34,"column":21},"end":{"line":38,"column":6}},"16":{"start":{"line":40,"column":4},"end":{"line":40,"column":25}},"17":{"start":{"line":42,"column":4},"end":{"line":42,"column":51}}},"fnMap":{"0":{"name":"(anonymous_0)","decl":{"start":{"line":6,"column":30},"end":{"line":6,"column":31}},"loc":{"start":{"line":6,"column":50},"end":{"line":28,"column":1}},"line":6},"1":{"name":"(anonymous_1)","decl":{"start":{"line":15,"column":24},"end":{"line":15,"column":25}},"loc":{"start":{"line":15,"column":43},"end":{"line":19,"column":7}},"line":15},"2":{"name":"(anonymous_2)","decl":{"start":{"line":30,"column":32},"end":{"line":30,"column":33}},"loc":{"start":{"line":30,"column":44},"end":{"line":44,"column":1}},"line":30}},"branchMap":{"0":{"loc":{"start":{"line":4,"column":16},"end":{"line":4,"column":55}},"type":"binary-expr","locations":[{"start":{"line":4,"column":16},"end":{"line":4,"column":45}},{"start":{"line":4,"column":49},"end":{"line":4,"column":55}}],"line":4},"1":{"loc":{"start":{"line":24,"column":43},"end":{"line":24,"column":80}},"type":"binary-expr","locations":[{"start":{"line":24,"column":43},"end":{"line":24,"column":63}},{"start":{"line":24,"column":67},"end":{"line":24,"column":80}}],"line":24},"2":{"loc":{"start":{"line":25,"column":25},"end":{"line":25,"column":71}},"type":"binary-expr","locations":[{"start":{"line":25,"column":25},"end":{"line":25,"column":52}},{"start":{"line":25,"column":56},"end":{"line":25,"column":71}}],"line":25}},"s":{"0":0,"1":0,"2":0,"3":0,"4":0,"5":0,"6":0,"7":0,"8":0,"9":0,"10":0,"11":0,"12":0,"13":0,"14":0,"15":0,"16":0,"17":0},"f":{"0":0,"1":0,"2":0},"b":{"0":[0,0],"1":[0,0],"2":[0,0]}}
}
