TN:
SF:src/AdminLogin.js
FN:9,AdminLogin
FN:36,(anonymous_1)
FN:43,(anonymous_2)
FN:102,(anonymous_3)
FN:107,(anonymous_4)
FN:112,(anonymous_5)
FN:162,(anonymous_6)
FN:181,(anonymous_7)
FN:204,(anonymous_8)
FN:221,(anonymous_9)
FN:242,(anonymous_10)
FNF:11
FNH:8
FNDA:23,AdminLogin
FNDA:9,(anonymous_1)
FNDA:3,(anonymous_2)
FNDA:2,(anonymous_3)
FNDA:1,(anonymous_4)
FNDA:0,(anonymous_5)
FNDA:2,(anonymous_6)
FNDA:2,(anonymous_7)
FNDA:1,(anonymous_8)
FNDA:0,(anonymous_9)
FNDA:0,(anonymous_10)
DA:11,23
DA:14,23
DA:15,23
DA:18,23
DA:21,23
DA:24,23
DA:27,23
DA:30,23
DA:33,23
DA:36,23
DA:37,9
DA:38,0
DA:43,23
DA:44,3
DA:45,3
DA:46,3
DA:48,3
DA:49,3
DA:56,3
DA:57,1
DA:60,1
DA:61,1
DA:64,1
DA:65,0
DA:66,0
DA:67,0
DA:70,0
DA:74,1
DA:77,1
DA:81,0
DA:82,0
DA:85,0
DA:86,0
DA:89,0
DA:90,0
DA:92,0
DA:95,3
DA:97,3
DA:102,23
DA:103,2
DA:107,23
DA:108,1
DA:112,23
DA:113,0
DA:115,0
DA:116,0
DA:120,23
DA:162,2
DA:181,2
DA:204,1
DA:222,0
DA:223,0
DA:230,0
DA:232,0
DA:233,0
DA:235,0
DA:236,0
DA:239,0
DA:243,0
LF:59
LH:35
BRDA:37,0,0,0
BRDA:37,0,1,9
BRDA:56,1,0,1
BRDA:56,1,1,0
BRDA:64,2,0,0
BRDA:64,2,1,1
BRDA:64,3,0,1
BRDA:64,3,1,1
BRDA:67,4,0,0
BRDA:67,4,1,0
BRDA:70,5,0,0
BRDA:70,5,1,0
BRDA:74,6,0,1
BRDA:74,6,1,0
BRDA:82,7,0,0
BRDA:82,7,1,0
BRDA:89,8,0,0
BRDA:89,8,1,0
BRDA:115,9,0,0
BRDA:115,9,1,0
BRDA:141,10,0,23
BRDA:141,10,1,3
BRDA:179,11,0,1
BRDA:179,11,1,22
BRDA:191,12,0,1
BRDA:191,12,1,22
BRDA:193,13,0,1
BRDA:193,13,1,22
BRDA:232,14,0,0
BRDA:232,14,1,0
BRDA:248,15,0,23
BRDA:248,15,1,1
BRDA:261,16,0,3
BRDA:261,16,1,20
BRF:34
BRH:18
end_of_record
TN:
SF:src/AdminSignup.js
FN:9,AdminSignup
FN:37,(anonymous_1)
FN:39,(anonymous_2)
FN:42,(anonymous_3)
FN:46,(anonymous_4)
FN:86,(anonymous_5)
FN:262,(anonymous_6)
FN:295,(anonymous_7)
FN:338,(anonymous_8)
FN:364,(anonymous_9)
FN:383,(anonymous_10)
FNF:11
FNH:8
FNDA:45,AdminSignup
FNDA:20,(anonymous_1)
FNDA:20,(anonymous_2)
FNDA:4,(anonymous_3)
FNDA:10,(anonymous_4)
FNDA:10,(anonymous_5)
FNDA:2,(anonymous_6)
FNDA:0,(anonymous_7)
FNDA:2,(anonymous_8)
FNDA:0,(anonymous_9)
FNDA:0,(anonymous_10)
DA:11,45
DA:21,45
DA:22,45
DA:25,45
DA:28,45
DA:31,45
DA:34,45
DA:37,45
DA:38,20
DA:39,20
DA:42,20
DA:46,45
DA:47,10
DA:50,10
DA:53,10
DA:56,10
DA:59,10
DA:60,3
DA:61,7
DA:62,1
DA:63,6
DA:64,1
DA:65,5
DA:66,1
DA:67,4
DA:68,1
DA:72,10
DA:73,6
DA:77,10
DA:80,10
DA:82,10
DA:86,45
DA:87,10
DA:89,10
DA:90,10
DA:92,2
DA:93,2
DA:95,2
DA:97,2
DA:109,2
DA:112,1
DA:113,1
DA:117,0
DA:118,0
DA:121,0
DA:125,2
DA:127,2
DA:131,45
DA:262,2
DA:295,0
DA:338,2
DA:365,0
DA:366,0
DA:371,0
DA:373,0
DA:374,0
DA:376,0
DA:377,0
DA:380,0
DA:384,0
LF:60
LH:47
BRDA:42,0,0,4
BRDA:42,0,1,16
BRDA:50,1,0,8
BRDA:50,1,1,2
BRDA:53,2,0,8
BRDA:53,2,1,2
BRDA:56,3,0,8
BRDA:56,3,1,2
BRDA:59,4,0,3
BRDA:59,4,1,7
BRDA:61,5,0,1
BRDA:61,5,1,6
BRDA:63,6,0,1
BRDA:63,6,1,5
BRDA:65,7,0,1
BRDA:65,7,1,4
BRDA:67,8,0,1
BRDA:67,8,1,3
BRDA:72,9,0,6
BRDA:72,9,1,4
BRDA:77,10,0,8
BRDA:77,10,1,2
BRDA:80,11,0,8
BRDA:80,11,1,2
BRDA:90,12,0,8
BRDA:90,12,1,2
BRDA:112,13,0,1
BRDA:112,13,1,0
BRDA:113,14,0,1
BRDA:113,14,1,0
BRDA:168,15,0,45
BRDA:168,15,1,2
BRDA:193,16,0,45
BRDA:193,16,1,12
BRDA:215,17,0,45
BRDA:215,17,1,12
BRDA:238,18,0,45
BRDA:238,18,1,12
BRDA:253,19,0,1
BRDA:253,19,1,44
BRDA:264,20,0,1
BRDA:264,20,1,44
BRDA:266,21,0,1
BRDA:266,21,1,44
BRDA:269,22,0,45
BRDA:269,22,1,7
BRDA:287,23,0,0
BRDA:287,23,1,45
BRDA:297,24,0,0
BRDA:297,24,1,45
BRDA:299,25,0,0
BRDA:299,25,1,45
BRDA:302,26,0,45
BRDA:302,26,1,10
BRDA:324,27,0,45
BRDA:324,27,1,12
BRDA:346,28,0,45
BRDA:346,28,1,12
BRDA:373,29,0,0
BRDA:373,29,1,0
BRDA:400,30,0,2
BRDA:400,30,1,43
BRF:62
BRH:55
end_of_record
TN:
SF:src/CompleteSignup.js
FN:5,CompleteSignup
FN:15,(anonymous_1)
FN:54,(anonymous_2)
FN:66,(anonymous_3)
FN:78,(anonymous_4)
FNF:5
FNH:5
FNDA:35,CompleteSignup
FNDA:3,(anonymous_1)
FNDA:8,(anonymous_2)
FNDA:6,(anonymous_3)
FNDA:14,(anonymous_4)
DA:6,35
DA:11,34
DA:12,34
DA:13,34
DA:15,34
DA:16,3
DA:18,3
DA:19,3
DA:27,3
DA:28,2
DA:29,1
DA:30,1
DA:32,2
DA:36,34
DA:54,8
DA:66,6
DA:78,14
LF:17
LH:17
BRDA:28,0,0,1
BRDA:28,0,1,1
BRDA:43,1,0,34
BRDA:43,1,1,2
BRF:4
BRH:4
end_of_record
TN:
SF:src/setupProxy.js
FN:9,(anonymous_0)
FN:19,(anonymous_1)
FN:26,(anonymous_2)
FNF:3
FNH:3
FNDA:18,(anonymous_0)
FNDA:7,(anonymous_1)
FNDA:16,(anonymous_2)
DA:1,1
DA:9,1
DA:11,18
DA:20,7
DA:21,7
DA:28,16
LF:6
LH:6
BRF:0
BRH:0
end_of_record
TN:
SF:src/components/AboutPage.js
FN:8,(anonymous_0)
FN:15,(anonymous_1)
FN:16,(anonymous_2)
FN:29,(anonymous_3)
FN:35,(anonymous_4)
FN:36,(anonymous_5)
FN:47,(anonymous_6)
FN:50,(anonymous_7)
FN:126,(anonymous_8)
FN:146,(anonymous_9)
FNF:10
FNH:10
FNDA:92,(anonymous_0)
FNDA:1,(anonymous_1)
FNDA:1,(anonymous_2)
FNDA:74,(anonymous_3)
FNDA:1,(anonymous_4)
FNDA:1,(anonymous_5)
FNDA:18,(anonymous_6)
FNDA:9,(anonymous_7)
FNDA:72,(anonymous_8)
FNDA:90,(anonymous_9)
DA:8,1
DA:9,92
DA:11,92
DA:15,1
DA:16,1
DA:29,1
DA:30,74
DA:32,74
DA:35,1
DA:36,1
DA:47,1
DA:48,18
DA:50,18
DA:51,9
DA:54,18
DA:77,18
DA:85,18
DA:127,72
DA:147,90
LF:19
LH:19
BRDA:13,0,0,1
BRDA:13,0,1,91
BRDA:18,1,0,1
BRDA:18,1,1,91
BRDA:21,2,0,1
BRDA:21,2,1,91
BRDA:34,3,0,1
BRDA:34,3,1,73
BRDA:38,4,0,1
BRDA:38,4,1,73
BRDA:89,5,0,9
BRDA:89,5,1,9
BRDA:101,6,0,9
BRDA:101,6,1,9
BRDA:123,7,0,9
BRDA:123,7,1,9
BRDA:138,8,0,9
BRDA:138,8,1,9
BRDA:221,9,0,9
BRDA:221,9,1,9
BRF:20
BRH:20
end_of_record
TN:
SF:src/components/AnimatedNavMenu.js
FN:5,AnimatedNavMenu
FN:15,(anonymous_1)
FN:16,(anonymous_2)
FN:17,(anonymous_3)
FN:20,(anonymous_4)
FN:24,(anonymous_5)
FN:41,(anonymous_6)
FN:70,(anonymous_7)
FN:71,(anonymous_8)
FN:72,(anonymous_9)
FN:73,(anonymous_10)
FN:74,(anonymous_11)
FN:75,(anonymous_12)
FNF:13
FNH:13
FNDA:75,AnimatedNavMenu
FNDA:30,(anonymous_1)
FNDA:2,(anonymous_2)
FNDA:2,(anonymous_3)
FNDA:30,(anonymous_4)
FNDA:30,(anonymous_5)
FNDA:300,(anonymous_6)
FNDA:5,(anonymous_7)
FNDA:2,(anonymous_8)
FNDA:3,(anonymous_9)
FNDA:1,(anonymous_10)
FNDA:2,(anonymous_11)
FNDA:1,(anonymous_12)
DA:7,75
DA:8,75
DA:9,75
DA:12,75
DA:15,75
DA:16,30
DA:17,2
DA:20,30
DA:24,75
DA:25,30
DA:26,30
DA:27,3
DA:28,2
DA:29,1
DA:32,75
DA:39,75
DA:42,300
DA:43,300
DA:44,300
DA:47,300
DA:48,300
DA:50,300
DA:70,5
DA:71,2
DA:72,3
DA:73,1
DA:74,2
DA:75,1
LF:28
LH:28
BRDA:26,0,0,27
BRDA:26,0,1,3
BRDA:27,1,0,1
BRDA:27,1,1,2
BRDA:28,2,0,1
BRDA:28,2,1,1
BRDA:29,3,0,1
BRDA:29,3,1,0
BRDA:57,4,0,45
BRDA:57,4,1,255
BRDA:58,5,0,5
BRDA:58,5,1,295
BRDA:59,6,0,5
BRDA:59,6,1,295
BRDA:62,7,0,5
BRDA:62,7,1,295
BRDA:64,8,0,41
BRDA:64,8,1,254
BRDA:67,9,0,5
BRDA:67,9,1,295
BRDA:67,10,0,5
BRDA:67,10,1,290
BRDA:82,11,0,45
BRDA:82,11,1,255
BRDA:83,12,0,5
BRDA:83,12,1,295
BRDA:84,13,0,5
BRDA:84,13,1,295
BRDA:97,14,0,46
BRDA:97,14,1,254
BRDA:97,15,0,300
BRDA:97,15,1,295
BRDA:98,16,0,5
BRDA:98,16,1,295
BRDA:101,17,0,5
BRDA:101,17,1,295
BRDA:102,18,0,46
BRDA:102,18,1,254
BRDA:102,19,0,300
BRDA:102,19,1,295
BRDA:110,20,0,300
BRDA:110,20,1,5
BRF:42
BRH:41
end_of_record
TN:
SF:src/components/ApiErrorFallback.js
FN:7,(anonymous_0)
FNF:1
FNH:1
FNDA:11,(anonymous_0)
DA:7,1
DA:8,11
LF:2
LH:2
BRDA:15,0,0,11
BRDA:15,0,1,9
BRDA:22,1,0,11
BRDA:22,1,1,4
BRF:4
BRH:4
end_of_record
TN:
SF:src/components/BrowseArchive.js
FN:4,(anonymous_0)
FNF:1
FNH:1
FNDA:19,(anonymous_0)
DA:4,1
DA:5,19
LF:2
LH:2
BRF:0
BRH:0
end_of_record
TN:
SF:src/components/CategoriesSection.js
FN:5,(anonymous_0)
FN:10,(anonymous_1)
FNF:2
FNH:2
FNDA:15,(anonymous_0)
FNDA:90,(anonymous_1)
DA:5,1
DA:6,15
DA:11,90
DA:12,90
DA:13,90
DA:14,90
DA:15,90
LF:7
LH:7
BRF:0
BRH:0
end_of_record
TN:
SF:src/components/ConfirmDialog.js
FN:3,(anonymous_0)
FNF:1
FNH:1
FNDA:8,(anonymous_0)
DA:3,1
DA:13,8
DA:15,7
LF:3
LH:3
BRDA:7,0,0,7
BRDA:8,1,0,7
BRDA:9,2,0,7
BRDA:10,3,0,7
BRDA:11,4,0,6
BRDA:13,5,0,1
BRDA:13,5,1,7
BRDA:33,6,0,2
BRDA:33,6,1,5
BRF:9
BRH:9
end_of_record
TN:
SF:src/components/ContactPage.js
FNF:0
FNH:0
LF:0
LH:0
BRF:0
BRH:0
end_of_record
TN:
SF:src/components/DocumentSubmissionLog.js
FN:4,(anonymous_0)
FN:6,(anonymous_1)
FN:7,(anonymous_2)
FN:8,(anonymous_3)
FN:12,(anonymous_4)
FN:68,(anonymous_5)
FN:116,(anonymous_6)
FN:124,(anonymous_7)
FN:131,(anonymous_8)
FNF:9
FNH:6
FNDA:32,(anonymous_0)
FNDA:0,(anonymous_1)
FNDA:0,(anonymous_2)
FNDA:0,(anonymous_3)
FNDA:3,(anonymous_4)
FNDA:27,(anonymous_5)
FNDA:1,(anonymous_6)
FNDA:1,(anonymous_7)
FNDA:1,(anonymous_8)
DA:4,1
DA:12,32
DA:13,3
DA:16,32
DA:17,0
DA:24,32
DA:69,27
DA:116,1
DA:124,1
DA:131,1
LF:10
LH:9
BRDA:5,0,0,3
BRDA:6,1,0,2
BRDA:7,2,0,2
BRDA:8,3,0,2
BRDA:9,4,0,2
BRDA:10,5,0,2
BRDA:16,6,0,0
BRDA:16,6,1,32
BRDA:33,7,0,8
BRDA:33,7,1,24
BRDA:40,8,0,24
BRDA:40,8,1,8
BRDA:73,9,0,27
BRDA:73,9,1,22
BRDA:89,10,0,27
BRDA:89,10,1,4
BRDA:107,11,0,22
BRDA:107,11,1,5
BRDA:108,12,0,4
BRDA:108,12,1,1
BRF:20
BRH:19
end_of_record
TN:
SF:src/components/FeaturedCollections.js
FN:6,(anonymous_0)
FN:11,(anonymous_1)
FNF:2
FNH:2
FNDA:9,(anonymous_0)
FNDA:27,(anonymous_1)
DA:6,1
DA:7,9
DA:12,27
DA:13,27
LF:4
LH:4
BRF:0
BRH:0
end_of_record
TN:
SF:src/components/FileExplorer.js
FN:4,FileExplorer
FN:35,(anonymous_1)
FN:83,(anonymous_2)
FN:89,(anonymous_3)
FN:96,(anonymous_4)
FN:108,(anonymous_5)
FN:115,(anonymous_6)
FN:120,(anonymous_7)
FN:125,(anonymous_8)
FN:136,(anonymous_9)
FN:149,(anonymous_10)
FN:161,(anonymous_11)
FN:168,(anonymous_12)
FN:171,(anonymous_13)
FN:175,(anonymous_14)
FN:183,(anonymous_15)
FN:195,(anonymous_16)
FN:226,(anonymous_17)
FN:234,(anonymous_18)
FN:252,(anonymous_19)
FN:270,(anonymous_20)
FN:295,(anonymous_21)
FN:299,(anonymous_22)
FN:329,(anonymous_23)
FN:341,(anonymous_24)
FN:350,(anonymous_25)
FN:370,(anonymous_26)
FN:380,(anonymous_27)
FN:388,(anonymous_28)
FN:472,(anonymous_29)
FN:481,(anonymous_30)
FN:489,(anonymous_31)
FN:504,(anonymous_32)
FN:523,(anonymous_33)
FN:531,(anonymous_34)
FN:538,(anonymous_35)
FN:541,(anonymous_36)
FN:549,(anonymous_37)
FN:557,(anonymous_38)
FN:572,(anonymous_39)
FN:583,(anonymous_40)
FN:595,(anonymous_41)
FN:599,(anonymous_42)
FN:611,(anonymous_43)
FN:615,(anonymous_44)
FN:627,(anonymous_45)
FN:631,(anonymous_46)
FN:641,(anonymous_47)
FN:656,(anonymous_48)
FN:667,(anonymous_49)
FN:679,(anonymous_50)
FN:689,(anonymous_51)
FN:718,(anonymous_52)
FN:724,(anonymous_53)
FNF:54
FNH:22
FNDA:21,FileExplorer
FNDA:10,(anonymous_1)
FNDA:10,(anonymous_2)
FNDA:0,(anonymous_3)
FNDA:0,(anonymous_4)
FNDA:20,(anonymous_5)
FNDA:0,(anonymous_6)
FNDA:0,(anonymous_7)
FNDA:0,(anonymous_8)
FNDA:11,(anonymous_9)
FNDA:1,(anonymous_10)
FNDA:0,(anonymous_11)
FNDA:5,(anonymous_12)
FNDA:13,(anonymous_13)
FNDA:1,(anonymous_14)
FNDA:0,(anonymous_15)
FNDA:0,(anonymous_16)
FNDA:1,(anonymous_17)
FNDA:0,(anonymous_18)
FNDA:0,(anonymous_19)
FNDA:0,(anonymous_20)
FNDA:3,(anonymous_21)
FNDA:0,(anonymous_22)
FNDA:0,(anonymous_23)
FNDA:0,(anonymous_24)
FNDA:0,(anonymous_25)
FNDA:3,(anonymous_26)
FNDA:1,(anonymous_27)
FNDA:0,(anonymous_28)
FNDA:0,(anonymous_29)
FNDA:0,(anonymous_30)
FNDA:0,(anonymous_31)
FNDA:20,(anonymous_32)
FNDA:0,(anonymous_33)
FNDA:0,(anonymous_34)
FNDA:0,(anonymous_35)
FNDA:0,(anonymous_36)
FNDA:0,(anonymous_37)
FNDA:0,(anonymous_38)
FNDA:20,(anonymous_39)
FNDA:1,(anonymous_40)
FNDA:0,(anonymous_41)
FNDA:13,(anonymous_42)
FNDA:0,(anonymous_43)
FNDA:12,(anonymous_44)
FNDA:0,(anonymous_45)
FNDA:12,(anonymous_46)
FNDA:0,(anonymous_47)
FNDA:12,(anonymous_48)
FNDA:0,(anonymous_49)
FNDA:20,(anonymous_50)
FNDA:0,(anonymous_51)
FNDA:0,(anonymous_52)
FNDA:1,(anonymous_53)
DA:6,21
DA:7,20
DA:8,20
DA:9,20
DA:10,20
DA:11,20
DA:12,20
DA:17,20
DA:22,20
DA:23,20
DA:24,20
DA:30,20
DA:35,20
DA:36,10
DA:37,10
DA:40,10
DA:48,10
DA:49,10
DA:50,10
DA:51,10
DA:53,10
DA:55,9
DA:56,0
DA:59,9
DA:61,9
DA:62,9
DA:63,9
DA:64,9
DA:66,1
DA:67,1
DA:68,1
DA:83,20
DA:84,10
DA:89,20
DA:90,0
DA:91,0
DA:92,0
DA:96,20
DA:97,0
DA:98,0
DA:99,0
DA:102,0
DA:103,0
DA:104,0
DA:108,20
DA:109,20
DA:111,20
DA:115,0
DA:121,0
DA:125,0
DA:136,20
DA:137,11
DA:138,5
DA:139,6
DA:140,0
DA:141,6
DA:142,1
DA:144,5
DA:149,20
DA:150,1
DA:151,0
DA:154,0
DA:156,1
DA:161,20
DA:162,0
DA:163,0
DA:168,20
DA:169,5
DA:172,13
DA:175,1
DA:184,0
DA:185,0
DA:196,0
DA:197,0
DA:226,20
DA:227,1
DA:235,0
DA:236,0
DA:238,0
DA:239,0
DA:253,0
DA:254,0
DA:256,0
DA:257,0
DA:271,0
DA:272,0
DA:274,0
DA:275,0
DA:296,3
DA:299,0
DA:330,0
DA:331,0
DA:342,0
DA:343,0
DA:351,0
DA:352,0
DA:370,20
DA:371,3
DA:373,3
DA:374,3
DA:375,3
DA:376,3
DA:380,20
DA:381,1
DA:383,1
DA:388,0
DA:472,0
DA:481,0
DA:489,0
DA:504,20
DA:505,20
DA:507,0
DA:508,0
DA:509,0
DA:511,0
DA:512,0
DA:515,0
DA:516,0
DA:517,0
DA:520,0
DA:523,0
DA:531,0
DA:539,0
DA:541,0
DA:549,0
DA:557,0
DA:572,20
DA:573,20
DA:583,1
DA:595,0
DA:600,13
DA:611,0
DA:616,12
DA:627,0
DA:632,12
DA:642,0
DA:643,0
DA:656,20
DA:657,12
DA:663,12
DA:667,20
DA:668,0
DA:679,20
DA:680,20
DA:682,0
DA:683,0
DA:687,0
DA:689,0
DA:699,20
DA:718,0
DA:724,1
LF:151
LH:80
BRDA:48,0,0,0
BRDA:48,0,1,10
BRDA:49,1,0,0
BRDA:49,1,1,10
BRDA:50,2,0,0
BRDA:50,2,1,10
BRDA:51,3,0,1
BRDA:51,3,1,9
BRDA:55,4,0,0
BRDA:55,4,1,9
BRDA:97,5,0,0
BRDA:97,5,1,0
BRDA:137,6,0,5
BRDA:137,6,1,6
BRDA:139,7,0,0
BRDA:139,7,1,6
BRDA:141,8,0,1
BRDA:141,8,1,5
BRDA:150,9,0,0
BRDA:150,9,1,1
BRDA:151,10,0,0
BRDA:151,10,1,0
BRDA:162,11,0,0
BRDA:162,11,1,0
BRDA:174,12,0,1
BRDA:174,12,1,12
BRDA:177,13,0,5
BRDA:177,13,1,8
BRDA:177,14,0,13
BRDA:177,14,1,9
BRDA:189,15,0,0
BRDA:189,15,1,8
BRDA:192,16,0,0
BRDA:192,16,1,0
BRDA:207,17,0,8
BRDA:207,17,1,4
BRDA:214,18,0,13
BRDA:214,18,1,4
BRDA:216,19,0,13
BRDA:216,19,1,0
BRDA:235,20,0,0
BRDA:235,20,1,0
BRDA:236,21,0,0
BRDA:236,21,1,0
BRDA:245,22,0,1
BRDA:245,22,1,1
BRDA:253,23,0,0
BRDA:253,23,1,0
BRDA:254,24,0,0
BRDA:254,24,1,0
BRDA:263,25,0,1
BRDA:263,25,1,0
BRDA:271,26,0,0
BRDA:271,26,1,0
BRDA:272,27,0,0
BRDA:272,27,1,0
BRDA:281,28,0,1
BRDA:281,28,1,0
BRDA:298,29,0,0
BRDA:298,29,1,3
BRDA:308,30,0,3
BRDA:308,30,1,1
BRDA:314,31,0,1
BRDA:314,31,1,2
BRDA:314,32,0,2
BRDA:314,32,1,0
BRDA:323,33,0,1
BRDA:323,33,1,2
BRDA:326,34,0,1
BRDA:326,34,1,2
BRDA:371,35,0,0
BRDA:371,35,1,3
BRDA:374,36,0,0
BRDA:374,36,1,3
BRDA:381,37,0,0
BRDA:381,37,1,1
BRDA:396,38,0,0
BRDA:396,38,1,1
BRDA:405,39,0,1
BRDA:405,39,1,0
BRDA:413,40,0,0
BRDA:413,40,1,0
BRDA:437,41,0,0
BRDA:437,41,1,1
BRDA:439,42,0,1
BRDA:439,42,1,0
BRDA:443,43,0,1
BRDA:443,43,1,1
BRDA:455,44,0,1
BRDA:455,44,1,0
BRDA:458,45,0,0
BRDA:458,45,1,0
BRDA:462,46,0,1
BRDA:462,46,1,0
BRDA:470,47,0,0
BRDA:470,47,1,1
BRDA:505,48,0,20
BRDA:505,48,1,0
BRDA:511,49,0,0
BRDA:511,49,1,0
BRDA:525,50,0,0
BRDA:525,50,1,0
BRDA:533,51,0,0
BRDA:533,51,1,0
BRDA:542,52,0,0
BRDA:542,52,1,0
BRDA:551,53,0,0
BRDA:551,53,1,0
BRDA:559,54,0,0
BRDA:559,54,1,0
BRDA:591,55,0,20
BRDA:591,55,1,7
BRDA:607,56,0,20
BRDA:607,56,1,6
BRDA:623,57,0,20
BRDA:623,57,1,6
BRDA:639,58,0,20
BRDA:639,58,1,17
BRDA:639,58,2,17
BRDA:639,58,3,17
BRDA:639,58,4,3
BRDA:663,59,0,12
BRDA:663,59,1,0
BRDA:680,60,0,20
BRDA:680,60,1,0
BRDA:683,61,0,0
BRDA:683,61,1,0
BRDA:713,62,0,12
BRDA:713,62,1,8
BRDA:719,63,0,17
BRDA:719,63,1,3
BRDA:725,64,0,3
BRDA:725,64,1,17
BRDA:732,65,0,20
BRDA:732,65,1,1
BRDA:738,66,0,12
BRDA:738,66,1,8
BRDA:743,67,0,2
BRDA:743,67,1,6
BRDA:753,68,0,1
BRDA:753,68,1,5
BRDA:754,69,0,5
BRDA:754,69,1,1
BRDA:757,70,0,6
BRDA:757,70,1,1
BRF:145
BRH:82
end_of_record
TN:
SF:src/components/Footer.js
FN:4,(anonymous_0)
FNF:1
FNH:1
FNDA:5,(anonymous_0)
DA:4,1
DA:5,5
LF:2
LH:2
BRF:0
BRH:0
end_of_record
TN:
SF:src/components/ForgotPasswordModal.js
FN:4,ForgotPasswordModal
FN:18,(anonymous_1)
FN:23,(anonymous_2)
FN:63,(anonymous_3)
FN:158,(anonymous_4)
FN:179,(anonymous_5)
FN:208,(anonymous_6)
FNF:7
FNH:7
FNDA:139,ForgotPasswordModal
FNDA:2,(anonymous_1)
FNDA:4,(anonymous_2)
FNDA:2,(anonymous_3)
FNDA:71,(anonymous_4)
FNDA:23,(anonymous_5)
FNDA:23,(anonymous_6)
DA:6,139
DA:7,139
DA:8,139
DA:9,139
DA:10,139
DA:11,139
DA:13,139
DA:15,139
DA:18,139
DA:19,2
DA:23,139
DA:24,4
DA:25,4
DA:27,4
DA:28,4
DA:30,4
DA:39,2
DA:41,2
DA:42,2
DA:44,2
DA:46,2
DA:47,1
DA:48,1
DA:51,1
DA:52,1
DA:54,2
DA:55,2
DA:56,2
DA:63,139
DA:64,2
DA:66,2
DA:67,1
DA:68,1
DA:69,1
DA:72,1
DA:74,1
DA:75,1
DA:81,1
DA:83,1
DA:84,1
DA:85,1
DA:87,0
DA:88,0
DA:91,0
DA:92,0
DA:93,0
DA:97,139
DA:158,71
DA:179,23
DA:208,23
LF:50
LH:45
BRDA:15,0,0,55
BRDA:15,0,1,84
BRDA:44,1,0,2
BRDA:44,1,1,0
BRDA:46,2,0,1
BRDA:46,2,1,1
BRDA:48,3,0,1
BRDA:48,3,1,0
BRDA:52,4,0,1
BRDA:52,4,1,0
BRDA:56,5,0,1
BRDA:56,5,1,1
BRDA:58,6,0,1
BRDA:58,6,1,0
BRDA:66,7,0,1
BRDA:66,7,1,1
BRDA:83,8,0,1
BRDA:83,8,1,0
BRDA:85,9,0,1
BRDA:85,9,1,0
BRDA:88,10,0,0
BRDA:88,10,1,0
BRDA:111,11,0,84
BRDA:111,11,1,55
BRDA:118,12,0,84
BRDA:118,12,1,55
BRDA:121,13,0,84
BRDA:121,13,1,55
BRDA:127,14,0,2
BRDA:127,14,1,137
BRDA:140,15,0,83
BRDA:140,15,1,54
BRDA:141,16,0,137
BRDA:141,16,1,3
BRDA:147,17,0,83
BRDA:147,17,1,54
BRDA:177,18,0,1
BRDA:177,18,1,53
BRDA:190,19,0,1
BRDA:190,19,1,53
BRDA:192,20,0,1
BRDA:192,20,1,53
BRDA:206,21,0,1
BRDA:206,21,1,53
BRDA:225,22,0,5
BRDA:225,22,1,132
BRDA:231,23,0,4
BRDA:231,23,1,1
BRDA:234,24,0,79
BRDA:234,24,1,53
BRF:50
BRH:42
end_of_record
TN:
SF:src/components/Header.js
FN:5,(anonymous_0)
FNF:1
FNH:1
FNDA:2,(anonymous_0)
DA:5,1
DA:6,2
LF:2
LH:2
BRF:0
BRH:0
end_of_record
TN:
SF:src/components/HomePage.js
FN:11,(anonymous_0)
FN:22,(anonymous_1)
FN:42,(anonymous_2)
FN:47,(anonymous_3)
FN:54,(anonymous_4)
FN:59,(anonymous_5)
FN:59,(anonymous_6)
FN:69,(anonymous_7)
FN:129,(anonymous_8)
FNF:9
FNH:6
FNDA:425,(anonymous_0)
FNDA:215,(anonymous_1)
FNDA:0,(anonymous_2)
FNDA:215,(anonymous_3)
FNDA:24,(anonymous_4)
FNDA:23,(anonymous_5)
FNDA:18,(anonymous_6)
FNDA:0,(anonymous_7)
FNDA:0,(anonymous_8)
DA:11,1
DA:12,425
DA:13,424
DA:14,424
DA:15,424
DA:16,424
DA:17,424
DA:18,424
DA:19,424
DA:20,424
DA:22,424
DA:23,215
DA:24,35
DA:25,35
DA:27,180
DA:28,180
DA:29,180
DA:32,176
DA:33,72
DA:35,108
DA:36,108
DA:38,180
DA:42,424
DA:43,0
DA:44,0
DA:47,424
DA:48,215
DA:49,215
DA:50,215
DA:51,215
DA:54,424
DA:55,24
DA:56,24
DA:57,24
DA:59,23
DA:60,23
DA:61,23
DA:62,23
DA:64,23
DA:65,23
DA:66,23
DA:68,8
DA:69,8
DA:70,0
DA:71,0
DA:72,0
DA:73,0
DA:75,0
DA:76,0
DA:77,0
DA:78,0
DA:80,0
DA:81,0
DA:83,0
DA:84,0
DA:85,0
DA:86,0
DA:87,0
DA:88,0
DA:89,0
DA:93,0
DA:94,0
DA:95,0
DA:97,0
DA:98,0
DA:100,0
DA:101,0
DA:104,0
DA:105,0
DA:115,8
DA:121,15
DA:122,15
DA:123,15
DA:125,23
DA:129,424
DA:130,0
DA:131,0
DA:132,0
DA:133,0
DA:136,424
LF:80
LH:48
BRDA:23,0,0,35
BRDA:23,0,1,180
BRDA:33,1,0,72
BRDA:33,1,1,68
BRDA:57,2,0,1
BRDA:57,2,1,23
BRDA:66,3,0,0
BRDA:66,3,1,8
BRDA:69,4,0,8
BRDA:69,4,1,0
BRDA:70,5,0,0
BRDA:70,5,1,0
BRDA:76,6,0,0
BRDA:76,6,1,0
BRDA:87,7,0,0
BRDA:87,7,1,0
BRDA:97,8,0,0
BRDA:97,8,1,0
BRDA:98,9,0,0
BRDA:98,9,1,0
BRDA:101,10,0,0
BRDA:101,10,1,0
BRDA:106,11,0,0
BRDA:106,11,1,0
BRDA:106,11,2,0
BRDA:107,12,0,0
BRDA:107,12,1,0
BRDA:107,12,2,0
BRDA:117,13,0,8
BRDA:117,13,1,8
BRDA:140,14,0,85
BRDA:140,14,1,339
BRDA:164,15,0,424
BRDA:164,15,1,55
BRDA:172,16,0,85
BRDA:172,16,1,339
BRF:36
BRH:16
end_of_record
TN:
SF:src/components/RecentDocuments.js
FN:6,(anonymous_0)
FN:17,(anonymous_1)
FNF:2
FNH:2
FNDA:32,(anonymous_0)
FNDA:93,(anonymous_1)
DA:6,2
DA:7,32
DA:18,93
DA:19,93
LF:4
LH:4
BRF:0
BRH:0
end_of_record
TN:
SF:src/components/SearchResults.js
FN:5,(anonymous_0)
FN:22,(anonymous_1)
FN:29,(anonymous_2)
FN:36,(anonymous_3)
FN:69,(anonymous_4)
FNF:5
FNH:5
FNDA:31,(anonymous_0)
FNDA:50,(anonymous_1)
FNDA:50,(anonymous_2)
FNDA:50,(anonymous_3)
FNDA:110,(anonymous_4)
DA:5,1
DA:6,31
DA:23,50
DA:24,50
DA:25,50
DA:27,50
DA:29,50
DA:30,50
DA:31,20
DA:32,6
DA:33,5
DA:36,50
DA:37,50
DA:38,50
DA:39,20
DA:40,6
DA:41,5
DA:42,4
DA:43,3
DA:44,2
DA:45,1
DA:48,50
DA:50,50
DA:70,110
LF:24
LH:24
BRDA:15,0,0,26
BRDA:15,0,1,5
BRDA:27,1,0,38
BRDA:27,1,1,12
BRDA:30,2,0,30
BRDA:30,2,1,20
BRDA:31,3,0,14
BRDA:31,3,1,6
BRDA:32,4,0,1
BRDA:32,4,1,5
BRDA:38,5,0,30
BRDA:38,5,1,20
BRDA:39,6,0,14
BRDA:39,6,1,6
BRDA:40,7,0,1
BRDA:40,7,1,5
BRDA:41,8,0,1
BRDA:41,8,1,4
BRDA:42,9,0,1
BRDA:42,9,1,3
BRDA:43,10,0,1
BRDA:43,10,1,2
BRDA:44,11,0,1
BRDA:44,11,1,1
BRDA:70,12,0,30
BRDA:70,12,1,80
BRDA:84,13,0,50
BRDA:84,13,1,38
BRF:28
BRH:28
end_of_record
TN:
SF:src/components/SearchSection.js
FN:4,(anonymous_0)
FN:27,(anonymous_1)
FN:28,(anonymous_2)
FN:28,(anonymous_3)
FN:36,(anonymous_4)
FN:74,(anonymous_5)
FN:78,(anonymous_6)
FN:90,(anonymous_7)
FN:94,(anonymous_8)
FN:101,(anonymous_9)
FN:105,(anonymous_10)
FNF:11
FNH:6
FNDA:9,(anonymous_0)
FNDA:0,(anonymous_1)
FNDA:0,(anonymous_2)
FNDA:0,(anonymous_3)
FNDA:1,(anonymous_4)
FNDA:2,(anonymous_5)
FNDA:1,(anonymous_6)
FNDA:4,(anonymous_7)
FNDA:0,(anonymous_8)
FNDA:6,(anonymous_9)
FNDA:0,(anonymous_10)
DA:4,1
DA:18,9
DA:27,0
DA:28,0
DA:37,1
DA:38,1
DA:75,2
DA:78,1
DA:91,4
DA:94,0
DA:102,6
DA:105,0
LF:12
LH:8
BRDA:33,0,0,9
BRDA:33,0,1,4
BRDA:50,1,0,1
BRDA:50,1,1,8
BRDA:65,2,0,9
BRDA:65,2,1,5
BRDA:67,3,0,0
BRDA:67,3,1,5
BRDA:72,4,0,2
BRDA:72,4,1,3
BRDA:85,5,0,1
BRDA:85,5,1,2
BRF:12
BRH:11
end_of_record
TN:
SF:src/components/UploadModal.js
FN:7,(anonymous_0)
FN:30,(anonymous_1)
FN:31,(anonymous_2)
FN:58,(anonymous_3)
FN:65,(anonymous_4)
FN:70,(anonymous_5)
FN:88,(anonymous_6)
FN:121,(anonymous_7)
FN:129,(anonymous_8)
FN:137,(anonymous_9)
FN:142,(anonymous_10)
FN:146,(anonymous_11)
FN:148,(anonymous_12)
FN:156,(anonymous_13)
FN:191,(anonymous_14)
FN:200,(anonymous_15)
FN:201,(anonymous_16)
FN:207,(anonymous_17)
FN:335,(anonymous_18)
FN:354,(anonymous_19)
FN:370,(anonymous_20)
FN:387,(anonymous_21)
FN:387,(anonymous_22)
FN:400,(anonymous_23)
FN:400,(anonymous_24)
FN:422,(anonymous_25)
FN:422,(anonymous_26)
FN:437,(anonymous_27)
FN:438,(anonymous_28)
FN:452,(anonymous_29)
FN:460,(anonymous_30)
FN:460,(anonymous_31)
FN:462,(anonymous_32)
FNF:33
FNH:20
FNDA:84,(anonymous_0)
FNDA:17,(anonymous_1)
FNDA:17,(anonymous_2)
FNDA:46,(anonymous_3)
FNDA:46,(anonymous_4)
FNDA:0,(anonymous_5)
FNDA:45,(anonymous_6)
FNDA:80,(anonymous_7)
FNDA:1,(anonymous_8)
FNDA:2,(anonymous_9)
FNDA:1,(anonymous_10)
FNDA:2,(anonymous_11)
FNDA:1,(anonymous_12)
FNDA:1,(anonymous_13)
FNDA:0,(anonymous_14)
FNDA:125,(anonymous_15)
FNDA:90,(anonymous_16)
FNDA:45,(anonymous_17)
FNDA:1,(anonymous_18)
FNDA:0,(anonymous_19)
FNDA:0,(anonymous_20)
FNDA:0,(anonymous_21)
FNDA:0,(anonymous_22)
FNDA:0,(anonymous_23)
FNDA:0,(anonymous_24)
FNDA:0,(anonymous_25)
FNDA:0,(anonymous_26)
FNDA:5,(anonymous_27)
FNDA:5,(anonymous_28)
FNDA:1,(anonymous_29)
FNDA:0,(anonymous_30)
FNDA:0,(anonymous_31)
FNDA:0,(anonymous_32)
DA:7,1
DA:8,84
DA:9,84
DA:10,84
DA:11,84
DA:12,84
DA:13,84
DA:23,84
DA:24,84
DA:25,84
DA:26,84
DA:30,84
DA:31,17
DA:32,17
DA:33,17
DA:34,17
DA:35,16
DA:37,1
DA:38,1
DA:40,17
DA:44,17
DA:47,84
DA:59,46
DA:60,46
DA:61,46
DA:65,84
DA:66,46
DA:68,46
DA:69,0
DA:70,0
DA:71,0
DA:78,46
DA:80,0
DA:86,46
DA:87,46
DA:88,46
DA:89,45
DA:96,0
DA:97,0
DA:103,0
DA:104,0
DA:112,0
DA:121,84
DA:122,80
DA:123,32
DA:124,32
DA:125,32
DA:126,32
DA:129,84
DA:130,1
DA:131,1
DA:132,1
DA:133,1
DA:134,1
DA:137,84
DA:138,2
DA:139,2
DA:142,84
DA:143,1
DA:146,84
DA:147,2
DA:148,1
DA:152,1
DA:156,84
DA:157,1
DA:158,1
DA:159,0
DA:160,0
DA:164,1
DA:165,0
DA:166,0
DA:169,1
DA:170,1
DA:171,1
DA:173,1
DA:174,1
DA:175,1
DA:176,1
DA:178,1
DA:179,0
DA:182,1
DA:183,1
DA:185,1
DA:187,0
DA:188,0
DA:190,0
DA:191,0
DA:193,1
DA:194,1
DA:196,1
DA:200,84
DA:201,125
DA:202,90
DA:207,45
DA:212,84
DA:336,1
DA:337,1
DA:354,0
DA:370,0
DA:387,0
DA:400,0
DA:422,0
DA:437,5
DA:438,5
DA:453,1
DA:460,0
DA:462,0
LF:107
LH:82
BRDA:68,0,0,0
BRDA:68,0,1,46
BRDA:78,1,0,0
BRDA:78,1,1,46
BRDA:86,2,0,46
BRDA:86,2,1,0
BRDA:86,3,0,46
BRDA:86,3,1,0
BRDA:96,4,0,0
BRDA:96,4,1,0
BRDA:103,5,0,0
BRDA:103,5,1,0
BRDA:122,6,0,48
BRDA:122,6,1,32
BRDA:123,7,0,0
BRDA:123,7,1,32
BRDA:124,8,0,0
BRDA:124,8,1,32
BRDA:125,9,0,0
BRDA:125,9,1,32
BRDA:130,10,0,0
BRDA:130,10,1,1
BRDA:131,11,0,0
BRDA:131,11,1,1
BRDA:132,12,0,0
BRDA:132,12,1,1
BRDA:133,13,0,0
BRDA:133,13,1,1
BRDA:138,14,0,0
BRDA:138,14,1,2
BRDA:147,15,0,1
BRDA:147,15,1,1
BRDA:147,16,0,2
BRDA:147,16,1,1
BRDA:158,17,0,0
BRDA:158,17,1,1
BRDA:164,18,0,0
BRDA:164,18,1,1
BRDA:178,19,0,0
BRDA:178,19,1,1
BRDA:187,20,0,0
BRDA:187,20,1,0
BRDA:193,21,0,1
BRDA:193,21,1,0
BRDA:200,22,0,80
BRDA:204,23,0,45
BRDA:204,23,1,45
BRDA:206,24,0,90
BRDA:206,24,1,90
BRDA:206,24,2,45
BRDA:217,25,0,4
BRDA:217,25,1,80
BRDA:219,26,0,4
BRDA:219,26,1,80
BRDA:224,27,0,84
BRDA:224,27,1,3
BRDA:230,28,0,4
BRDA:230,28,1,80
BRDA:233,29,0,4
BRDA:233,29,1,0
BRDA:240,30,0,4
BRDA:240,30,1,0
BRDA:248,31,0,4
BRDA:248,31,1,2
BRDA:253,32,0,4
BRDA:253,32,1,0
BRDA:259,33,0,4
BRDA:259,33,1,0
BRDA:269,34,0,4
BRDA:269,34,1,0
BRDA:298,35,0,0
BRDA:298,35,1,80
BRDA:306,36,0,32
BRDA:306,36,1,48
BRDA:323,37,0,80
BRDA:323,37,1,32
BRDA:353,38,0,80
BRDA:353,38,1,80
BRDA:354,39,0,0
BRDA:354,39,1,0
BRDA:364,40,0,80
BRDA:364,40,1,0
BRDA:438,41,0,5
BRDA:438,41,1,0
BRDA:438,41,2,0
BRDA:487,42,0,80
BRDA:487,42,1,32
BRDA:489,43,0,19
BRDA:489,43,1,61
BRF:89
BRH:56
end_of_record
TN:
SF:src/components/Uploader.js
FN:5,(anonymous_0)
FN:8,(anonymous_1)
FN:18,(anonymous_2)
FN:27,(anonymous_3)
FNF:4
FNH:4
FNDA:12,(anonymous_0)
FNDA:2,(anonymous_1)
FNDA:4,(anonymous_2)
FNDA:1,(anonymous_3)
DA:5,1
DA:6,12
DA:8,12
DA:9,2
DA:10,1
DA:12,2
DA:15,12
DA:18,4
DA:27,1
LF:9
LH:9
BRDA:9,0,0,1
BRDA:9,0,1,1
BRDA:25,1,0,12
BRDA:25,1,1,4
BRF:4
BRH:4
end_of_record
TN:
SF:src/components/Dashboard/AllDocumentsView.js
FN:7,(anonymous_0)
FN:24,(anonymous_1)
FN:56,(anonymous_2)
FNF:3
FNH:3
FNDA:10,(anonymous_0)
FNDA:1,(anonymous_1)
FNDA:18,(anonymous_2)
DA:7,1
DA:19,10
DA:24,1
DA:57,18
LF:4
LH:4
BRDA:50,0,0,1
BRDA:50,0,1,9
BRF:2
BRH:2
end_of_record
TN:
SF:src/components/Dashboard/DashboardHeader.js
FN:4,(anonymous_0)
FN:12,(anonymous_1)
FN:23,(anonymous_2)
FN:27,(anonymous_3)
FN:33,(anonymous_4)
FN:97,(anonymous_5)
FNF:6
FNH:6
FNDA:38,(anonymous_0)
FNDA:14,(anonymous_1)
FNDA:7,(anonymous_2)
FNDA:14,(anonymous_3)
FNDA:3,(anonymous_4)
FNDA:1,(anonymous_5)
DA:4,1
DA:6,38
DA:8,38
DA:9,38
DA:12,38
DA:13,14
DA:14,14
DA:16,14
DA:17,9
DA:18,8
DA:20,14
DA:23,14
DA:24,7
DA:27,14
DA:33,38
DA:34,3
DA:38,38
DA:42,38
DA:97,1
LF:19
LH:19
BRDA:16,0,0,5
BRDA:16,0,1,9
BRDA:17,1,0,1
BRDA:17,1,1,8
BRDA:38,2,0,33
BRDA:38,2,1,5
BRDA:66,3,0,7
BRDA:66,3,1,31
BRDA:73,4,0,7
BRDA:73,4,1,31
BRDA:78,5,0,38
BRDA:78,5,1,33
BRDA:80,6,0,6
BRDA:80,6,1,27
BRDA:111,7,0,38
BRDA:111,7,1,5
BRDA:113,8,0,2
BRDA:113,8,1,36
BRDA:117,9,0,38
BRDA:117,9,1,2
BRF:20
BRH:20
end_of_record
TN:
SF:src/components/Dashboard/DocumentCard.js
FN:7,(anonymous_0)
FN:27,(anonymous_1)
FN:34,(anonymous_2)
FN:40,(anonymous_3)
FN:52,(anonymous_4)
FNF:5
FNH:5
FNDA:11,(anonymous_0)
FNDA:1,(anonymous_1)
FNDA:1,(anonymous_2)
FNDA:1,(anonymous_3)
FNDA:1,(anonymous_4)
DA:7,1
DA:8,11
DA:10,11
DA:27,1
DA:34,1
DA:40,1
DA:52,1
LF:7
LH:7
BRDA:8,0,0,11
BRDA:8,0,1,9
BRDA:23,1,0,10
BRDA:23,1,1,1
BRDA:44,2,0,2
BRDA:44,2,1,9
BRF:6
BRH:6
end_of_record
TN:
SF:src/components/Dashboard/QuickActions.js
FN:6,(anonymous_0)
FN:22,(anonymous_1)
FNF:2
FNH:2
FNDA:5,(anonymous_0)
FNDA:1,(anonymous_1)
DA:6,1
DA:7,5
DA:22,1
LF:3
LH:3
BRF:0
BRH:0
end_of_record
TN:
SF:src/components/Dashboard/StatCard.js
FN:5,(anonymous_0)
FNF:1
FNH:1
FNDA:4,(anonymous_0)
DA:5,1
DA:6,4
LF:2
LH:2
BRF:0
BRH:0
end_of_record
TN:
SF:src/components/SearchResults/DocumentCard.js
FN:4,(anonymous_0)
FN:10,(anonymous_1)
FN:17,(anonymous_2)
FN:47,(anonymous_3)
FNF:4
FNH:4
FNDA:6,(anonymous_0)
FNDA:6,(anonymous_1)
FNDA:6,(anonymous_2)
FNDA:16,(anonymous_3)
DA:4,2
DA:5,6
DA:6,6
DA:7,6
DA:8,6
DA:10,6
DA:11,6
DA:12,1
DA:13,0
DA:14,0
DA:17,6
DA:18,6
DA:19,6
DA:20,1
DA:21,0
DA:22,0
DA:23,0
DA:24,0
DA:25,0
DA:26,0
DA:29,6
DA:31,6
DA:48,16
LF:23
LH:15
BRDA:8,0,0,6
BRDA:8,0,1,0
BRDA:11,1,0,5
BRDA:11,1,1,1
BRDA:12,2,0,1
BRDA:12,2,1,0
BRDA:13,3,0,0
BRDA:13,3,1,0
BRDA:19,4,0,5
BRDA:19,4,1,1
BRDA:20,5,0,1
BRDA:20,5,1,0
BRDA:21,6,0,0
BRDA:21,6,1,0
BRDA:22,7,0,0
BRDA:22,7,1,0
BRDA:23,8,0,0
BRDA:23,8,1,0
BRDA:24,9,0,0
BRDA:24,9,1,0
BRDA:25,10,0,0
BRDA:25,10,1,0
BRDA:48,11,0,5
BRDA:48,11,1,11
BRDA:62,12,0,6
BRDA:62,12,1,6
BRF:26
BRH:11
end_of_record
TN:
SF:src/components/SearchResults/DocumentTab.js
FN:4,(anonymous_0)
FN:6,(anonymous_1)
FNF:2
FNH:2
FNDA:1,(anonymous_0)
FNDA:2,(anonymous_1)
DA:4,1
DA:5,1
DA:7,2
LF:3
LH:3
BRF:0
BRH:0
end_of_record
TN:
SF:src/components/SearchResults/ImageTab.js
FN:3,(anonymous_0)
FNF:1
FNH:1
FNDA:2,(anonymous_0)
DA:3,1
DA:4,2
LF:2
LH:2
BRF:0
BRH:0
end_of_record
TN:
SF:src/components/SearchResults/Tabs.js
FN:4,(anonymous_0)
FN:13,(anonymous_1)
FN:16,(anonymous_2)
FNF:3
FNH:3
FNDA:27,(anonymous_0)
FNDA:81,(anonymous_1)
FNDA:8,(anonymous_2)
DA:4,1
DA:5,27
DA:11,27
DA:14,81
DA:16,8
LF:5
LH:5
BRDA:18,0,0,23
BRDA:18,0,1,58
BRF:2
BRH:2
end_of_record
TN:
SF:src/components/SearchResults/VideoTab.js
FN:4,(anonymous_0)
FN:10,(anonymous_1)
FN:11,(anonymous_2)
FN:34,(anonymous_3)
FN:55,(anonymous_4)
FN:57,(anonymous_5)
FN:76,(anonymous_6)
FN:110,(anonymous_7)
FN:125,(anonymous_8)
FN:133,(anonymous_9)
FN:142,(anonymous_10)
FN:171,(anonymous_11)
FN:176,(anonymous_12)
FN:180,(anonymous_13)
FN:230,(anonymous_14)
FN:265,(anonymous_15)
FN:269,(anonymous_16)
FNF:17
FNH:12
FNDA:3,(anonymous_0)
FNDA:0,(anonymous_1)
FNDA:0,(anonymous_2)
FNDA:3,(anonymous_3)
FNDA:1,(anonymous_4)
FNDA:1,(anonymous_5)
FNDA:0,(anonymous_6)
FNDA:1,(anonymous_7)
FNDA:21,(anonymous_8)
FNDA:7,(anonymous_9)
FNDA:8,(anonymous_10)
FNDA:1,(anonymous_11)
FNDA:1,(anonymous_12)
FNDA:0,(anonymous_13)
FNDA:0,(anonymous_14)
FNDA:3,(anonymous_15)
FNDA:1,(anonymous_16)
DA:4,1
DA:5,3
DA:7,3
DA:10,0
DA:11,0
DA:35,3
DA:55,1
DA:57,1
DA:58,1
DA:59,1
DA:60,0
DA:61,0
DA:63,0
DA:66,1
DA:67,1
DA:69,1
DA:76,0
DA:111,1
DA:125,1
DA:126,21
DA:127,21
DA:128,21
DA:129,21
DA:130,21
DA:133,21
DA:134,7
DA:135,0
DA:136,0
DA:138,7
DA:142,21
DA:143,8
DA:144,8
DA:146,8
DA:147,8
DA:151,6
DA:152,0
DA:155,6
DA:156,4
DA:157,4
DA:159,4
DA:160,4
DA:163,4
DA:164,1
DA:167,8
DA:171,21
DA:172,1
DA:173,1
DA:176,21
DA:177,1
DA:180,21
DA:181,0
DA:184,21
DA:230,0
DA:266,3
DA:269,1
DA:283,1
LF:56
LH:45
BRDA:15,0,0,0
BRDA:15,0,1,3
BRDA:45,1,0,3
BRDA:45,1,1,0
BRDA:58,2,0,1
BRDA:58,2,1,0
BRDA:60,3,0,0
BRDA:60,3,1,0
BRDA:67,4,0,1
BRDA:67,4,1,0
BRDA:79,5,0,1
BRDA:79,5,1,0
BRDA:125,6,0,21
BRDA:134,7,0,0
BRDA:134,7,1,7
BRDA:142,8,0,7
BRDA:151,9,0,0
BRDA:151,9,1,6
BRDA:157,10,0,4
BRDA:157,10,1,0
BRDA:163,11,0,1
BRDA:163,11,1,3
BRDA:245,12,0,8
BRDA:245,12,1,13
BRDA:250,13,0,2
BRDA:250,13,1,11
BRDA:254,14,0,8
BRDA:254,14,1,3
BRDA:257,15,0,8
BRDA:257,15,1,0
BRDA:267,16,0,3
BRDA:267,16,1,0
BRDA:275,17,0,21
BRDA:275,17,1,1
BRF:34
BRH:22
end_of_record
TN:
SF:src/components/SearchResults/index.js
FN:8,(anonymous_0)
FN:19,(anonymous_1)
FN:26,(anonymous_2)
FNF:3
FNH:3
FNDA:19,(anonymous_0)
FNDA:7,(anonymous_1)
FNDA:7,(anonymous_2)
DA:8,1
DA:14,19
DA:15,19
DA:16,19
DA:19,19
DA:20,7
DA:21,7
DA:26,19
DA:27,7
DA:28,7
DA:30,7
DA:31,7
DA:33,6
DA:34,0
DA:37,6
DA:38,6
DA:40,1
DA:41,1
DA:43,7
DA:48,19
DA:50,19
LF:21
LH:20
BRDA:20,0,0,7
BRDA:20,0,1,0
BRDA:33,1,0,0
BRDA:33,1,1,6
BRDA:48,2,0,19
BRDA:48,2,1,16
BRDA:62,3,0,16
BRDA:62,3,1,3
BRDA:65,4,0,18
BRDA:65,4,1,1
BRDA:75,5,0,19
BRDA:75,5,1,10
BRDA:76,6,0,19
BRDA:76,6,1,2
BRDA:77,7,0,19
BRDA:77,7,1,7
BRDA:79,8,0,3
BRDA:79,8,1,4
BRDA:84,9,0,1
BRDA:84,9,1,3
BRF:20
BRH:18
end_of_record
TN:
SF:src/constants/data.js
FNF:0
FNH:0
DA:1,1
DA:30,1
DA:66,1
LF:3
LH:3
BRF:0
BRH:0
end_of_record
TN:
SF:src/utils/api.js
FN:1,(anonymous_0)
FNF:1
FNH:1
FNDA:11,(anonymous_0)
DA:1,1
DA:2,11
DA:4,8
DA:5,8
DA:6,8
DA:7,8
DA:8,6
DA:10,2
DA:11,2
LF:9
LH:9
BRDA:2,0,0,3
BRDA:2,0,1,8
BRF:2
BRH:2
end_of_record
TN:
SF:src/utils/colors.js
FN:2,(anonymous_0)
FN:56,(anonymous_1)
FNF:2
FNH:2
FNDA:14,(anonymous_0)
FNDA:9,(anonymous_1)
DA:2,3
DA:3,14
DA:53,14
DA:56,9
LF:4
LH:4
BRDA:53,0,0,14
BRDA:53,0,1,2
BRF:2
BRH:2
end_of_record
TN:
SF:src/utils/fileUtils.js
FN:13,(anonymous_0)
FN:21,(anonymous_1)
FN:34,(anonymous_2)
FN:36,(anonymous_3)
FN:37,(anonymous_4)
FN:47,(anonymous_5)
FN:50,(anonymous_6)
FN:56,(anonymous_7)
FN:57,(anonymous_8)
FN:62,(anonymous_9)
FN:77,(anonymous_10)
FN:87,(anonymous_11)
FNF:12
FNH:12
FNDA:24,(anonymous_0)
FNDA:9,(anonymous_1)
FNDA:7,(anonymous_2)
FNDA:22,(anonymous_3)
FNDA:22,(anonymous_4)
FNDA:19,(anonymous_5)
FNDA:3,(anonymous_6)
FNDA:14,(anonymous_7)
FNDA:2,(anonymous_8)
FNDA:2,(anonymous_9)
FNDA:2,(anonymous_10)
FNDA:1,(anonymous_11)
DA:13,1
DA:14,24
DA:15,19
DA:16,19
DA:17,19
DA:18,19
DA:21,1
DA:22,9
DA:23,9
DA:24,1
DA:25,1
DA:26,1
DA:27,1
DA:29,2
DA:30,3
DA:34,1
DA:36,22
DA:37,22
DA:40,7
DA:47,19
DA:51,3
DA:52,3
DA:57,14
DA:58,14
DA:64,2
DA:66,2
DA:74,7
DA:77,1
DA:78,2
DA:79,2
DA:81,2
DA:82,2
DA:83,2
DA:84,2
DA:85,2
DA:87,2
DA:88,1
DA:89,1
LF:38
LH:38
BRDA:14,0,0,5
BRDA:14,0,1,19
BRDA:22,1,0,9
BRDA:22,1,1,2
BRDA:23,2,0,1
BRDA:23,2,1,1
BRDA:23,2,2,1
BRDA:23,2,3,1
BRDA:23,2,4,1
BRDA:23,2,5,2
BRDA:23,2,6,3
BRDA:47,3,0,19
BRDA:47,3,1,1
BRDA:51,4,0,3
BRDA:51,4,1,2
BRDA:52,5,0,3
BRDA:52,5,1,1
BRDA:52,6,0,3
BRDA:52,6,1,1
BRDA:58,7,0,14
BRDA:58,7,1,2
BRDA:58,8,0,14
BRDA:58,8,1,12
BRDA:70,9,0,1
BRDA:70,9,1,6
BRF:25
BRH:25
end_of_record
