TN:
SF:src\AdminDashboard.js
FN:19,(anonymous_0)
FN:27,(anonymous_1)
FN:35,(anonymous_2)
FN:46,(anonymous_3)
FN:74,(anonymous_4)
FN:80,(anonymous_5)
FN:103,(anonymous_6)
FN:125,(anonymous_7)
FN:125,(anonymous_8)
FN:138,(anonymous_9)
FN:159,(anonymous_10)
FN:209,(anonymous_11)
FN:222,(anonymous_12)
FN:241,(anonymous_13)
FN:249,(anonymous_14)
FN:300,(anonymous_15)
FN:307,(anonymous_16)
FNF:17
FNH:0
FNDA:0,(anonymous_0)
FNDA:0,(anonymous_1)
FNDA:0,(anonymous_2)
FNDA:0,(anonymous_3)
FNDA:0,(anonymous_4)
FNDA:0,(anonymous_5)
FNDA:0,(anonymous_6)
FNDA:0,(anonymous_7)
FNDA:0,(anonymous_8)
FNDA:0,(anonymous_9)
FNDA:0,(anonymous_10)
FNDA:0,(anonymous_11)
FNDA:0,(anonymous_12)
FNDA:0,(anonymous_13)
FNDA:0,(anonymous_14)
FNDA:0,(anonymous_15)
FNDA:0,(anonymous_16)
DA:19,1
DA:20,0
DA:21,0
DA:22,0
DA:23,0
DA:24,0
DA:27,1
DA:28,0
DA:29,0
DA:30,0
DA:31,0
DA:32,0
DA:33,0
DA:35,0
DA:36,0
DA:37,0
DA:40,0
DA:46,0
DA:47,0
DA:48,0
DA:56,0
DA:57,0
DA:59,0
DA:60,0
DA:64,0
DA:65,0
DA:66,0
DA:69,0
DA:70,0
DA:74,0
DA:75,0
DA:76,0
DA:77,0
DA:80,0
DA:81,0
DA:82,0
DA:91,0
DA:92,0
DA:94,0
DA:96,0
DA:98,0
DA:99,0
DA:103,0
DA:104,0
DA:106,0
DA:107,0
DA:108,0
DA:119,0
DA:120,0
DA:122,0
DA:125,0
DA:126,0
DA:128,0
DA:129,0
DA:131,0
DA:133,0
DA:134,0
DA:138,0
DA:139,0
DA:140,0
DA:143,0
DA:159,0
DA:210,0
DA:222,0
DA:242,0
DA:249,0
DA:300,0
DA:307,0
LF:68
LH:2
BRDA:20,0,0,0
BRDA:20,0,1,0
BRDA:59,1,0,0
BRDA:59,1,1,0
BRDA:60,2,0,0
BRDA:60,2,1,0
BRDA:70,3,0,0
BRDA:70,3,1,0
BRDA:94,4,0,0
BRDA:94,4,1,0
BRDA:94,5,0,0
BRDA:94,5,1,0
BRDA:104,6,0,0
BRDA:104,6,1,0
BRDA:122,7,0,0
BRDA:122,7,1,0
BRDA:122,8,0,0
BRDA:122,8,1,0
BRDA:129,9,0,0
BRDA:129,9,1,0
BRDA:297,10,0,0
BRDA:297,10,1,0
BRF:22
BRH:0
end_of_record
TN:
SF:src\AdminLogin.js
FN:8,AdminLogin
FN:29,(anonymous_1)
FN:88,(anonymous_2)
FN:134,(anonymous_3)
FN:153,(anonymous_4)
FN:176,(anonymous_5)
FN:189,(anonymous_6)
FN:210,(anonymous_7)
FNF:8
FNH:0
FNDA:0,AdminLogin
FNDA:0,(anonymous_1)
FNDA:0,(anonymous_2)
FNDA:0,(anonymous_3)
FNDA:0,(anonymous_4)
FNDA:0,(anonymous_5)
FNDA:0,(anonymous_6)
FNDA:0,(anonymous_7)
DA:10,0
DA:11,0
DA:14,0
DA:17,0
DA:20,0
DA:23,0
DA:26,0
DA:29,0
DA:30,0
DA:31,0
DA:32,0
DA:34,0
DA:35,0
DA:42,0
DA:43,0
DA:46,0
DA:47,0
DA:50,0
DA:51,0
DA:52,0
DA:53,0
DA:56,0
DA:60,0
DA:63,0
DA:67,0
DA:68,0
DA:71,0
DA:72,0
DA:75,0
DA:76,0
DA:78,0
DA:81,0
DA:83,0
DA:88,0
DA:89,0
DA:92,0
DA:134,0
DA:153,0
DA:176,0
DA:190,0
DA:191,0
DA:198,0
DA:200,0
DA:201,0
DA:203,0
DA:204,0
DA:207,0
DA:211,0
LF:48
LH:0
BRDA:42,0,0,0
BRDA:42,0,1,0
BRDA:50,1,0,0
BRDA:50,1,1,0
BRDA:50,2,0,0
BRDA:50,2,1,0
BRDA:53,3,0,0
BRDA:53,3,1,0
BRDA:56,4,0,0
BRDA:56,4,1,0
BRDA:60,5,0,0
BRDA:60,5,1,0
BRDA:68,6,0,0
BRDA:68,6,1,0
BRDA:75,7,0,0
BRDA:75,7,1,0
BRDA:113,8,0,0
BRDA:113,8,1,0
BRDA:151,9,0,0
BRDA:151,9,1,0
BRDA:163,10,0,0
BRDA:163,10,1,0
BRDA:165,11,0,0
BRDA:165,11,1,0
BRDA:200,12,0,0
BRDA:200,12,1,0
BRDA:222,13,0,0
BRDA:222,13,1,0
BRF:28
BRH:0
end_of_record
TN:
SF:src\AdminSignup.js
FN:8,AdminSignup
FN:36,(anonymous_1)
FN:38,(anonymous_2)
FN:41,(anonymous_3)
FN:45,(anonymous_4)
FN:85,(anonymous_5)
FN:261,(anonymous_6)
FN:294,(anonymous_7)
FN:337,(anonymous_8)
FN:363,(anonymous_9)
FN:382,(anonymous_10)
FNF:11
FNH:0
FNDA:0,AdminSignup
FNDA:0,(anonymous_1)
FNDA:0,(anonymous_2)
FNDA:0,(anonymous_3)
FNDA:0,(anonymous_4)
FNDA:0,(anonymous_5)
FNDA:0,(anonymous_6)
FNDA:0,(anonymous_7)
FNDA:0,(anonymous_8)
FNDA:0,(anonymous_9)
FNDA:0,(anonymous_10)
DA:10,0
DA:20,0
DA:21,0
DA:24,0
DA:27,0
DA:30,0
DA:33,0
DA:36,0
DA:37,0
DA:38,0
DA:41,0
DA:45,0
DA:46,0
DA:49,0
DA:52,0
DA:55,0
DA:58,0
DA:59,0
DA:60,0
DA:61,0
DA:62,0
DA:63,0
DA:64,0
DA:65,0
DA:66,0
DA:67,0
DA:71,0
DA:72,0
DA:76,0
DA:79,0
DA:81,0
DA:85,0
DA:86,0
DA:88,0
DA:89,0
DA:91,0
DA:92,0
DA:94,0
DA:96,0
DA:108,0
DA:111,0
DA:112,0
DA:116,0
DA:117,0
DA:120,0
DA:124,0
DA:126,0
DA:130,0
DA:261,0
DA:294,0
DA:337,0
DA:364,0
DA:365,0
DA:370,0
DA:372,0
DA:373,0
DA:375,0
DA:376,0
DA:379,0
DA:383,0
LF:60
LH:0
BRDA:41,0,0,0
BRDA:41,0,1,0
BRDA:49,1,0,0
BRDA:49,1,1,0
BRDA:52,2,0,0
BRDA:52,2,1,0
BRDA:55,3,0,0
BRDA:55,3,1,0
BRDA:58,4,0,0
BRDA:58,4,1,0
BRDA:60,5,0,0
BRDA:60,5,1,0
BRDA:62,6,0,0
BRDA:62,6,1,0
BRDA:64,7,0,0
BRDA:64,7,1,0
BRDA:66,8,0,0
BRDA:66,8,1,0
BRDA:71,9,0,0
BRDA:71,9,1,0
BRDA:76,10,0,0
BRDA:76,10,1,0
BRDA:79,11,0,0
BRDA:79,11,1,0
BRDA:89,12,0,0
BRDA:89,12,1,0
BRDA:111,13,0,0
BRDA:111,13,1,0
BRDA:112,14,0,0
BRDA:112,14,1,0
BRDA:167,15,0,0
BRDA:167,15,1,0
BRDA:192,16,0,0
BRDA:192,16,1,0
BRDA:214,17,0,0
BRDA:214,17,1,0
BRDA:237,18,0,0
BRDA:237,18,1,0
BRDA:252,19,0,0
BRDA:252,19,1,0
BRDA:263,20,0,0
BRDA:263,20,1,0
BRDA:265,21,0,0
BRDA:265,21,1,0
BRDA:268,22,0,0
BRDA:268,22,1,0
BRDA:286,23,0,0
BRDA:286,23,1,0
BRDA:296,24,0,0
BRDA:296,24,1,0
BRDA:298,25,0,0
BRDA:298,25,1,0
BRDA:301,26,0,0
BRDA:301,26,1,0
BRDA:323,27,0,0
BRDA:323,27,1,0
BRDA:345,28,0,0
BRDA:345,28,1,0
BRDA:372,29,0,0
BRDA:372,29,1,0
BRDA:399,30,0,0
BRDA:399,30,1,0
BRF:62
BRH:0
end_of_record
TN:
SF:src\App.js
FN:12,(anonymous_0)
FN:17,App
FNF:2
FNH:1
FNDA:0,(anonymous_0)
FNDA:1,App
DA:12,1
DA:13,0
DA:14,0
DA:18,1
LF:4
LH:2
BRDA:14,0,0,0
BRDA:14,0,1,0
BRF:2
BRH:0
end_of_record
TN:
SF:src\CompleteSignup.js
FN:4,CompleteSignup
FN:14,(anonymous_1)
FN:53,(anonymous_2)
FN:65,(anonymous_3)
FN:77,(anonymous_4)
FNF:5
FNH:0
FNDA:0,CompleteSignup
FNDA:0,(anonymous_1)
FNDA:0,(anonymous_2)
FNDA:0,(anonymous_3)
FNDA:0,(anonymous_4)
DA:5,0
DA:10,0
DA:11,0
DA:12,0
DA:14,0
DA:15,0
DA:17,0
DA:18,0
DA:26,0
DA:27,0
DA:28,0
DA:29,0
DA:31,0
DA:35,0
DA:53,0
DA:65,0
DA:77,0
LF:17
LH:0
BRDA:27,0,0,0
BRDA:27,0,1,0
BRDA:42,1,0,0
BRDA:42,1,1,0
BRF:4
BRH:0
end_of_record
TN:
SF:src\ConstitutionalArchiveHomepage.js
FN:6,(anonymous_0)
FN:60,(anonymous_1)
FN:138,ConstitutionalArchiveHomepage
FN:144,(anonymous_3)
FN:148,(anonymous_4)
FN:164,(anonymous_5)
FN:177,(anonymous_6)
FN:243,(anonymous_7)
FN:343,(anonymous_8)
FN:354,(anonymous_9)
FN:362,(anonymous_10)
FN:402,(anonymous_11)
FN:462,(anonymous_12)
FN:509,(anonymous_13)
FN:563,(anonymous_14)
FNF:15
FNH:5
FNDA:15,(anonymous_0)
FNDA:0,(anonymous_1)
FNDA:1,ConstitutionalArchiveHomepage
FNDA:0,(anonymous_3)
FNDA:0,(anonymous_4)
FNDA:0,(anonymous_5)
FNDA:0,(anonymous_6)
FNDA:0,(anonymous_7)
FNDA:0,(anonymous_8)
FNDA:0,(anonymous_9)
FNDA:0,(anonymous_10)
FNDA:0,(anonymous_11)
FNDA:3,(anonymous_12)
FNDA:4,(anonymous_13)
FNDA:8,(anonymous_14)
DA:6,1
DA:7,15
DA:57,15
DA:60,1
DA:63,1
DA:91,1
DA:127,1
DA:139,1
DA:140,1
DA:141,1
DA:142,1
DA:144,1
DA:145,0
DA:148,1
DA:149,0
DA:151,0
DA:153,0
DA:155,0
DA:156,0
DA:157,0
DA:159,0
DA:160,0
DA:164,1
DA:165,0
DA:166,0
DA:167,0
DA:169,0
DA:170,0
DA:172,0
DA:173,0
DA:174,0
DA:176,0
DA:177,0
DA:178,0
DA:179,0
DA:180,0
DA:181,0
DA:183,0
DA:184,0
DA:186,0
DA:187,0
DA:190,0
DA:191,0
DA:194,0
DA:195,0
DA:196,0
DA:197,0
DA:198,0
DA:199,0
DA:200,0
DA:205,0
DA:206,0
DA:207,0
DA:210,0
DA:211,0
DA:214,0
DA:215,0
DA:218,0
DA:219,0
DA:229,0
DA:235,0
DA:236,0
DA:237,0
DA:239,0
DA:243,1
DA:244,0
DA:245,0
DA:246,0
DA:249,1
DA:345,0
DA:346,0
DA:347,0
DA:348,0
DA:351,0
DA:354,0
DA:355,0
DA:356,0
DA:357,0
DA:358,0
DA:362,0
DA:363,0
DA:364,0
DA:365,0
DA:368,0
DA:369,0
DA:370,0
DA:371,0
DA:373,0
DA:376,0
DA:378,0
DA:403,0
DA:463,3
DA:464,3
DA:510,4
DA:511,4
DA:564,8
DA:565,8
DA:566,8
DA:567,8
DA:569,8
LF:100
LH:25
BRDA:57,0,0,15
BRDA:57,0,1,0
BRDA:149,1,0,0
BRDA:149,1,1,0
BRDA:167,2,0,0
BRDA:167,2,1,0
BRDA:174,3,0,0
BRDA:174,3,1,0
BRDA:177,4,0,0
BRDA:177,4,1,0
BRDA:178,5,0,0
BRDA:178,5,1,0
BRDA:184,6,0,0
BRDA:184,6,1,0
BRDA:198,7,0,0
BRDA:198,7,1,0
BRDA:210,8,0,0
BRDA:210,8,1,0
BRDA:211,9,0,0
BRDA:211,9,1,0
BRDA:215,10,0,0
BRDA:215,10,1,0
BRDA:220,11,0,0
BRDA:220,11,1,0
BRDA:220,11,2,0
BRDA:221,12,0,0
BRDA:221,12,1,0
BRDA:221,12,2,0
BRDA:231,13,0,0
BRDA:231,13,1,0
BRDA:273,14,0,0
BRDA:273,14,1,1
BRDA:291,15,0,1
BRDA:291,15,1,0
BRDA:305,16,0,0
BRDA:305,16,1,1
BRDA:316,17,0,1
BRDA:316,17,1,0
BRDA:325,18,0,1
BRDA:325,18,1,0
BRDA:336,19,0,0
BRDA:336,19,1,0
BRDA:351,20,0,0
BRDA:351,20,1,0
BRDA:355,21,0,0
BRDA:355,21,1,0
BRDA:355,22,0,0
BRDA:355,22,1,0
BRDA:356,23,0,0
BRDA:356,23,1,0
BRDA:356,24,0,0
BRDA:356,24,1,0
BRDA:357,25,0,0
BRDA:357,25,1,0
BRDA:357,26,0,0
BRDA:357,26,1,0
BRDA:363,27,0,0
BRDA:363,27,1,0
BRDA:363,28,0,0
BRDA:363,28,1,0
BRDA:364,29,0,0
BRDA:364,29,1,0
BRDA:364,30,0,0
BRDA:364,30,1,0
BRDA:365,31,0,0
BRDA:365,31,1,0
BRDA:365,32,0,0
BRDA:365,32,1,0
BRDA:368,33,0,0
BRDA:368,33,1,0
BRDA:369,34,0,0
BRDA:369,34,1,0
BRDA:370,35,0,0
BRDA:370,35,1,0
BRDA:371,36,0,0
BRDA:371,36,1,0
BRDA:403,37,0,0
BRDA:403,37,1,0
BRDA:419,38,0,0
BRDA:419,38,1,0
BRDA:452,39,0,1
BRDA:452,39,1,1
BRF:82
BRH:8
end_of_record
TN:
SF:src\components\ConfirmDialog.js
FN:3,(anonymous_0)
FNF:1
FNH:0
FNDA:0,(anonymous_0)
DA:3,1
DA:13,0
DA:15,0
LF:3
LH:1
BRDA:7,0,0,0
BRDA:8,1,0,0
BRDA:9,2,0,0
BRDA:10,3,0,0
BRDA:11,4,0,0
BRDA:13,5,0,0
BRDA:13,5,1,0
BRDA:33,6,0,0
BRDA:33,6,1,0
BRF:9
BRH:0
end_of_record
TN:
SF:src\components\DocumentPreview.js
FN:75,(anonymous_0)
FN:129,DocumentPreviewShowcase
FN:139,(anonymous_2)
FN:140,(anonymous_3)
FN:143,(anonymous_4)
FN:144,(anonymous_5)
FN:147,(anonymous_6)
FN:152,(anonymous_7)
FN:156,(anonymous_8)
FN:161,(anonymous_9)
FN:221,(anonymous_10)
FN:224,(anonymous_11)
FN:275,(anonymous_12)
FN:297,(anonymous_13)
FN:305,(anonymous_14)
FN:329,(anonymous_15)
FN:367,(anonymous_16)
FNF:17
FNH:3
FNDA:1,(anonymous_0)
FNDA:1,DocumentPreviewShowcase
FNDA:0,(anonymous_2)
FNDA:0,(anonymous_3)
FNDA:0,(anonymous_4)
FNDA:0,(anonymous_5)
FNDA:0,(anonymous_6)
FNDA:0,(anonymous_7)
FNDA:0,(anonymous_8)
FNDA:0,(anonymous_9)
FNDA:6,(anonymous_10)
FNDA:0,(anonymous_11)
FNDA:0,(anonymous_12)
FNDA:0,(anonymous_13)
FNDA:0,(anonymous_14)
FNDA:0,(anonymous_15)
FNDA:0,(anonymous_16)
DA:5,1
DA:75,1
DA:76,1
DA:126,1
DA:130,1
DA:131,1
DA:132,1
DA:133,1
DA:134,1
DA:136,1
DA:137,1
DA:139,1
DA:140,0
DA:143,1
DA:144,0
DA:147,1
DA:148,0
DA:149,0
DA:152,1
DA:153,0
DA:156,1
DA:157,0
DA:160,1
DA:162,0
DA:170,1
DA:222,6
DA:224,0
DA:275,0
DA:297,0
DA:306,0
DA:329,0
DA:367,0
LF:32
LH:19
BRDA:126,0,0,1
BRDA:126,0,1,0
BRDA:160,1,0,0
BRDA:160,1,1,1
BRDA:162,2,0,0
BRDA:162,2,1,0
BRDA:163,3,0,0
BRDA:163,3,1,0
BRDA:163,3,2,0
BRDA:175,4,0,1
BRDA:175,4,1,0
BRDA:226,5,0,1
BRDA:226,5,1,5
BRDA:348,6,0,0
BRDA:348,6,1,1
BRDA:363,7,0,1
BRDA:363,7,1,0
BRDA:363,7,2,0
BRF:18
BRH:7
end_of_record
TN:
SF:src\components\UploadModal.js
FN:7,(anonymous_0)
FN:27,(anonymous_1)
FN:28,(anonymous_2)
FN:60,(anonymous_3)
FN:63,(anonymous_4)
FN:71,(anonymous_5)
FN:79,(anonymous_6)
FN:81,(anonymous_7)
FN:89,(anonymous_8)
FN:119,(anonymous_9)
FN:128,(anonymous_10)
FN:129,(anonymous_11)
FN:135,(anonymous_12)
FN:189,(anonymous_13)
FN:204,(anonymous_14)
FN:220,(anonymous_15)
FN:237,(anonymous_16)
FN:237,(anonymous_17)
FN:250,(anonymous_18)
FN:250,(anonymous_19)
FN:272,(anonymous_20)
FN:272,(anonymous_21)
FN:287,(anonymous_22)
FN:288,(anonymous_23)
FN:302,(anonymous_24)
FN:310,(anonymous_25)
FN:310,(anonymous_26)
FN:312,(anonymous_27)
FNF:28
FNH:0
FNDA:0,(anonymous_0)
FNDA:0,(anonymous_1)
FNDA:0,(anonymous_2)
FNDA:0,(anonymous_3)
FNDA:0,(anonymous_4)
FNDA:0,(anonymous_5)
FNDA:0,(anonymous_6)
FNDA:0,(anonymous_7)
FNDA:0,(anonymous_8)
FNDA:0,(anonymous_9)
FNDA:0,(anonymous_10)
FNDA:0,(anonymous_11)
FNDA:0,(anonymous_12)
FNDA:0,(anonymous_13)
FNDA:0,(anonymous_14)
FNDA:0,(anonymous_15)
FNDA:0,(anonymous_16)
FNDA:0,(anonymous_17)
FNDA:0,(anonymous_18)
FNDA:0,(anonymous_19)
FNDA:0,(anonymous_20)
FNDA:0,(anonymous_21)
FNDA:0,(anonymous_22)
FNDA:0,(anonymous_23)
FNDA:0,(anonymous_24)
FNDA:0,(anonymous_25)
FNDA:0,(anonymous_26)
FNDA:0,(anonymous_27)
DA:7,1
DA:8,0
DA:9,0
DA:10,0
DA:11,0
DA:12,0
DA:22,0
DA:23,0
DA:24,0
DA:27,0
DA:28,0
DA:29,0
DA:30,0
DA:31,0
DA:32,0
DA:34,0
DA:35,0
DA:37,0
DA:41,0
DA:44,0
DA:60,0
DA:63,0
DA:64,0
DA:65,0
DA:66,0
DA:67,0
DA:68,0
DA:71,0
DA:72,0
DA:73,0
DA:74,0
DA:75,0
DA:76,0
DA:79,0
DA:80,0
DA:81,0
DA:85,0
DA:89,0
DA:90,0
DA:92,0
DA:93,0
DA:94,0
DA:97,0
DA:98,0
DA:99,0
DA:101,0
DA:102,0
DA:103,0
DA:104,0
DA:106,0
DA:107,0
DA:110,0
DA:111,0
DA:113,0
DA:115,0
DA:116,0
DA:118,0
DA:119,0
DA:121,0
DA:122,0
DA:124,0
DA:128,0
DA:129,0
DA:130,0
DA:135,0
DA:140,0
DA:189,0
DA:204,0
DA:220,0
DA:237,0
DA:250,0
DA:272,0
DA:287,0
DA:288,0
DA:303,0
DA:310,0
DA:312,0
LF:77
LH:1
BRDA:64,0,0,0
BRDA:64,0,1,0
BRDA:65,1,0,0
BRDA:65,1,1,0
BRDA:66,2,0,0
BRDA:66,2,1,0
BRDA:67,3,0,0
BRDA:67,3,1,0
BRDA:72,4,0,0
BRDA:72,4,1,0
BRDA:73,5,0,0
BRDA:73,5,1,0
BRDA:74,6,0,0
BRDA:74,6,1,0
BRDA:75,7,0,0
BRDA:75,7,1,0
BRDA:80,8,0,0
BRDA:80,8,1,0
BRDA:80,9,0,0
BRDA:80,9,1,0
BRDA:92,10,0,0
BRDA:92,10,1,0
BRDA:106,11,0,0
BRDA:106,11,1,0
BRDA:115,12,0,0
BRDA:115,12,1,0
BRDA:121,13,0,0
BRDA:121,13,1,0
BRDA:128,14,0,0
BRDA:132,15,0,0
BRDA:132,15,1,0
BRDA:134,16,0,0
BRDA:134,16,1,0
BRDA:134,16,2,0
BRDA:150,17,0,0
BRDA:150,17,1,0
BRDA:160,18,0,0
BRDA:160,18,1,0
BRDA:168,19,0,0
BRDA:168,19,1,0
BRDA:185,20,0,0
BRDA:185,20,1,0
BRDA:203,21,0,0
BRDA:203,21,1,0
BRDA:204,22,0,0
BRDA:204,22,1,0
BRDA:214,23,0,0
BRDA:214,23,1,0
BRDA:288,24,0,0
BRDA:288,24,1,0
BRDA:288,24,2,0
BRDA:337,25,0,0
BRDA:337,25,1,0
BRDA:339,26,0,0
BRDA:339,26,1,0
BRF:55
BRH:0
end_of_record
TN:
SF:src\components\Uploader.js
FN:5,(anonymous_0)
FN:8,(anonymous_1)
FN:18,(anonymous_2)
FN:27,(anonymous_3)
FNF:4
FNH:0
FNDA:0,(anonymous_0)
FNDA:0,(anonymous_1)
FNDA:0,(anonymous_2)
FNDA:0,(anonymous_3)
DA:5,0
DA:6,0
DA:8,0
DA:9,0
DA:10,0
DA:12,0
DA:15,0
DA:18,0
DA:27,0
LF:9
LH:0
BRDA:9,0,0,0
BRDA:9,0,1,0
BRDA:25,1,0,0
BRDA:25,1,1,0
BRF:4
BRH:0
end_of_record
TN:
SF:src\context\AuthContext.js
FN:6,AuthProvider
FN:10,(anonymous_1)
FN:15,(anonymous_2)
FN:19,(anonymous_3)
FN:33,(anonymous_4)
FNF:5
FNH:0
FNDA:0,AuthProvider
FNDA:0,(anonymous_1)
FNDA:0,(anonymous_2)
FNDA:0,(anonymous_3)
FNDA:0,(anonymous_4)
DA:4,0
DA:7,0
DA:8,0
DA:10,0
DA:11,0
DA:12,0
DA:15,0
DA:19,0
DA:20,0
DA:21,0
DA:22,0
DA:23,0
DA:26,0
DA:33,0
LF:14
LH:0
BRDA:12,0,0,0
BRDA:12,0,1,0
BRF:2
BRH:0
end_of_record
TN:
SF:src\services\uploadService.js
FN:6,(anonymous_0)
FN:15,(anonymous_1)
FN:30,(anonymous_2)
FNF:3
FNH:0
FNDA:0,(anonymous_0)
FNDA:0,(anonymous_1)
FNDA:0,(anonymous_2)
DA:6,1
DA:7,0
DA:8,0
DA:10,0
DA:17,0
DA:18,0
DA:21,0
DA:22,0
DA:24,0
DA:25,0
DA:26,0
DA:30,1
DA:31,0
DA:32,0
DA:34,0
DA:40,0
DA:42,0
LF:17
LH:2
BRDA:24,0,0,0
BRDA:24,0,1,0
BRDA:25,1,0,0
BRDA:25,1,1,0
BRF:4
BRH:0
end_of_record
